12-Jul-2024 00:00:35.883 INFO [Catalina-utility-1] org.apache.catalina.startup.HostConfig.undeploy Repliegue (undeploy) de la aplicación web que tiene como trayectoria de contexto [/TomcatServer]
12-Jul-2024 00:00:55.963 INFO [Catalina-utility-2] org.apache.catalina.startup.HostConfig.deployWAR Despliegue del archivo [C:\Users\felip\OneDrive\Escritorio\PracticasCurso\Assigment 3 -Servidores\Tomcat_server\apache-tomcat-9.0.89\webapps\TomcatServer.war] de la aplicación web
12-Jul-2024 00:00:56.093 SEVERE [Catalina-utility-2] org.apache.catalina.startup.HostConfig.deployWAR Error durante el despliegue del archivo [C:\Users\felip\OneDrive\Escritorio\PracticasCurso\Assigment 3 -Servidores\Tomcat_server\apache-tomcat-9.0.89\webapps\TomcatServer.war] de la aplicación web
	java.lang.IllegalStateException: Error starting child
		at org.apache.catalina.core.ContainerBase.addChildInternal(ContainerBase.java:602)
		at org.apache.catalina.core.ContainerBase.addChild(ContainerBase.java:571)
		at org.apache.catalina.core.StandardHost.addChild(StandardHost.java:603)
		at org.apache.catalina.startup.HostConfig.deployWAR(HostConfig.java:1014)
		at org.apache.catalina.startup.HostConfig$DeployWar.run(HostConfig.java:1866)
		at java.base/java.util.concurrent.Executors$RunnableAdapter.call(Executors.java:539)
		at java.base/java.util.concurrent.FutureTask.run(FutureTask.java:264)
		at org.apache.tomcat.util.threads.InlineExecutorService.execute(InlineExecutorService.java:75)
		at java.base/java.util.concurrent.AbstractExecutorService.submit(AbstractExecutorService.java:123)
		at org.apache.catalina.startup.HostConfig.deployWARs(HostConfig.java:816)
		at org.apache.catalina.startup.HostConfig.deployApps(HostConfig.java:468)
		at org.apache.catalina.startup.HostConfig.check(HostConfig.java:1633)
		at org.apache.catalina.startup.HostConfig.lifecycleEvent(HostConfig.java:308)
		at org.apache.catalina.util.LifecycleBase.fireLifecycleEvent(LifecycleBase.java:114)
		at org.apache.catalina.core.ContainerBase.backgroundProcess(ContainerBase.java:973)
		at org.apache.catalina.core.ContainerBase$ContainerBackgroundProcessor.processChildren(ContainerBase.java:1172)
		at org.apache.catalina.core.ContainerBase$ContainerBackgroundProcessor.processChildren(ContainerBase.java:1176)
		at org.apache.catalina.core.ContainerBase$ContainerBackgroundProcessor.run(ContainerBase.java:1154)
		at java.base/java.util.concurrent.Executors$RunnableAdapter.call(Executors.java:539)
		at java.base/java.util.concurrent.FutureTask.runAndReset(FutureTask.java:305)
		at java.base/java.util.concurrent.ScheduledThreadPoolExecutor$ScheduledFutureTask.run(ScheduledThreadPoolExecutor.java:305)
		at java.base/java.util.concurrent.ThreadPoolExecutor.runWorker(ThreadPoolExecutor.java:1136)
		at java.base/java.util.concurrent.ThreadPoolExecutor$Worker.run(ThreadPoolExecutor.java:635)
		at org.apache.tomcat.util.threads.TaskThread$WrappingRunnable.run(TaskThread.java:63)
		at java.base/java.lang.Thread.run(Thread.java:842)
	Caused by: org.apache.catalina.LifecycleException: Failed to start component [StandardEngine[Catalina].StandardHost[localhost].StandardContext[/TomcatServer]]
		at org.apache.catalina.util.LifecycleBase.handleSubClassException(LifecycleBase.java:419)
		at org.apache.catalina.util.LifecycleBase.start(LifecycleBase.java:186)
		at org.apache.catalina.core.ContainerBase.addChildInternal(ContainerBase.java:599)
		... 24 more
	Caused by: java.lang.IllegalArgumentException: Los servlets llamados [DeleteProductServlet] y [com.example.DeleteProductServlet] estan ambos mapeados al patrón de URL [/DeleteProductServlet] el cual no esta permitido
		at org.apache.tomcat.util.descriptor.web.WebXml.addServletMappingDecoded(WebXml.java:354)
		at org.apache.tomcat.util.descriptor.web.WebXml.addServletMapping(WebXml.java:347)
		at org.apache.catalina.startup.ContextConfig.processAnnotationWebServlet(ContextConfig.java:2547)
		at org.apache.catalina.startup.ContextConfig.processClass(ContextConfig.java:2252)
		at org.apache.catalina.startup.ContextConfig.processAnnotationsStream(ContextConfig.java:2241)
		at org.apache.catalina.startup.ContextConfig.processAnnotationsWebResource(ContextConfig.java:2151)
		at org.apache.catalina.startup.ContextConfig.processAnnotationsWebResource(ContextConfig.java:2146)
		at org.apache.catalina.startup.ContextConfig.processAnnotationsWebResource(ContextConfig.java:2146)
		at org.apache.catalina.startup.ContextConfig.processClasses(ContextConfig.java:1351)
		at org.apache.catalina.startup.ContextConfig.webConfig(ContextConfig.java:1261)
		at org.apache.catalina.startup.ContextConfig.configureStart(ContextConfig.java:961)
		at org.apache.catalina.startup.ContextConfig.lifecycleEvent(ContextConfig.java:290)
		at org.apache.catalina.util.LifecycleBase.fireLifecycleEvent(LifecycleBase.java:114)
		at org.apache.catalina.core.StandardContext.startInternal(StandardContext.java:4354)
		at org.apache.catalina.util.LifecycleBase.start(LifecycleBase.java:171)
		... 25 more
12-Jul-2024 00:00:56.096 INFO [Catalina-utility-2] org.apache.catalina.startup.HostConfig.deployWAR Deployment of web application archive [C:\Users\felip\OneDrive\Escritorio\PracticasCurso\Assigment 3 -Servidores\Tomcat_server\apache-tomcat-9.0.89\webapps\TomcatServer.war] has finished in [133] ms
12-Jul-2024 00:01:46.231 INFO [Catalina-utility-1] org.apache.catalina.startup.HostConfig.undeploy Repliegue (undeploy) de la aplicación web que tiene como trayectoria de contexto [/TomcatServer]
12-Jul-2024 00:02:06.309 INFO [Catalina-utility-1] org.apache.catalina.startup.HostConfig.deployWAR Despliegue del archivo [C:\Users\felip\OneDrive\Escritorio\PracticasCurso\Assigment 3 -Servidores\Tomcat_server\apache-tomcat-9.0.89\webapps\TomcatServer.war] de la aplicación web
12-Jul-2024 00:02:07.742 INFO [Catalina-utility-1] org.apache.jasper.servlet.TldScanner.scanJars Al menos un JAR, que se ha explorado buscando TLDs, aún no contenía TLDs. Activar historial de depuración para este historiador para una completa lista de los JARs que fueron explorados y de los que nos se halló TLDs. Saltarse JARs no necesarios durante la exploración puede dar lugar a una mejora de tiempo significativa en el arranque y compilación de JSP .
12-Jul-2024 00:02:07.742 INFO [Catalina-utility-1] org.apache.catalina.startup.HostConfig.deployWAR Deployment of web application archive [C:\Users\felip\OneDrive\Escritorio\PracticasCurso\Assigment 3 -Servidores\Tomcat_server\apache-tomcat-9.0.89\webapps\TomcatServer.war] has finished in [1.433] ms
12-Jul-2024 00:04:18.498 INFO [Catalina-utility-2] org.apache.catalina.startup.HostConfig.undeploy Repliegue (undeploy) de la aplicación web que tiene como trayectoria de contexto [/TomcatServer]
12-Jul-2024 00:04:38.586 INFO [Catalina-utility-1] org.apache.catalina.startup.HostConfig.deployWAR Despliegue del archivo [C:\Users\felip\OneDrive\Escritorio\PracticasCurso\Assigment 3 -Servidores\Tomcat_server\apache-tomcat-9.0.89\webapps\TomcatServer.war] de la aplicación web
12-Jul-2024 00:04:39.801 INFO [Catalina-utility-1] org.apache.jasper.servlet.TldScanner.scanJars Al menos un JAR, que se ha explorado buscando TLDs, aún no contenía TLDs. Activar historial de depuración para este historiador para una completa lista de los JARs que fueron explorados y de los que nos se halló TLDs. Saltarse JARs no necesarios durante la exploración puede dar lugar a una mejora de tiempo significativa en el arranque y compilación de JSP .
12-Jul-2024 00:04:39.809 INFO [Catalina-utility-1] org.apache.catalina.startup.HostConfig.deployWAR Deployment of web application archive [C:\Users\felip\OneDrive\Escritorio\PracticasCurso\Assigment 3 -Servidores\Tomcat_server\apache-tomcat-9.0.89\webapps\TomcatServer.war] has finished in [1.223] ms
12-Jul-2024 00:19:51.604 INFO [Catalina-utility-1] org.apache.catalina.startup.HostConfig.undeploy Repliegue (undeploy) de la aplicación web que tiene como trayectoria de contexto [/TomcatServer]
12-Jul-2024 00:20:11.774 INFO [Catalina-utility-2] org.apache.catalina.startup.HostConfig.deployWAR Despliegue del archivo [C:\Users\felip\OneDrive\Escritorio\PracticasCurso\Assigment 3 -Servidores\Tomcat_server\apache-tomcat-9.0.89\webapps\TomcatServer.war] de la aplicación web
12-Jul-2024 00:20:13.084 INFO [Catalina-utility-2] org.apache.jasper.servlet.TldScanner.scanJars Al menos un JAR, que se ha explorado buscando TLDs, aún no contenía TLDs. Activar historial de depuración para este historiador para una completa lista de los JARs que fueron explorados y de los que nos se halló TLDs. Saltarse JARs no necesarios durante la exploración puede dar lugar a una mejora de tiempo significativa en el arranque y compilación de JSP .
12-Jul-2024 00:20:13.093 INFO [Catalina-utility-2] org.apache.catalina.startup.HostConfig.deployWAR Deployment of web application archive [C:\Users\felip\OneDrive\Escritorio\PracticasCurso\Assigment 3 -Servidores\Tomcat_server\apache-tomcat-9.0.89\webapps\TomcatServer.war] has finished in [1.317] ms
12-Jul-2024 00:25:33.990 INFO [Catalina-utility-2] org.apache.catalina.startup.HostConfig.undeploy Repliegue (undeploy) de la aplicación web que tiene como trayectoria de contexto [/TomcatServer]
12-Jul-2024 00:25:44.071 INFO [Catalina-utility-2] org.apache.catalina.startup.HostConfig.deployWAR Despliegue del archivo [C:\Users\felip\OneDrive\Escritorio\PracticasCurso\Assigment 3 -Servidores\Tomcat_server\apache-tomcat-9.0.89\webapps\TomcatServer.war] de la aplicación web
12-Jul-2024 00:25:45.582 INFO [Catalina-utility-2] org.apache.jasper.servlet.TldScanner.scanJars Al menos un JAR, que se ha explorado buscando TLDs, aún no contenía TLDs. Activar historial de depuración para este historiador para una completa lista de los JARs que fueron explorados y de los que nos se halló TLDs. Saltarse JARs no necesarios durante la exploración puede dar lugar a una mejora de tiempo significativa en el arranque y compilación de JSP .
12-Jul-2024 00:25:45.592 INFO [Catalina-utility-2] org.apache.catalina.startup.HostConfig.deployWAR Deployment of web application archive [C:\Users\felip\OneDrive\Escritorio\PracticasCurso\Assigment 3 -Servidores\Tomcat_server\apache-tomcat-9.0.89\webapps\TomcatServer.war] has finished in [1.521] ms
12-Jul-2024 00:30:57.254 INFO [Catalina-utility-2] org.apache.catalina.startup.HostConfig.undeploy Repliegue (undeploy) de la aplicación web que tiene como trayectoria de contexto [/TomcatServer]
12-Jul-2024 00:31:17.428 INFO [Catalina-utility-1] org.apache.catalina.startup.HostConfig.deployWAR Despliegue del archivo [C:\Users\felip\OneDrive\Escritorio\PracticasCurso\Assigment 3 -Servidores\Tomcat_server\apache-tomcat-9.0.89\webapps\TomcatServer.war] de la aplicación web
12-Jul-2024 00:31:18.440 INFO [Catalina-utility-1] org.apache.jasper.servlet.TldScanner.scanJars Al menos un JAR, que se ha explorado buscando TLDs, aún no contenía TLDs. Activar historial de depuración para este historiador para una completa lista de los JARs que fueron explorados y de los que nos se halló TLDs. Saltarse JARs no necesarios durante la exploración puede dar lugar a una mejora de tiempo significativa en el arranque y compilación de JSP .
12-Jul-2024 00:31:18.452 INFO [Catalina-utility-1] org.apache.catalina.startup.HostConfig.deployWAR Deployment of web application archive [C:\Users\felip\OneDrive\Escritorio\PracticasCurso\Assigment 3 -Servidores\Tomcat_server\apache-tomcat-9.0.89\webapps\TomcatServer.war] has finished in [1.024] ms
12-Jul-2024 00:48:53.038 INFO [Catalina-utility-2] org.apache.catalina.startup.HostConfig.undeploy Repliegue (undeploy) de la aplicación web que tiene como trayectoria de contexto [/TomcatServer]
12-Jul-2024 00:49:13.182 INFO [Catalina-utility-1] org.apache.catalina.startup.HostConfig.deployWAR Despliegue del archivo [C:\Users\felip\OneDrive\Escritorio\PracticasCurso\Assigment 3 -Servidores\Tomcat_server\apache-tomcat-9.0.89\webapps\TomcatServer.war] de la aplicación web
12-Jul-2024 00:49:14.720 INFO [Catalina-utility-1] org.apache.jasper.servlet.TldScanner.scanJars Al menos un JAR, que se ha explorado buscando TLDs, aún no contenía TLDs. Activar historial de depuración para este historiador para una completa lista de los JARs que fueron explorados y de los que nos se halló TLDs. Saltarse JARs no necesarios durante la exploración puede dar lugar a una mejora de tiempo significativa en el arranque y compilación de JSP .
12-Jul-2024 00:49:14.730 INFO [Catalina-utility-1] org.apache.catalina.startup.HostConfig.deployWAR Deployment of web application archive [C:\Users\felip\OneDrive\Escritorio\PracticasCurso\Assigment 3 -Servidores\Tomcat_server\apache-tomcat-9.0.89\webapps\TomcatServer.war] has finished in [1.548] ms
12-Jul-2024 00:51:25.575 INFO [Catalina-utility-2] org.apache.catalina.startup.HostConfig.undeploy Repliegue (undeploy) de la aplicación web que tiene como trayectoria de contexto [/TomcatServer]
12-Jul-2024 00:51:35.715 INFO [Catalina-utility-2] org.apache.catalina.startup.HostConfig.deployWAR Despliegue del archivo [C:\Users\felip\OneDrive\Escritorio\PracticasCurso\Assigment 3 -Servidores\Tomcat_server\apache-tomcat-9.0.89\webapps\TomcatServer.war] de la aplicación web
12-Jul-2024 00:51:37.272 INFO [Catalina-utility-2] org.apache.jasper.servlet.TldScanner.scanJars Al menos un JAR, que se ha explorado buscando TLDs, aún no contenía TLDs. Activar historial de depuración para este historiador para una completa lista de los JARs que fueron explorados y de los que nos se halló TLDs. Saltarse JARs no necesarios durante la exploración puede dar lugar a una mejora de tiempo significativa en el arranque y compilación de JSP .
12-Jul-2024 00:51:37.272 INFO [Catalina-utility-2] org.apache.catalina.startup.HostConfig.deployWAR Deployment of web application archive [C:\Users\felip\OneDrive\Escritorio\PracticasCurso\Assigment 3 -Servidores\Tomcat_server\apache-tomcat-9.0.89\webapps\TomcatServer.war] has finished in [1.557] ms
12-Jul-2024 00:59:08.534 INFO [Catalina-utility-1] org.apache.catalina.startup.HostConfig.undeploy Repliegue (undeploy) de la aplicación web que tiene como trayectoria de contexto [/TomcatServer]
12-Jul-2024 00:59:18.590 INFO [Catalina-utility-1] org.apache.catalina.startup.HostConfig.deployWAR Despliegue del archivo [C:\Users\felip\OneDrive\Escritorio\PracticasCurso\Assigment 3 -Servidores\Tomcat_server\apache-tomcat-9.0.89\webapps\TomcatServer.war] de la aplicación web
12-Jul-2024 00:59:19.843 INFO [Catalina-utility-1] org.apache.jasper.servlet.TldScanner.scanJars Al menos un JAR, que se ha explorado buscando TLDs, aún no contenía TLDs. Activar historial de depuración para este historiador para una completa lista de los JARs que fueron explorados y de los que nos se halló TLDs. Saltarse JARs no necesarios durante la exploración puede dar lugar a una mejora de tiempo significativa en el arranque y compilación de JSP .
12-Jul-2024 00:59:19.851 INFO [Catalina-utility-1] org.apache.catalina.startup.HostConfig.deployWAR Deployment of web application archive [C:\Users\felip\OneDrive\Escritorio\PracticasCurso\Assigment 3 -Servidores\Tomcat_server\apache-tomcat-9.0.89\webapps\TomcatServer.war] has finished in [1.261] ms
12-Jul-2024 01:04:50.881 INFO [Catalina-utility-1] org.apache.catalina.startup.HostConfig.undeploy Repliegue (undeploy) de la aplicación web que tiene como trayectoria de contexto [/TomcatServer]
12-Jul-2024 01:05:11.073 INFO [Catalina-utility-1] org.apache.catalina.startup.HostConfig.deployWAR Despliegue del archivo [C:\Users\felip\OneDrive\Escritorio\PracticasCurso\Assigment 3 -Servidores\Tomcat_server\apache-tomcat-9.0.89\webapps\TomcatServer.war] de la aplicación web
12-Jul-2024 01:05:12.145 INFO [Catalina-utility-1] org.apache.jasper.servlet.TldScanner.scanJars Al menos un JAR, que se ha explorado buscando TLDs, aún no contenía TLDs. Activar historial de depuración para este historiador para una completa lista de los JARs que fueron explorados y de los que nos se halló TLDs. Saltarse JARs no necesarios durante la exploración puede dar lugar a una mejora de tiempo significativa en el arranque y compilación de JSP .
12-Jul-2024 01:05:12.161 INFO [Catalina-utility-1] org.apache.catalina.startup.HostConfig.deployWAR Deployment of web application archive [C:\Users\felip\OneDrive\Escritorio\PracticasCurso\Assigment 3 -Servidores\Tomcat_server\apache-tomcat-9.0.89\webapps\TomcatServer.war] has finished in [1.087] ms
12-Jul-2024 01:09:22.580 INFO [Catalina-utility-1] org.apache.catalina.startup.HostConfig.undeploy Repliegue (undeploy) de la aplicación web que tiene como trayectoria de contexto [/TomcatServer]
12-Jul-2024 01:09:32.635 INFO [Catalina-utility-1] org.apache.catalina.startup.HostConfig.deployWAR Despliegue del archivo [C:\Users\felip\OneDrive\Escritorio\PracticasCurso\Assigment 3 -Servidores\Tomcat_server\apache-tomcat-9.0.89\webapps\TomcatServer.war] de la aplicación web
12-Jul-2024 01:09:33.842 INFO [Catalina-utility-1] org.apache.jasper.servlet.TldScanner.scanJars Al menos un JAR, que se ha explorado buscando TLDs, aún no contenía TLDs. Activar historial de depuración para este historiador para una completa lista de los JARs que fueron explorados y de los que nos se halló TLDs. Saltarse JARs no necesarios durante la exploración puede dar lugar a una mejora de tiempo significativa en el arranque y compilación de JSP .
12-Jul-2024 01:09:33.858 INFO [Catalina-utility-1] org.apache.catalina.startup.HostConfig.deployWAR Deployment of web application archive [C:\Users\felip\OneDrive\Escritorio\PracticasCurso\Assigment 3 -Servidores\Tomcat_server\apache-tomcat-9.0.89\webapps\TomcatServer.war] has finished in [1.223] ms
12-Jul-2024 01:10:23.983 INFO [Catalina-utility-1] org.apache.catalina.startup.HostConfig.undeploy Repliegue (undeploy) de la aplicación web que tiene como trayectoria de contexto [/TomcatServer]
12-Jul-2024 01:10:54.477 INFO [Catalina-utility-2] org.apache.catalina.startup.HostConfig.deployWAR Despliegue del archivo [C:\Users\felip\OneDrive\Escritorio\PracticasCurso\Assigment 3 -Servidores\Tomcat_server\apache-tomcat-9.0.89\webapps\TomcatServer.war] de la aplicación web
12-Jul-2024 01:10:55.591 INFO [Catalina-utility-2] org.apache.jasper.servlet.TldScanner.scanJars Al menos un JAR, que se ha explorado buscando TLDs, aún no contenía TLDs. Activar historial de depuración para este historiador para una completa lista de los JARs que fueron explorados y de los que nos se halló TLDs. Saltarse JARs no necesarios durante la exploración puede dar lugar a una mejora de tiempo significativa en el arranque y compilación de JSP .
12-Jul-2024 01:10:55.633 INFO [Catalina-utility-2] org.apache.catalina.startup.HostConfig.deployWAR Deployment of web application archive [C:\Users\felip\OneDrive\Escritorio\PracticasCurso\Assigment 3 -Servidores\Tomcat_server\apache-tomcat-9.0.89\webapps\TomcatServer.war] has finished in [1.156] ms
12-Jul-2024 01:24:07.634 INFO [Catalina-utility-1] org.apache.catalina.startup.HostConfig.undeploy Repliegue (undeploy) de la aplicación web que tiene como trayectoria de contexto [/TomcatServer]
12-Jul-2024 01:24:28.134 INFO [Catalina-utility-1] org.apache.catalina.startup.HostConfig.deployWAR Despliegue del archivo [C:\Users\felip\OneDrive\Escritorio\PracticasCurso\Assigment 3 -Servidores\Tomcat_server\apache-tomcat-9.0.89\webapps\TomcatServer.war] de la aplicación web
12-Jul-2024 01:24:30.198 INFO [Catalina-utility-1] org.apache.jasper.servlet.TldScanner.scanJars Al menos un JAR, que se ha explorado buscando TLDs, aún no contenía TLDs. Activar historial de depuración para este historiador para una completa lista de los JARs que fueron explorados y de los que nos se halló TLDs. Saltarse JARs no necesarios durante la exploración puede dar lugar a una mejora de tiempo significativa en el arranque y compilación de JSP .
12-Jul-2024 01:24:30.287 INFO [Catalina-utility-1] org.apache.catalina.startup.HostConfig.deployWAR Deployment of web application archive [C:\Users\felip\OneDrive\Escritorio\PracticasCurso\Assigment 3 -Servidores\Tomcat_server\apache-tomcat-9.0.89\webapps\TomcatServer.war] has finished in [2.153] ms
12-Jul-2024 01:25:50.583 INFO [Catalina-utility-2] org.apache.catalina.startup.HostConfig.undeploy Repliegue (undeploy) de la aplicación web que tiene como trayectoria de contexto [/TomcatServer]
12-Jul-2024 01:26:00.643 INFO [Catalina-utility-2] org.apache.catalina.startup.HostConfig.deployWAR Despliegue del archivo [C:\Users\felip\OneDrive\Escritorio\PracticasCurso\Assigment 3 -Servidores\Tomcat_server\apache-tomcat-9.0.89\webapps\TomcatServer.war] de la aplicación web
12-Jul-2024 01:26:01.872 INFO [Catalina-utility-2] org.apache.jasper.servlet.TldScanner.scanJars Al menos un JAR, que se ha explorado buscando TLDs, aún no contenía TLDs. Activar historial de depuración para este historiador para una completa lista de los JARs que fueron explorados y de los que nos se halló TLDs. Saltarse JARs no necesarios durante la exploración puede dar lugar a una mejora de tiempo significativa en el arranque y compilación de JSP .
12-Jul-2024 01:26:01.887 INFO [Catalina-utility-2] org.apache.catalina.startup.HostConfig.deployWAR Deployment of web application archive [C:\Users\felip\OneDrive\Escritorio\PracticasCurso\Assigment 3 -Servidores\Tomcat_server\apache-tomcat-9.0.89\webapps\TomcatServer.war] has finished in [1.244] ms
12-Jul-2024 01:31:43.569 INFO [Catalina-utility-2] org.apache.catalina.startup.HostConfig.undeploy Repliegue (undeploy) de la aplicación web que tiene como trayectoria de contexto [/TomcatServer]
12-Jul-2024 01:32:03.660 INFO [Catalina-utility-1] org.apache.catalina.startup.HostConfig.deployWAR Despliegue del archivo [C:\Users\felip\OneDrive\Escritorio\PracticasCurso\Assigment 3 -Servidores\Tomcat_server\apache-tomcat-9.0.89\webapps\TomcatServer.war] de la aplicación web
12-Jul-2024 01:32:04.852 INFO [Catalina-utility-1] org.apache.jasper.servlet.TldScanner.scanJars Al menos un JAR, que se ha explorado buscando TLDs, aún no contenía TLDs. Activar historial de depuración para este historiador para una completa lista de los JARs que fueron explorados y de los que nos se halló TLDs. Saltarse JARs no necesarios durante la exploración puede dar lugar a una mejora de tiempo significativa en el arranque y compilación de JSP .
12-Jul-2024 01:32:04.867 INFO [Catalina-utility-1] org.apache.catalina.startup.HostConfig.deployWAR Deployment of web application archive [C:\Users\felip\OneDrive\Escritorio\PracticasCurso\Assigment 3 -Servidores\Tomcat_server\apache-tomcat-9.0.89\webapps\TomcatServer.war] has finished in [1.207] ms
12-Jul-2024 01:34:05.398 INFO [Catalina-utility-1] org.apache.catalina.startup.HostConfig.undeploy Repliegue (undeploy) de la aplicación web que tiene como trayectoria de contexto [/TomcatServer]
12-Jul-2024 01:34:25.970 INFO [Catalina-utility-2] org.apache.catalina.startup.HostConfig.deployWAR Despliegue del archivo [C:\Users\felip\OneDrive\Escritorio\PracticasCurso\Assigment 3 -Servidores\Tomcat_server\apache-tomcat-9.0.89\webapps\TomcatServer.war] de la aplicación web
12-Jul-2024 01:34:32.052 INFO [Catalina-utility-2] org.apache.jasper.servlet.TldScanner.scanJars Al menos un JAR, que se ha explorado buscando TLDs, aún no contenía TLDs. Activar historial de depuración para este historiador para una completa lista de los JARs que fueron explorados y de los que nos se halló TLDs. Saltarse JARs no necesarios durante la exploración puede dar lugar a una mejora de tiempo significativa en el arranque y compilación de JSP .
12-Jul-2024 01:34:32.066 INFO [Catalina-utility-2] org.apache.catalina.startup.HostConfig.deployWAR Deployment of web application archive [C:\Users\felip\OneDrive\Escritorio\PracticasCurso\Assigment 3 -Servidores\Tomcat_server\apache-tomcat-9.0.89\webapps\TomcatServer.war] has finished in [6.096] ms
12-Jul-2024 01:35:32.133 INFO [Catalina-utility-1] org.apache.catalina.startup.HostConfig.undeploy Repliegue (undeploy) de la aplicación web que tiene como trayectoria de contexto [/TomcatServer]
12-Jul-2024 01:35:52.209 INFO [Catalina-utility-2] org.apache.catalina.startup.HostConfig.deployWAR Despliegue del archivo [C:\Users\felip\OneDrive\Escritorio\PracticasCurso\Assigment 3 -Servidores\Tomcat_server\apache-tomcat-9.0.89\webapps\TomcatServer.war] de la aplicación web
12-Jul-2024 01:35:54.116 INFO [Catalina-utility-2] org.apache.jasper.servlet.TldScanner.scanJars Al menos un JAR, que se ha explorado buscando TLDs, aún no contenía TLDs. Activar historial de depuración para este historiador para una completa lista de los JARs que fueron explorados y de los que nos se halló TLDs. Saltarse JARs no necesarios durante la exploración puede dar lugar a una mejora de tiempo significativa en el arranque y compilación de JSP .
12-Jul-2024 01:35:54.128 INFO [Catalina-utility-2] org.apache.catalina.startup.HostConfig.deployWAR Deployment of web application archive [C:\Users\felip\OneDrive\Escritorio\PracticasCurso\Assigment 3 -Servidores\Tomcat_server\apache-tomcat-9.0.89\webapps\TomcatServer.war] has finished in [1.918] ms
12-Jul-2024 01:36:54.460 INFO [Catalina-utility-1] org.apache.catalina.startup.HostConfig.undeploy Repliegue (undeploy) de la aplicación web que tiene como trayectoria de contexto [/TomcatServer]
12-Jul-2024 01:37:14.637 INFO [Catalina-utility-2] org.apache.catalina.startup.HostConfig.deployWAR Despliegue del archivo [C:\Users\felip\OneDrive\Escritorio\PracticasCurso\Assigment 3 -Servidores\Tomcat_server\apache-tomcat-9.0.89\webapps\TomcatServer.war] de la aplicación web
12-Jul-2024 01:37:15.835 INFO [Catalina-utility-2] org.apache.jasper.servlet.TldScanner.scanJars Al menos un JAR, que se ha explorado buscando TLDs, aún no contenía TLDs. Activar historial de depuración para este historiador para una completa lista de los JARs que fueron explorados y de los que nos se halló TLDs. Saltarse JARs no necesarios durante la exploración puede dar lugar a una mejora de tiempo significativa en el arranque y compilación de JSP .
12-Jul-2024 01:37:15.854 INFO [Catalina-utility-2] org.apache.catalina.startup.HostConfig.deployWAR Deployment of web application archive [C:\Users\felip\OneDrive\Escritorio\PracticasCurso\Assigment 3 -Servidores\Tomcat_server\apache-tomcat-9.0.89\webapps\TomcatServer.war] has finished in [1.217] ms
12-Jul-2024 20:36:21.670 INFO [main] org.apache.catalina.startup.VersionLoggerListener.log Nombre de la versión del servidor: Apache Tomcat/9.0.89
12-Jul-2024 20:36:21.686 INFO [main] org.apache.catalina.startup.VersionLoggerListener.log Server built:                      May 3 2024 20:22:11 UTC
12-Jul-2024 20:36:21.686 INFO [main] org.apache.catalina.startup.VersionLoggerListener.log Número de versión de servidor:     9.0.89.0
12-Jul-2024 20:36:21.686 INFO [main] org.apache.catalina.startup.VersionLoggerListener.log OS Name:                           Windows 10
12-Jul-2024 20:36:21.686 INFO [main] org.apache.catalina.startup.VersionLoggerListener.log Versión de Systema Operativo:      10.0
12-Jul-2024 20:36:21.686 INFO [main] org.apache.catalina.startup.VersionLoggerListener.log Arquitectura:                      amd64
12-Jul-2024 20:36:21.686 INFO [main] org.apache.catalina.startup.VersionLoggerListener.log Java Home:                         C:\Program Files\Java\jdk-17
12-Jul-2024 20:36:21.686 INFO [main] org.apache.catalina.startup.VersionLoggerListener.log JVM Version:                       17.0.10+11-LTS-240
12-Jul-2024 20:36:21.686 INFO [main] org.apache.catalina.startup.VersionLoggerListener.log Vededor JVM:                       Oracle Corporation
12-Jul-2024 20:36:21.686 INFO [main] org.apache.catalina.startup.VersionLoggerListener.log CATALINA_BASE:                     C:\Users\felip\OneDrive\Escritorio\PracticasCurso\Assigment 3 -Servidores\Tomcat_server\apache-tomcat-9.0.89
12-Jul-2024 20:36:21.686 INFO [main] org.apache.catalina.startup.VersionLoggerListener.log CATALINA_HOME:                     C:\Users\felip\OneDrive\Escritorio\PracticasCurso\Assigment 3 -Servidores\Tomcat_server\apache-tomcat-9.0.89
12-Jul-2024 20:36:21.701 INFO [main] org.apache.catalina.startup.VersionLoggerListener.log Command line argument:             --add-opens=java.base/java.lang=ALL-UNNAMED
12-Jul-2024 20:36:21.701 INFO [main] org.apache.catalina.startup.VersionLoggerListener.log Command line argument:             --add-opens=java.base/java.io=ALL-UNNAMED
12-Jul-2024 20:36:21.701 INFO [main] org.apache.catalina.startup.VersionLoggerListener.log Command line argument:             --add-opens=java.base/java.util=ALL-UNNAMED
12-Jul-2024 20:36:21.701 INFO [main] org.apache.catalina.startup.VersionLoggerListener.log Command line argument:             --add-opens=java.base/java.util.concurrent=ALL-UNNAMED
12-Jul-2024 20:36:21.701 INFO [main] org.apache.catalina.startup.VersionLoggerListener.log Command line argument:             --add-opens=java.rmi/sun.rmi.transport=ALL-UNNAMED
12-Jul-2024 20:36:21.701 INFO [main] org.apache.catalina.startup.VersionLoggerListener.log Command line argument:             -Djava.util.logging.config.file=C:\Users\felip\OneDrive\Escritorio\PracticasCurso\Assigment 3 -Servidores\Tomcat_server\apache-tomcat-9.0.89\conf\logging.properties
12-Jul-2024 20:36:21.717 INFO [main] org.apache.catalina.startup.VersionLoggerListener.log Command line argument:             -Djava.util.logging.manager=org.apache.juli.ClassLoaderLogManager
12-Jul-2024 20:36:21.717 INFO [main] org.apache.catalina.startup.VersionLoggerListener.log Command line argument:             -Djdk.tls.ephemeralDHKeySize=2048
12-Jul-2024 20:36:21.717 INFO [main] org.apache.catalina.startup.VersionLoggerListener.log Command line argument:             -Djava.protocol.handler.pkgs=org.apache.catalina.webresources
12-Jul-2024 20:36:21.717 INFO [main] org.apache.catalina.startup.VersionLoggerListener.log Command line argument:             -Dignore.endorsed.dirs=
12-Jul-2024 20:36:21.717 INFO [main] org.apache.catalina.startup.VersionLoggerListener.log Command line argument:             -Dcatalina.base=C:\Users\felip\OneDrive\Escritorio\PracticasCurso\Assigment 3 -Servidores\Tomcat_server\apache-tomcat-9.0.89
12-Jul-2024 20:36:21.717 INFO [main] org.apache.catalina.startup.VersionLoggerListener.log Command line argument:             -Dcatalina.home=C:\Users\felip\OneDrive\Escritorio\PracticasCurso\Assigment 3 -Servidores\Tomcat_server\apache-tomcat-9.0.89
12-Jul-2024 20:36:21.717 INFO [main] org.apache.catalina.startup.VersionLoggerListener.log Command line argument:             -Djava.io.tmpdir=C:\Users\felip\OneDrive\Escritorio\PracticasCurso\Assigment 3 -Servidores\Tomcat_server\apache-tomcat-9.0.89\temp
12-Jul-2024 20:36:21.717 INFO [main] org.apache.catalina.core.AprLifecycleListener.lifecycleEvent Cargada la biblioteca nativa APR de Apache Tomcat [1.3.0] con la versión APR [1.7.4].
12-Jul-2024 20:36:21.717 INFO [main] org.apache.catalina.core.AprLifecycleListener.lifecycleEvent Capacidades APR: IPv6 [true], enviar fichero [true], aceptar filtros [false], aleatorio [true], UDS [true].
12-Jul-2024 20:36:21.733 INFO [main] org.apache.catalina.core.AprLifecycleListener.lifecycleEvent APR/OpenSSL configuration: useAprConnector [false], useOpenSSL [true]
12-Jul-2024 20:36:21.748 INFO [main] org.apache.catalina.core.AprLifecycleListener.initializeSSL OpenSSL inicializado correctamente [OpenSSL 3.0.13 30 Jan 2024]
12-Jul-2024 20:36:22.338 INFO [main] org.apache.coyote.AbstractProtocol.init Inicializando el manejador de protocolo ["http-nio-8080"]

12-Jul-2024 20:36:22.422 INFO [main] org.apache.catalina.startup.Catalina.load Server initialization in [1050] milliseconds
12-Jul-2024 20:36:22.522 INFO [main] org.apache.catalina.core.StandardService.startInternal Arrancando servicio [Catalina]
12-Jul-2024 20:36:22.522 INFO [main] org.apache.catalina.core.StandardEngine.startInternal Starting Servlet engine: [Apache Tomcat/9.0.89]
12-Jul-2024 20:36:22.574 INFO [main] org.apache.catalina.startup.HostConfig.deployWAR Despliegue del archivo [C:\Users\felip\OneDrive\Escritorio\PracticasCurso\Assigment 3 -Servidores\Tomcat_server\apache-tomcat-9.0.89\webapps\HelloWorld.war] de la aplicación web
12-Jul-2024 20:36:24.504 INFO [main] org.apache.jasper.servlet.TldScanner.scanJars Al menos un JAR, que se ha explorado buscando TLDs, aún no contenía TLDs. Activar historial de depuración para este historiador para una completa lista de los JARs que fueron explorados y de los que nos se halló TLDs. Saltarse JARs no necesarios durante la exploración puede dar lugar a una mejora de tiempo significativa en el arranque y compilación de JSP .
12-Jul-2024 20:36:24.696 INFO [main] org.apache.catalina.startup.HostConfig.deployWAR Deployment of web application archive [C:\Users\felip\OneDrive\Escritorio\PracticasCurso\Assigment 3 -Servidores\Tomcat_server\apache-tomcat-9.0.89\webapps\HelloWorld.war] has finished in [2.122] ms
12-Jul-2024 20:36:24.712 INFO [main] org.apache.catalina.startup.HostConfig.deployWAR Despliegue del archivo [C:\Users\felip\OneDrive\Escritorio\PracticasCurso\Assigment 3 -Servidores\Tomcat_server\apache-tomcat-9.0.89\webapps\TomcatServer.war] de la aplicación web
12-Jul-2024 20:36:25.785 INFO [main] org.apache.jasper.servlet.TldScanner.scanJars Al menos un JAR, que se ha explorado buscando TLDs, aún no contenía TLDs. Activar historial de depuración para este historiador para una completa lista de los JARs que fueron explorados y de los que nos se halló TLDs. Saltarse JARs no necesarios durante la exploración puede dar lugar a una mejora de tiempo significativa en el arranque y compilación de JSP .
12-Jul-2024 20:36:25.805 INFO [main] org.apache.catalina.startup.HostConfig.deployWAR Deployment of web application archive [C:\Users\felip\OneDrive\Escritorio\PracticasCurso\Assigment 3 -Servidores\Tomcat_server\apache-tomcat-9.0.89\webapps\TomcatServer.war] has finished in [1.093] ms
12-Jul-2024 20:36:25.805 INFO [main] org.apache.catalina.startup.HostConfig.deployDirectory Desplegando el directorio [C:\Users\felip\OneDrive\Escritorio\PracticasCurso\Assigment 3 -Servidores\Tomcat_server\apache-tomcat-9.0.89\webapps\docs] de la aplicación web
12-Jul-2024 20:36:26.836 INFO [main] org.apache.jasper.servlet.TldScanner.scanJars Al menos un JAR, que se ha explorado buscando TLDs, aún no contenía TLDs. Activar historial de depuración para este historiador para una completa lista de los JARs que fueron explorados y de los que nos se halló TLDs. Saltarse JARs no necesarios durante la exploración puede dar lugar a una mejora de tiempo significativa en el arranque y compilación de JSP .
12-Jul-2024 20:36:26.836 INFO [main] org.apache.catalina.startup.HostConfig.deployDirectory Deployment of web application directory [C:\Users\felip\OneDrive\Escritorio\PracticasCurso\Assigment 3 -Servidores\Tomcat_server\apache-tomcat-9.0.89\webapps\docs] has finished in [1.031] ms
12-Jul-2024 20:36:26.836 INFO [main] org.apache.catalina.startup.HostConfig.deployDirectory Desplegando el directorio [C:\Users\felip\OneDrive\Escritorio\PracticasCurso\Assigment 3 -Servidores\Tomcat_server\apache-tomcat-9.0.89\webapps\examples] de la aplicación web
12-Jul-2024 20:36:28.371 INFO [main] org.apache.jasper.servlet.TldScanner.scanJars Al menos un JAR, que se ha explorado buscando TLDs, aún no contenía TLDs. Activar historial de depuración para este historiador para una completa lista de los JARs que fueron explorados y de los que nos se halló TLDs. Saltarse JARs no necesarios durante la exploración puede dar lugar a una mejora de tiempo significativa en el arranque y compilación de JSP .
12-Jul-2024 20:36:28.531 INFO [main] org.apache.catalina.startup.HostConfig.deployDirectory Deployment of web application directory [C:\Users\felip\OneDrive\Escritorio\PracticasCurso\Assigment 3 -Servidores\Tomcat_server\apache-tomcat-9.0.89\webapps\examples] has finished in [1.695] ms
12-Jul-2024 20:36:28.533 INFO [main] org.apache.catalina.startup.HostConfig.deployDirectory Desplegando el directorio [C:\Users\felip\OneDrive\Escritorio\PracticasCurso\Assigment 3 -Servidores\Tomcat_server\apache-tomcat-9.0.89\webapps\host-manager] de la aplicación web
12-Jul-2024 20:36:29.551 INFO [main] org.apache.jasper.servlet.TldScanner.scanJars Al menos un JAR, que se ha explorado buscando TLDs, aún no contenía TLDs. Activar historial de depuración para este historiador para una completa lista de los JARs que fueron explorados y de los que nos se halló TLDs. Saltarse JARs no necesarios durante la exploración puede dar lugar a una mejora de tiempo significativa en el arranque y compilación de JSP .
12-Jul-2024 20:36:29.586 INFO [main] org.apache.catalina.startup.HostConfig.deployDirectory Deployment of web application directory [C:\Users\felip\OneDrive\Escritorio\PracticasCurso\Assigment 3 -Servidores\Tomcat_server\apache-tomcat-9.0.89\webapps\host-manager] has finished in [1.053] ms
12-Jul-2024 20:36:29.586 INFO [main] org.apache.catalina.startup.HostConfig.deployDirectory Desplegando el directorio [C:\Users\felip\OneDrive\Escritorio\PracticasCurso\Assigment 3 -Servidores\Tomcat_server\apache-tomcat-9.0.89\webapps\manager] de la aplicación web
12-Jul-2024 20:36:30.318 INFO [main] org.apache.jasper.servlet.TldScanner.scanJars Al menos un JAR, que se ha explorado buscando TLDs, aún no contenía TLDs. Activar historial de depuración para este historiador para una completa lista de los JARs que fueron explorados y de los que nos se halló TLDs. Saltarse JARs no necesarios durante la exploración puede dar lugar a una mejora de tiempo significativa en el arranque y compilación de JSP .
12-Jul-2024 20:36:30.338 INFO [main] org.apache.catalina.startup.HostConfig.deployDirectory Deployment of web application directory [C:\Users\felip\OneDrive\Escritorio\PracticasCurso\Assigment 3 -Servidores\Tomcat_server\apache-tomcat-9.0.89\webapps\manager] has finished in [752] ms
12-Jul-2024 20:36:30.339 INFO [main] org.apache.catalina.startup.HostConfig.deployDirectory Desplegando el directorio [C:\Users\felip\OneDrive\Escritorio\PracticasCurso\Assigment 3 -Servidores\Tomcat_server\apache-tomcat-9.0.89\webapps\ROOT] de la aplicación web
12-Jul-2024 20:36:30.950 INFO [main] org.apache.jasper.servlet.TldScanner.scanJars Al menos un JAR, que se ha explorado buscando TLDs, aún no contenía TLDs. Activar historial de depuración para este historiador para una completa lista de los JARs que fueron explorados y de los que nos se halló TLDs. Saltarse JARs no necesarios durante la exploración puede dar lugar a una mejora de tiempo significativa en el arranque y compilación de JSP .
12-Jul-2024 20:36:30.951 INFO [main] org.apache.catalina.startup.HostConfig.deployDirectory Deployment of web application directory [C:\Users\felip\OneDrive\Escritorio\PracticasCurso\Assigment 3 -Servidores\Tomcat_server\apache-tomcat-9.0.89\webapps\ROOT] has finished in [612] ms
12-Jul-2024 20:36:30.971 INFO [main] org.apache.coyote.AbstractProtocol.start Starting ProtocolHandler ["http-nio-8080"]
12-Jul-2024 20:36:31.038 INFO [main] org.apache.catalina.startup.Catalina.start Server startup in [8612] milliseconds
12-Jul-2024 20:37:41.156 INFO [Catalina-utility-2] org.apache.catalina.startup.HostConfig.undeploy Repliegue (undeploy) de la aplicación web que tiene como trayectoria de contexto [/TomcatServer]
12-Jul-2024 20:38:01.372 INFO [Catalina-utility-2] org.apache.catalina.startup.HostConfig.deployWAR Despliegue del archivo [C:\Users\felip\OneDrive\Escritorio\PracticasCurso\Assigment 3 -Servidores\Tomcat_server\apache-tomcat-9.0.89\webapps\TomcatServer.war] de la aplicación web
12-Jul-2024 20:38:04.199 INFO [Catalina-utility-2] org.apache.jasper.servlet.TldScanner.scanJars Al menos un JAR, que se ha explorado buscando TLDs, aún no contenía TLDs. Activar historial de depuración para este historiador para una completa lista de los JARs que fueron explorados y de los que nos se halló TLDs. Saltarse JARs no necesarios durante la exploración puede dar lugar a una mejora de tiempo significativa en el arranque y compilación de JSP .
12-Jul-2024 20:38:04.215 INFO [Catalina-utility-2] org.apache.catalina.startup.HostConfig.deployWAR Deployment of web application archive [C:\Users\felip\OneDrive\Escritorio\PracticasCurso\Assigment 3 -Servidores\Tomcat_server\apache-tomcat-9.0.89\webapps\TomcatServer.war] has finished in [2.843] ms
12-Jul-2024 20:42:57.715 INFO [Catalina-utility-2] org.apache.catalina.startup.HostConfig.undeploy Repliegue (undeploy) de la aplicación web que tiene como trayectoria de contexto [/TomcatServer]
12-Jul-2024 20:43:28.099 INFO [Catalina-utility-2] org.apache.catalina.startup.HostConfig.deployWAR Despliegue del archivo [C:\Users\felip\OneDrive\Escritorio\PracticasCurso\Assigment 3 -Servidores\Tomcat_server\apache-tomcat-9.0.89\webapps\TomcatServer.war] de la aplicación web
12-Jul-2024 20:43:30.261 INFO [Catalina-utility-2] org.apache.jasper.servlet.TldScanner.scanJars Al menos un JAR, que se ha explorado buscando TLDs, aún no contenía TLDs. Activar historial de depuración para este historiador para una completa lista de los JARs que fueron explorados y de los que nos se halló TLDs. Saltarse JARs no necesarios durante la exploración puede dar lugar a una mejora de tiempo significativa en el arranque y compilación de JSP .
12-Jul-2024 20:43:30.285 INFO [Catalina-utility-2] org.apache.catalina.startup.HostConfig.deployWAR Deployment of web application archive [C:\Users\felip\OneDrive\Escritorio\PracticasCurso\Assigment 3 -Servidores\Tomcat_server\apache-tomcat-9.0.89\webapps\TomcatServer.war] has finished in [2.186] ms
12-Jul-2024 20:59:02.929 WARNING [main] org.apache.tomcat.util.digester.SetPropertiesRule.begin Match [Server/Service/Connector] failed to set property [maxSpareThreads] to [75]
12-Jul-2024 20:59:02.941 WARNING [main] org.apache.tomcat.util.digester.SetPropertiesRule.begin Match [Server/Service/Connector] failed to set property [compressableMimeType] to [text/html,text/xml,text/plain,text/css,text/javascript,application/javascript,application/json]
12-Jul-2024 20:59:03.122 INFO [main] org.apache.catalina.startup.VersionLoggerListener.log Nombre de la versión del servidor: Apache Tomcat/9.0.89
12-Jul-2024 20:59:03.126 INFO [main] org.apache.catalina.startup.VersionLoggerListener.log Server built:                      May 3 2024 20:22:11 UTC
12-Jul-2024 20:59:03.127 INFO [main] org.apache.catalina.startup.VersionLoggerListener.log Número de versión de servidor:     9.0.89.0
12-Jul-2024 20:59:03.129 INFO [main] org.apache.catalina.startup.VersionLoggerListener.log OS Name:                           Windows 10
12-Jul-2024 20:59:03.129 INFO [main] org.apache.catalina.startup.VersionLoggerListener.log Versión de Systema Operativo:      10.0
12-Jul-2024 20:59:03.129 INFO [main] org.apache.catalina.startup.VersionLoggerListener.log Arquitectura:                      amd64
12-Jul-2024 20:59:03.129 INFO [main] org.apache.catalina.startup.VersionLoggerListener.log Java Home:                         C:\Program Files\Java\jdk-17
12-Jul-2024 20:59:03.129 INFO [main] org.apache.catalina.startup.VersionLoggerListener.log JVM Version:                       17.0.10+11-LTS-240
12-Jul-2024 20:59:03.130 INFO [main] org.apache.catalina.startup.VersionLoggerListener.log Vededor JVM:                       Oracle Corporation
12-Jul-2024 20:59:03.130 INFO [main] org.apache.catalina.startup.VersionLoggerListener.log CATALINA_BASE:                     C:\Users\felip\OneDrive\Escritorio\PracticasCurso\Assigment 3 -Servidores\Tomcat_server\apache-tomcat-9.0.89
12-Jul-2024 20:59:03.130 INFO [main] org.apache.catalina.startup.VersionLoggerListener.log CATALINA_HOME:                     C:\Users\felip\OneDrive\Escritorio\PracticasCurso\Assigment 3 -Servidores\Tomcat_server\apache-tomcat-9.0.89
12-Jul-2024 20:59:03.131 INFO [main] org.apache.catalina.startup.VersionLoggerListener.log Command line argument:             --add-opens=java.base/java.lang=ALL-UNNAMED
12-Jul-2024 20:59:03.132 INFO [main] org.apache.catalina.startup.VersionLoggerListener.log Command line argument:             --add-opens=java.base/java.io=ALL-UNNAMED
12-Jul-2024 20:59:03.132 INFO [main] org.apache.catalina.startup.VersionLoggerListener.log Command line argument:             --add-opens=java.base/java.util=ALL-UNNAMED
12-Jul-2024 20:59:03.133 INFO [main] org.apache.catalina.startup.VersionLoggerListener.log Command line argument:             --add-opens=java.base/java.util.concurrent=ALL-UNNAMED
12-Jul-2024 20:59:03.134 INFO [main] org.apache.catalina.startup.VersionLoggerListener.log Command line argument:             --add-opens=java.rmi/sun.rmi.transport=ALL-UNNAMED
12-Jul-2024 20:59:03.135 INFO [main] org.apache.catalina.startup.VersionLoggerListener.log Command line argument:             -Djava.util.logging.config.file=C:\Users\felip\OneDrive\Escritorio\PracticasCurso\Assigment 3 -Servidores\Tomcat_server\apache-tomcat-9.0.89\conf\logging.properties
12-Jul-2024 20:59:03.135 INFO [main] org.apache.catalina.startup.VersionLoggerListener.log Command line argument:             -Djava.util.logging.manager=org.apache.juli.ClassLoaderLogManager
12-Jul-2024 20:59:03.145 INFO [main] org.apache.catalina.startup.VersionLoggerListener.log Command line argument:             -Djdk.tls.ephemeralDHKeySize=2048
12-Jul-2024 20:59:03.148 INFO [main] org.apache.catalina.startup.VersionLoggerListener.log Command line argument:             -Djava.protocol.handler.pkgs=org.apache.catalina.webresources
12-Jul-2024 20:59:03.148 INFO [main] org.apache.catalina.startup.VersionLoggerListener.log Command line argument:             -Dignore.endorsed.dirs=
12-Jul-2024 20:59:03.148 INFO [main] org.apache.catalina.startup.VersionLoggerListener.log Command line argument:             -Dcatalina.base=C:\Users\felip\OneDrive\Escritorio\PracticasCurso\Assigment 3 -Servidores\Tomcat_server\apache-tomcat-9.0.89
12-Jul-2024 20:59:03.151 INFO [main] org.apache.catalina.startup.VersionLoggerListener.log Command line argument:             -Dcatalina.home=C:\Users\felip\OneDrive\Escritorio\PracticasCurso\Assigment 3 -Servidores\Tomcat_server\apache-tomcat-9.0.89
12-Jul-2024 20:59:03.151 INFO [main] org.apache.catalina.startup.VersionLoggerListener.log Command line argument:             -Djava.io.tmpdir=C:\Users\felip\OneDrive\Escritorio\PracticasCurso\Assigment 3 -Servidores\Tomcat_server\apache-tomcat-9.0.89\temp
12-Jul-2024 20:59:03.165 INFO [main] org.apache.catalina.core.AprLifecycleListener.lifecycleEvent Cargada la biblioteca nativa APR de Apache Tomcat [1.3.0] con la versión APR [1.7.4].
12-Jul-2024 20:59:03.166 INFO [main] org.apache.catalina.core.AprLifecycleListener.lifecycleEvent Capacidades APR: IPv6 [true], enviar fichero [true], aceptar filtros [false], aleatorio [true], UDS [true].
12-Jul-2024 20:59:03.174 INFO [main] org.apache.catalina.core.AprLifecycleListener.lifecycleEvent APR/OpenSSL configuration: useAprConnector [false], useOpenSSL [true]
12-Jul-2024 20:59:03.189 INFO [main] org.apache.catalina.core.AprLifecycleListener.initializeSSL OpenSSL inicializado correctamente [OpenSSL 3.0.13 30 Jan 2024]
12-Jul-2024 20:59:03.783 INFO [main] org.apache.coyote.AbstractProtocol.init Inicializando el manejador de protocolo ["http-nio-8080"]

12-Jul-2024 20:59:03.851 INFO [main] org.apache.coyote.AbstractProtocol.init Inicializando el manejador de protocolo ["https-openssl-nio-8443"]

12-Jul-2024 20:59:04.377 INFO [main] org.apache.tomcat.util.net.AbstractEndpoint.logCertificate Connector [https-openssl-nio-8443], TLS virtual host [_default_], certificate type [RSA] configured from keystore [./keystore.jks] using alias [tomcat] with trust store [null]
12-Jul-2024 20:59:04.384 INFO [main] org.apache.catalina.startup.Catalina.load Server initialization in [1790] milliseconds
12-Jul-2024 20:59:04.510 INFO [main] org.apache.catalina.core.StandardService.startInternal Arrancando servicio [Catalina]
12-Jul-2024 20:59:04.511 INFO [main] org.apache.catalina.core.StandardEngine.startInternal Starting Servlet engine: [Apache Tomcat/9.0.89]
12-Jul-2024 20:59:04.556 INFO [main] org.apache.catalina.startup.HostConfig.deployWAR Despliegue del archivo [C:\Users\felip\OneDrive\Escritorio\PracticasCurso\Assigment 3 -Servidores\Tomcat_server\apache-tomcat-9.0.89\webapps\HelloWorld.war] de la aplicación web
12-Jul-2024 20:59:06.814 INFO [main] org.apache.jasper.servlet.TldScanner.scanJars Al menos un JAR, que se ha explorado buscando TLDs, aún no contenía TLDs. Activar historial de depuración para este historiador para una completa lista de los JARs que fueron explorados y de los que nos se halló TLDs. Saltarse JARs no necesarios durante la exploración puede dar lugar a una mejora de tiempo significativa en el arranque y compilación de JSP .
12-Jul-2024 20:59:06.926 INFO [main] org.apache.catalina.startup.HostConfig.deployWAR Deployment of web application archive [C:\Users\felip\OneDrive\Escritorio\PracticasCurso\Assigment 3 -Servidores\Tomcat_server\apache-tomcat-9.0.89\webapps\HelloWorld.war] has finished in [2.371] ms
12-Jul-2024 20:59:06.931 INFO [main] org.apache.catalina.startup.HostConfig.deployWAR Despliegue del archivo [C:\Users\felip\OneDrive\Escritorio\PracticasCurso\Assigment 3 -Servidores\Tomcat_server\apache-tomcat-9.0.89\webapps\TomcatServer.war] de la aplicación web
12-Jul-2024 20:59:08.209 INFO [main] org.apache.jasper.servlet.TldScanner.scanJars Al menos un JAR, que se ha explorado buscando TLDs, aún no contenía TLDs. Activar historial de depuración para este historiador para una completa lista de los JARs que fueron explorados y de los que nos se halló TLDs. Saltarse JARs no necesarios durante la exploración puede dar lugar a una mejora de tiempo significativa en el arranque y compilación de JSP .
12-Jul-2024 20:59:08.219 INFO [main] org.apache.catalina.startup.HostConfig.deployWAR Deployment of web application archive [C:\Users\felip\OneDrive\Escritorio\PracticasCurso\Assigment 3 -Servidores\Tomcat_server\apache-tomcat-9.0.89\webapps\TomcatServer.war] has finished in [1.286] ms
12-Jul-2024 20:59:08.224 INFO [main] org.apache.catalina.startup.HostConfig.deployDirectory Desplegando el directorio [C:\Users\felip\OneDrive\Escritorio\PracticasCurso\Assigment 3 -Servidores\Tomcat_server\apache-tomcat-9.0.89\webapps\docs] de la aplicación web
12-Jul-2024 20:59:09.179 INFO [main] org.apache.jasper.servlet.TldScanner.scanJars Al menos un JAR, que se ha explorado buscando TLDs, aún no contenía TLDs. Activar historial de depuración para este historiador para una completa lista de los JARs que fueron explorados y de los que nos se halló TLDs. Saltarse JARs no necesarios durante la exploración puede dar lugar a una mejora de tiempo significativa en el arranque y compilación de JSP .
12-Jul-2024 20:59:09.191 INFO [main] org.apache.catalina.startup.HostConfig.deployDirectory Deployment of web application directory [C:\Users\felip\OneDrive\Escritorio\PracticasCurso\Assigment 3 -Servidores\Tomcat_server\apache-tomcat-9.0.89\webapps\docs] has finished in [966] ms
12-Jul-2024 20:59:09.192 INFO [main] org.apache.catalina.startup.HostConfig.deployDirectory Desplegando el directorio [C:\Users\felip\OneDrive\Escritorio\PracticasCurso\Assigment 3 -Servidores\Tomcat_server\apache-tomcat-9.0.89\webapps\examples] de la aplicación web
12-Jul-2024 20:59:11.142 INFO [main] org.apache.jasper.servlet.TldScanner.scanJars Al menos un JAR, que se ha explorado buscando TLDs, aún no contenía TLDs. Activar historial de depuración para este historiador para una completa lista de los JARs que fueron explorados y de los que nos se halló TLDs. Saltarse JARs no necesarios durante la exploración puede dar lugar a una mejora de tiempo significativa en el arranque y compilación de JSP .
12-Jul-2024 20:59:11.301 INFO [main] org.apache.catalina.startup.HostConfig.deployDirectory Deployment of web application directory [C:\Users\felip\OneDrive\Escritorio\PracticasCurso\Assigment 3 -Servidores\Tomcat_server\apache-tomcat-9.0.89\webapps\examples] has finished in [2.109] ms
12-Jul-2024 20:59:11.304 INFO [main] org.apache.catalina.startup.HostConfig.deployDirectory Desplegando el directorio [C:\Users\felip\OneDrive\Escritorio\PracticasCurso\Assigment 3 -Servidores\Tomcat_server\apache-tomcat-9.0.89\webapps\host-manager] de la aplicación web
12-Jul-2024 20:59:12.339 INFO [main] org.apache.jasper.servlet.TldScanner.scanJars Al menos un JAR, que se ha explorado buscando TLDs, aún no contenía TLDs. Activar historial de depuración para este historiador para una completa lista de los JARs que fueron explorados y de los que nos se halló TLDs. Saltarse JARs no necesarios durante la exploración puede dar lugar a una mejora de tiempo significativa en el arranque y compilación de JSP .
12-Jul-2024 20:59:12.370 INFO [main] org.apache.catalina.startup.HostConfig.deployDirectory Deployment of web application directory [C:\Users\felip\OneDrive\Escritorio\PracticasCurso\Assigment 3 -Servidores\Tomcat_server\apache-tomcat-9.0.89\webapps\host-manager] has finished in [1.066] ms
12-Jul-2024 20:59:12.373 INFO [main] org.apache.catalina.startup.HostConfig.deployDirectory Desplegando el directorio [C:\Users\felip\OneDrive\Escritorio\PracticasCurso\Assigment 3 -Servidores\Tomcat_server\apache-tomcat-9.0.89\webapps\manager] de la aplicación web
12-Jul-2024 20:59:13.322 INFO [main] org.apache.jasper.servlet.TldScanner.scanJars Al menos un JAR, que se ha explorado buscando TLDs, aún no contenía TLDs. Activar historial de depuración para este historiador para una completa lista de los JARs que fueron explorados y de los que nos se halló TLDs. Saltarse JARs no necesarios durante la exploración puede dar lugar a una mejora de tiempo significativa en el arranque y compilación de JSP .
12-Jul-2024 20:59:13.329 INFO [main] org.apache.catalina.startup.HostConfig.deployDirectory Deployment of web application directory [C:\Users\felip\OneDrive\Escritorio\PracticasCurso\Assigment 3 -Servidores\Tomcat_server\apache-tomcat-9.0.89\webapps\manager] has finished in [957] ms
12-Jul-2024 20:59:13.329 INFO [main] org.apache.catalina.startup.HostConfig.deployDirectory Desplegando el directorio [C:\Users\felip\OneDrive\Escritorio\PracticasCurso\Assigment 3 -Servidores\Tomcat_server\apache-tomcat-9.0.89\webapps\ROOT] de la aplicación web
12-Jul-2024 20:59:14.143 INFO [main] org.apache.jasper.servlet.TldScanner.scanJars Al menos un JAR, que se ha explorado buscando TLDs, aún no contenía TLDs. Activar historial de depuración para este historiador para una completa lista de los JARs que fueron explorados y de los que nos se halló TLDs. Saltarse JARs no necesarios durante la exploración puede dar lugar a una mejora de tiempo significativa en el arranque y compilación de JSP .
12-Jul-2024 20:59:14.152 INFO [main] org.apache.catalina.startup.HostConfig.deployDirectory Deployment of web application directory [C:\Users\felip\OneDrive\Escritorio\PracticasCurso\Assigment 3 -Servidores\Tomcat_server\apache-tomcat-9.0.89\webapps\ROOT] has finished in [822] ms
12-Jul-2024 20:59:14.161 INFO [main] org.apache.coyote.AbstractProtocol.start Starting ProtocolHandler ["http-nio-8080"]
12-Jul-2024 20:59:14.193 INFO [main] org.apache.coyote.AbstractProtocol.start Starting ProtocolHandler ["https-openssl-nio-8443"]
12-Jul-2024 20:59:14.212 INFO [main] org.apache.catalina.startup.Catalina.start Server startup in [9819] milliseconds
12-Jul-2024 21:25:55.163 WARNING [main] org.apache.tomcat.util.digester.SetPropertiesRule.begin Match [Server/Service/Connector] failed to set property [maxSpareThreads] to [75]
12-Jul-2024 21:25:55.172 WARNING [main] org.apache.tomcat.util.digester.SetPropertiesRule.begin Match [Server/Service/Connector] failed to set property [compressableMimeType] to [text/html,text/xml,text/plain,text/css,text/javascript,application/javascript,application/json]
12-Jul-2024 21:25:55.316 INFO [main] org.apache.catalina.startup.VersionLoggerListener.log Nombre de la versión del servidor: Apache Tomcat/9.0.89
12-Jul-2024 21:25:55.319 INFO [main] org.apache.catalina.startup.VersionLoggerListener.log Server built:                      May 3 2024 20:22:11 UTC
12-Jul-2024 21:25:55.319 INFO [main] org.apache.catalina.startup.VersionLoggerListener.log Número de versión de servidor:     9.0.89.0
12-Jul-2024 21:25:55.320 INFO [main] org.apache.catalina.startup.VersionLoggerListener.log OS Name:                           Windows 10
12-Jul-2024 21:25:55.320 INFO [main] org.apache.catalina.startup.VersionLoggerListener.log Versión de Systema Operativo:      10.0
12-Jul-2024 21:25:55.320 INFO [main] org.apache.catalina.startup.VersionLoggerListener.log Arquitectura:                      amd64
12-Jul-2024 21:25:55.320 INFO [main] org.apache.catalina.startup.VersionLoggerListener.log Java Home:                         C:\Program Files\Java\jdk-17
12-Jul-2024 21:25:55.320 INFO [main] org.apache.catalina.startup.VersionLoggerListener.log JVM Version:                       17.0.10+11-LTS-240
12-Jul-2024 21:25:55.321 INFO [main] org.apache.catalina.startup.VersionLoggerListener.log Vededor JVM:                       Oracle Corporation
12-Jul-2024 21:25:55.321 INFO [main] org.apache.catalina.startup.VersionLoggerListener.log CATALINA_BASE:                     C:\Users\felip\OneDrive\Escritorio\PracticasCurso\Assigment 3 -Servidores\Tomcat_server\apache-tomcat-9.0.89
12-Jul-2024 21:25:55.322 INFO [main] org.apache.catalina.startup.VersionLoggerListener.log CATALINA_HOME:                     C:\Users\felip\OneDrive\Escritorio\PracticasCurso\Assigment 3 -Servidores\Tomcat_server\apache-tomcat-9.0.89
12-Jul-2024 21:25:55.323 INFO [main] org.apache.catalina.startup.VersionLoggerListener.log Command line argument:             --add-opens=java.base/java.lang=ALL-UNNAMED
12-Jul-2024 21:25:55.324 INFO [main] org.apache.catalina.startup.VersionLoggerListener.log Command line argument:             --add-opens=java.base/java.io=ALL-UNNAMED
12-Jul-2024 21:25:55.337 INFO [main] org.apache.catalina.startup.VersionLoggerListener.log Command line argument:             --add-opens=java.base/java.util=ALL-UNNAMED
12-Jul-2024 21:25:55.341 INFO [main] org.apache.catalina.startup.VersionLoggerListener.log Command line argument:             --add-opens=java.base/java.util.concurrent=ALL-UNNAMED
12-Jul-2024 21:25:55.355 INFO [main] org.apache.catalina.startup.VersionLoggerListener.log Command line argument:             --add-opens=java.rmi/sun.rmi.transport=ALL-UNNAMED
12-Jul-2024 21:25:55.356 INFO [main] org.apache.catalina.startup.VersionLoggerListener.log Command line argument:             -Djava.util.logging.config.file=C:\Users\felip\OneDrive\Escritorio\PracticasCurso\Assigment 3 -Servidores\Tomcat_server\apache-tomcat-9.0.89\conf\logging.properties
12-Jul-2024 21:25:55.371 INFO [main] org.apache.catalina.startup.VersionLoggerListener.log Command line argument:             -Djava.util.logging.manager=org.apache.juli.ClassLoaderLogManager
12-Jul-2024 21:25:55.372 INFO [main] org.apache.catalina.startup.VersionLoggerListener.log Command line argument:             -Djdk.tls.ephemeralDHKeySize=2048
12-Jul-2024 21:25:55.383 INFO [main] org.apache.catalina.startup.VersionLoggerListener.log Command line argument:             -Djava.protocol.handler.pkgs=org.apache.catalina.webresources
12-Jul-2024 21:25:55.384 INFO [main] org.apache.catalina.startup.VersionLoggerListener.log Command line argument:             -Dignore.endorsed.dirs=
12-Jul-2024 21:25:55.386 INFO [main] org.apache.catalina.startup.VersionLoggerListener.log Command line argument:             -Dcatalina.base=C:\Users\felip\OneDrive\Escritorio\PracticasCurso\Assigment 3 -Servidores\Tomcat_server\apache-tomcat-9.0.89
12-Jul-2024 21:25:55.388 INFO [main] org.apache.catalina.startup.VersionLoggerListener.log Command line argument:             -Dcatalina.home=C:\Users\felip\OneDrive\Escritorio\PracticasCurso\Assigment 3 -Servidores\Tomcat_server\apache-tomcat-9.0.89
12-Jul-2024 21:25:55.389 INFO [main] org.apache.catalina.startup.VersionLoggerListener.log Command line argument:             -Djava.io.tmpdir=C:\Users\felip\OneDrive\Escritorio\PracticasCurso\Assigment 3 -Servidores\Tomcat_server\apache-tomcat-9.0.89\temp
12-Jul-2024 21:25:55.404 INFO [main] org.apache.catalina.core.AprLifecycleListener.lifecycleEvent Cargada la biblioteca nativa APR de Apache Tomcat [1.3.0] con la versión APR [1.7.4].
12-Jul-2024 21:25:55.405 INFO [main] org.apache.catalina.core.AprLifecycleListener.lifecycleEvent Capacidades APR: IPv6 [true], enviar fichero [true], aceptar filtros [false], aleatorio [true], UDS [true].
12-Jul-2024 21:25:55.405 INFO [main] org.apache.catalina.core.AprLifecycleListener.lifecycleEvent APR/OpenSSL configuration: useAprConnector [false], useOpenSSL [true]
12-Jul-2024 21:25:55.421 INFO [main] org.apache.catalina.core.AprLifecycleListener.initializeSSL OpenSSL inicializado correctamente [OpenSSL 3.0.13 30 Jan 2024]
12-Jul-2024 21:25:56.210 INFO [main] org.apache.coyote.AbstractProtocol.init Inicializando el manejador de protocolo ["http-nio-8080"]

12-Jul-2024 21:25:56.282 INFO [main] org.apache.coyote.AbstractProtocol.init Inicializando el manejador de protocolo ["https-openssl-nio-8443"]

12-Jul-2024 21:25:57.187 INFO [main] org.apache.tomcat.util.net.AbstractEndpoint.logCertificate Connector [https-openssl-nio-8443], TLS virtual host [_default_], certificate type [RSA] configured from keystore [./keystore.jks] using alias [tomcat] with trust store [null]
12-Jul-2024 21:25:57.203 INFO [main] org.apache.catalina.startup.Catalina.load Server initialization in [2357] milliseconds
12-Jul-2024 21:25:57.379 INFO [main] org.apache.catalina.core.StandardService.startInternal Arrancando servicio [Catalina]
12-Jul-2024 21:25:57.380 INFO [main] org.apache.catalina.core.StandardEngine.startInternal Starting Servlet engine: [Apache Tomcat/9.0.89]
12-Jul-2024 21:25:57.423 INFO [main] org.apache.catalina.startup.HostConfig.deployWAR Despliegue del archivo [C:\Users\felip\OneDrive\Escritorio\PracticasCurso\Assigment 3 -Servidores\Tomcat_server\apache-tomcat-9.0.89\webapps\HelloWorld.war] de la aplicación web
12-Jul-2024 21:25:59.468 INFO [main] org.apache.jasper.servlet.TldScanner.scanJars Al menos un JAR, que se ha explorado buscando TLDs, aún no contenía TLDs. Activar historial de depuración para este historiador para una completa lista de los JARs que fueron explorados y de los que nos se halló TLDs. Saltarse JARs no necesarios durante la exploración puede dar lugar a una mejora de tiempo significativa en el arranque y compilación de JSP .
12-Jul-2024 21:25:59.558 INFO [main] org.apache.catalina.startup.HostConfig.deployWAR Deployment of web application archive [C:\Users\felip\OneDrive\Escritorio\PracticasCurso\Assigment 3 -Servidores\Tomcat_server\apache-tomcat-9.0.89\webapps\HelloWorld.war] has finished in [2.131] ms
12-Jul-2024 21:25:59.563 INFO [main] org.apache.catalina.startup.HostConfig.deployWAR Despliegue del archivo [C:\Users\felip\OneDrive\Escritorio\PracticasCurso\Assigment 3 -Servidores\Tomcat_server\apache-tomcat-9.0.89\webapps\TomcatServer.war] de la aplicación web
12-Jul-2024 21:25:59.577 INFO [main] org.apache.catalina.startup.ExpandWar.expand An expanded directory [C:\Users\felip\OneDrive\Escritorio\PracticasCurso\Assigment 3 -Servidores\Tomcat_server\apache-tomcat-9.0.89\webapps\TomcatServer] was found with a last modified time that did not match the associated WAR. It will be deleted.
12-Jul-2024 21:26:02.411 INFO [main] org.apache.jasper.servlet.TldScanner.scanJars Al menos un JAR, que se ha explorado buscando TLDs, aún no contenía TLDs. Activar historial de depuración para este historiador para una completa lista de los JARs que fueron explorados y de los que nos se halló TLDs. Saltarse JARs no necesarios durante la exploración puede dar lugar a una mejora de tiempo significativa en el arranque y compilación de JSP .
12-Jul-2024 21:26:02.427 INFO [main] org.apache.catalina.startup.HostConfig.deployWAR Deployment of web application archive [C:\Users\felip\OneDrive\Escritorio\PracticasCurso\Assigment 3 -Servidores\Tomcat_server\apache-tomcat-9.0.89\webapps\TomcatServer.war] has finished in [2.864] ms
12-Jul-2024 21:26:02.429 INFO [main] org.apache.catalina.startup.HostConfig.deployDirectory Desplegando el directorio [C:\Users\felip\OneDrive\Escritorio\PracticasCurso\Assigment 3 -Servidores\Tomcat_server\apache-tomcat-9.0.89\webapps\docs] de la aplicación web
12-Jul-2024 21:26:03.664 INFO [main] org.apache.jasper.servlet.TldScanner.scanJars Al menos un JAR, que se ha explorado buscando TLDs, aún no contenía TLDs. Activar historial de depuración para este historiador para una completa lista de los JARs que fueron explorados y de los que nos se halló TLDs. Saltarse JARs no necesarios durante la exploración puede dar lugar a una mejora de tiempo significativa en el arranque y compilación de JSP .
12-Jul-2024 21:26:03.675 INFO [main] org.apache.catalina.startup.HostConfig.deployDirectory Deployment of web application directory [C:\Users\felip\OneDrive\Escritorio\PracticasCurso\Assigment 3 -Servidores\Tomcat_server\apache-tomcat-9.0.89\webapps\docs] has finished in [1.246] ms
12-Jul-2024 21:26:03.675 INFO [main] org.apache.catalina.startup.HostConfig.deployDirectory Desplegando el directorio [C:\Users\felip\OneDrive\Escritorio\PracticasCurso\Assigment 3 -Servidores\Tomcat_server\apache-tomcat-9.0.89\webapps\examples] de la aplicación web
12-Jul-2024 21:26:05.524 INFO [main] org.apache.jasper.servlet.TldScanner.scanJars Al menos un JAR, que se ha explorado buscando TLDs, aún no contenía TLDs. Activar historial de depuración para este historiador para una completa lista de los JARs que fueron explorados y de los que nos se halló TLDs. Saltarse JARs no necesarios durante la exploración puede dar lugar a una mejora de tiempo significativa en el arranque y compilación de JSP .
12-Jul-2024 21:26:05.672 INFO [main] org.apache.catalina.startup.HostConfig.deployDirectory Deployment of web application directory [C:\Users\felip\OneDrive\Escritorio\PracticasCurso\Assigment 3 -Servidores\Tomcat_server\apache-tomcat-9.0.89\webapps\examples] has finished in [1.996] ms
12-Jul-2024 21:26:05.674 INFO [main] org.apache.catalina.startup.HostConfig.deployDirectory Desplegando el directorio [C:\Users\felip\OneDrive\Escritorio\PracticasCurso\Assigment 3 -Servidores\Tomcat_server\apache-tomcat-9.0.89\webapps\host-manager] de la aplicación web
12-Jul-2024 21:26:06.607 INFO [main] org.apache.jasper.servlet.TldScanner.scanJars Al menos un JAR, que se ha explorado buscando TLDs, aún no contenía TLDs. Activar historial de depuración para este historiador para una completa lista de los JARs que fueron explorados y de los que nos se halló TLDs. Saltarse JARs no necesarios durante la exploración puede dar lugar a una mejora de tiempo significativa en el arranque y compilación de JSP .
12-Jul-2024 21:26:06.618 INFO [main] org.apache.catalina.startup.HostConfig.deployDirectory Deployment of web application directory [C:\Users\felip\OneDrive\Escritorio\PracticasCurso\Assigment 3 -Servidores\Tomcat_server\apache-tomcat-9.0.89\webapps\host-manager] has finished in [944] ms
12-Jul-2024 21:26:06.618 INFO [main] org.apache.catalina.startup.HostConfig.deployDirectory Desplegando el directorio [C:\Users\felip\OneDrive\Escritorio\PracticasCurso\Assigment 3 -Servidores\Tomcat_server\apache-tomcat-9.0.89\webapps\manager] de la aplicación web
12-Jul-2024 21:26:07.629 INFO [main] org.apache.jasper.servlet.TldScanner.scanJars Al menos un JAR, que se ha explorado buscando TLDs, aún no contenía TLDs. Activar historial de depuración para este historiador para una completa lista de los JARs que fueron explorados y de los que nos se halló TLDs. Saltarse JARs no necesarios durante la exploración puede dar lugar a una mejora de tiempo significativa en el arranque y compilación de JSP .
12-Jul-2024 21:26:07.634 INFO [main] org.apache.catalina.startup.HostConfig.deployDirectory Deployment of web application directory [C:\Users\felip\OneDrive\Escritorio\PracticasCurso\Assigment 3 -Servidores\Tomcat_server\apache-tomcat-9.0.89\webapps\manager] has finished in [1.016] ms
12-Jul-2024 21:26:07.634 INFO [main] org.apache.catalina.startup.HostConfig.deployDirectory Desplegando el directorio [C:\Users\felip\OneDrive\Escritorio\PracticasCurso\Assigment 3 -Servidores\Tomcat_server\apache-tomcat-9.0.89\webapps\ROOT] de la aplicación web
12-Jul-2024 21:26:08.694 INFO [main] org.apache.jasper.servlet.TldScanner.scanJars Al menos un JAR, que se ha explorado buscando TLDs, aún no contenía TLDs. Activar historial de depuración para este historiador para una completa lista de los JARs que fueron explorados y de los que nos se halló TLDs. Saltarse JARs no necesarios durante la exploración puede dar lugar a una mejora de tiempo significativa en el arranque y compilación de JSP .
12-Jul-2024 21:26:08.705 INFO [main] org.apache.catalina.startup.HostConfig.deployDirectory Deployment of web application directory [C:\Users\felip\OneDrive\Escritorio\PracticasCurso\Assigment 3 -Servidores\Tomcat_server\apache-tomcat-9.0.89\webapps\ROOT] has finished in [1.071] ms
12-Jul-2024 21:26:08.718 INFO [main] org.apache.coyote.AbstractProtocol.start Starting ProtocolHandler ["http-nio-8080"]
12-Jul-2024 21:26:08.757 INFO [main] org.apache.coyote.AbstractProtocol.start Starting ProtocolHandler ["https-openssl-nio-8443"]
12-Jul-2024 21:26:08.765 INFO [main] org.apache.catalina.startup.Catalina.start Server startup in [11559] milliseconds
