15-Jun-2024 11:36:18.185 INFO [main] org.apache.catalina.startup.VersionLoggerListener.log Nombre de la versión del servidor: Apache Tomcat/9.0.89
15-Jun-2024 11:36:18.191 INFO [main] org.apache.catalina.startup.VersionLoggerListener.log Server built:                      May 3 2024 20:22:11 UTC
15-Jun-2024 11:36:18.192 INFO [main] org.apache.catalina.startup.VersionLoggerListener.log Número de versión de servidor:     9.0.89.0
15-Jun-2024 11:36:18.192 INFO [main] org.apache.catalina.startup.VersionLoggerListener.log OS Name:                           Windows 11
15-Jun-2024 11:36:18.193 INFO [main] org.apache.catalina.startup.VersionLoggerListener.log Versión de Systema Operativo:      10.0
15-Jun-2024 11:36:18.194 INFO [main] org.apache.catalina.startup.VersionLoggerListener.log Arquitectura:                      amd64
15-Jun-2024 11:36:18.194 INFO [main] org.apache.catalina.startup.VersionLoggerListener.log Java Home:                         C:\Program Files\Java\jdk-20
15-Jun-2024 11:36:18.195 INFO [main] org.apache.catalina.startup.VersionLoggerListener.log JVM Version:                       20.0.1+9-29
15-Jun-2024 11:36:18.195 INFO [main] org.apache.catalina.startup.VersionLoggerListener.log Vededor JVM:                       Oracle Corporation
15-Jun-2024 11:36:18.196 INFO [main] org.apache.catalina.startup.VersionLoggerListener.log CATALINA_BASE:                     C:\Users\joni_\Downloads\tomcat_server_example\apache-tomcat-9.0.89
15-Jun-2024 11:36:18.196 INFO [main] org.apache.catalina.startup.VersionLoggerListener.log CATALINA_HOME:                     C:\Users\joni_\Downloads\tomcat_server_example\apache-tomcat-9.0.89
15-Jun-2024 11:36:18.208 INFO [main] org.apache.catalina.startup.VersionLoggerListener.log Command line argument:             --add-opens=java.base/java.lang=ALL-UNNAMED
15-Jun-2024 11:36:18.219 INFO [main] org.apache.catalina.startup.VersionLoggerListener.log Command line argument:             --add-opens=java.base/java.io=ALL-UNNAMED
15-Jun-2024 11:36:18.220 INFO [main] org.apache.catalina.startup.VersionLoggerListener.log Command line argument:             --add-opens=java.base/java.util=ALL-UNNAMED
15-Jun-2024 11:36:18.221 INFO [main] org.apache.catalina.startup.VersionLoggerListener.log Command line argument:             --add-opens=java.base/java.util.concurrent=ALL-UNNAMED
15-Jun-2024 11:36:18.222 INFO [main] org.apache.catalina.startup.VersionLoggerListener.log Command line argument:             --add-opens=java.rmi/sun.rmi.transport=ALL-UNNAMED
15-Jun-2024 11:36:18.223 INFO [main] org.apache.catalina.startup.VersionLoggerListener.log Command line argument:             -Djava.util.logging.config.file=C:\Users\joni_\Downloads\tomcat_server_example\apache-tomcat-9.0.89\conf\logging.properties
15-Jun-2024 11:36:18.224 INFO [main] org.apache.catalina.startup.VersionLoggerListener.log Command line argument:             -Djava.util.logging.manager=org.apache.juli.ClassLoaderLogManager
15-Jun-2024 11:36:18.225 INFO [main] org.apache.catalina.startup.VersionLoggerListener.log Command line argument:             -Djdk.tls.ephemeralDHKeySize=2048
15-Jun-2024 11:36:18.226 INFO [main] org.apache.catalina.startup.VersionLoggerListener.log Command line argument:             -Djava.protocol.handler.pkgs=org.apache.catalina.webresources
15-Jun-2024 11:36:18.227 INFO [main] org.apache.catalina.startup.VersionLoggerListener.log Command line argument:             -Dignore.endorsed.dirs=
15-Jun-2024 11:36:18.227 INFO [main] org.apache.catalina.startup.VersionLoggerListener.log Command line argument:             -Dcatalina.base=C:\Users\joni_\Downloads\tomcat_server_example\apache-tomcat-9.0.89
15-Jun-2024 11:36:18.228 INFO [main] org.apache.catalina.startup.VersionLoggerListener.log Command line argument:             -Dcatalina.home=C:\Users\joni_\Downloads\tomcat_server_example\apache-tomcat-9.0.89
15-Jun-2024 11:36:18.229 INFO [main] org.apache.catalina.startup.VersionLoggerListener.log Command line argument:             -Djava.io.tmpdir=C:\Users\joni_\Downloads\tomcat_server_example\apache-tomcat-9.0.89\temp
15-Jun-2024 11:36:18.245 INFO [main] org.apache.catalina.core.AprLifecycleListener.lifecycleEvent Cargada la biblioteca nativa APR de Apache Tomcat [1.3.0] con la versión APR [1.7.4].
15-Jun-2024 11:36:18.245 INFO [main] org.apache.catalina.core.AprLifecycleListener.lifecycleEvent Capacidades APR: IPv6 [true], enviar fichero [true], aceptar filtros [false], aleatorio [true], UDS [true].
15-Jun-2024 11:36:18.245 INFO [main] org.apache.catalina.core.AprLifecycleListener.lifecycleEvent APR/OpenSSL configuration: useAprConnector [false], useOpenSSL [true]
15-Jun-2024 11:36:18.279 INFO [main] org.apache.catalina.core.AprLifecycleListener.initializeSSL OpenSSL inicializado correctamente [OpenSSL 3.0.13 30 Jan 2024]
15-Jun-2024 11:36:18.713 INFO [main] org.apache.coyote.AbstractProtocol.init Inicializando el manejador de protocolo ["http-nio-8080"]

15-Jun-2024 11:36:18.748 INFO [main] org.apache.catalina.startup.Catalina.load Server initialization in [849] milliseconds
15-Jun-2024 11:36:18.811 INFO [main] org.apache.catalina.core.StandardService.startInternal Arrancando servicio [Catalina]
15-Jun-2024 11:36:18.811 INFO [main] org.apache.catalina.core.StandardEngine.startInternal Starting Servlet engine: [Apache Tomcat/9.0.89]
15-Jun-2024 11:36:18.840 INFO [main] org.apache.catalina.startup.HostConfig.deployWAR Despliegue del archivo [C:\Users\joni_\Downloads\tomcat_server_example\apache-tomcat-9.0.89\webapps\HelloWorld.war] de la aplicación web
15-Jun-2024 11:36:19.759 INFO [main] org.apache.jasper.servlet.TldScanner.scanJars Al menos un JAR, que se ha explorado buscando TLDs, aún no contenía TLDs. Activar historial de depuración para este historiador para una completa lista de los JARs que fueron explorados y de los que nos se halló TLDs. Saltarse JARs no necesarios durante la exploración puede dar lugar a una mejora de tiempo significativa en el arranque y compilación de JSP .
15-Jun-2024 11:36:19.858 INFO [main] org.apache.catalina.startup.HostConfig.deployWAR Deployment of web application archive [C:\Users\joni_\Downloads\tomcat_server_example\apache-tomcat-9.0.89\webapps\HelloWorld.war] has finished in [1.015] ms
15-Jun-2024 11:36:19.861 INFO [main] org.apache.catalina.startup.HostConfig.deployWAR Despliegue del archivo [C:\Users\joni_\Downloads\tomcat_server_example\apache-tomcat-9.0.89\webapps\TomcatServer.war] de la aplicación web
15-Jun-2024 11:36:20.402 INFO [main] org.apache.jasper.servlet.TldScanner.scanJars Al menos un JAR, que se ha explorado buscando TLDs, aún no contenía TLDs. Activar historial de depuración para este historiador para una completa lista de los JARs que fueron explorados y de los que nos se halló TLDs. Saltarse JARs no necesarios durante la exploración puede dar lugar a una mejora de tiempo significativa en el arranque y compilación de JSP .
15-Jun-2024 11:36:20.408 INFO [main] org.apache.catalina.startup.HostConfig.deployWAR Deployment of web application archive [C:\Users\joni_\Downloads\tomcat_server_example\apache-tomcat-9.0.89\webapps\TomcatServer.war] has finished in [546] ms
15-Jun-2024 11:36:20.409 INFO [main] org.apache.catalina.startup.HostConfig.deployDirectory Desplegando el directorio [C:\Users\joni_\Downloads\tomcat_server_example\apache-tomcat-9.0.89\webapps\docs] de la aplicación web
15-Jun-2024 11:36:20.767 INFO [main] org.apache.jasper.servlet.TldScanner.scanJars Al menos un JAR, que se ha explorado buscando TLDs, aún no contenía TLDs. Activar historial de depuración para este historiador para una completa lista de los JARs que fueron explorados y de los que nos se halló TLDs. Saltarse JARs no necesarios durante la exploración puede dar lugar a una mejora de tiempo significativa en el arranque y compilación de JSP .
15-Jun-2024 11:36:20.771 INFO [main] org.apache.catalina.startup.HostConfig.deployDirectory Deployment of web application directory [C:\Users\joni_\Downloads\tomcat_server_example\apache-tomcat-9.0.89\webapps\docs] has finished in [362] ms
15-Jun-2024 11:36:20.772 INFO [main] org.apache.catalina.startup.HostConfig.deployDirectory Desplegando el directorio [C:\Users\joni_\Downloads\tomcat_server_example\apache-tomcat-9.0.89\webapps\examples] de la aplicación web
15-Jun-2024 11:36:21.531 INFO [main] org.apache.jasper.servlet.TldScanner.scanJars Al menos un JAR, que se ha explorado buscando TLDs, aún no contenía TLDs. Activar historial de depuración para este historiador para una completa lista de los JARs que fueron explorados y de los que nos se halló TLDs. Saltarse JARs no necesarios durante la exploración puede dar lugar a una mejora de tiempo significativa en el arranque y compilación de JSP .
15-Jun-2024 11:36:21.631 INFO [main] org.apache.catalina.startup.HostConfig.deployDirectory Deployment of web application directory [C:\Users\joni_\Downloads\tomcat_server_example\apache-tomcat-9.0.89\webapps\examples] has finished in [859] ms
15-Jun-2024 11:36:21.632 INFO [main] org.apache.catalina.startup.HostConfig.deployDirectory Desplegando el directorio [C:\Users\joni_\Downloads\tomcat_server_example\apache-tomcat-9.0.89\webapps\host-manager] de la aplicación web
15-Jun-2024 11:36:21.980 INFO [main] org.apache.jasper.servlet.TldScanner.scanJars Al menos un JAR, que se ha explorado buscando TLDs, aún no contenía TLDs. Activar historial de depuración para este historiador para una completa lista de los JARs que fueron explorados y de los que nos se halló TLDs. Saltarse JARs no necesarios durante la exploración puede dar lugar a una mejora de tiempo significativa en el arranque y compilación de JSP .
15-Jun-2024 11:36:21.992 INFO [main] org.apache.catalina.startup.HostConfig.deployDirectory Deployment of web application directory [C:\Users\joni_\Downloads\tomcat_server_example\apache-tomcat-9.0.89\webapps\host-manager] has finished in [360] ms
15-Jun-2024 11:36:21.993 INFO [main] org.apache.catalina.startup.HostConfig.deployDirectory Desplegando el directorio [C:\Users\joni_\Downloads\tomcat_server_example\apache-tomcat-9.0.89\webapps\manager] de la aplicación web
15-Jun-2024 11:36:22.362 INFO [main] org.apache.jasper.servlet.TldScanner.scanJars Al menos un JAR, que se ha explorado buscando TLDs, aún no contenía TLDs. Activar historial de depuración para este historiador para una completa lista de los JARs que fueron explorados y de los que nos se halló TLDs. Saltarse JARs no necesarios durante la exploración puede dar lugar a una mejora de tiempo significativa en el arranque y compilación de JSP .
15-Jun-2024 11:36:22.366 INFO [main] org.apache.catalina.startup.HostConfig.deployDirectory Deployment of web application directory [C:\Users\joni_\Downloads\tomcat_server_example\apache-tomcat-9.0.89\webapps\manager] has finished in [374] ms
15-Jun-2024 11:36:22.366 INFO [main] org.apache.catalina.startup.HostConfig.deployDirectory Desplegando el directorio [C:\Users\joni_\Downloads\tomcat_server_example\apache-tomcat-9.0.89\webapps\ROOT] de la aplicación web
15-Jun-2024 11:36:22.663 INFO [main] org.apache.jasper.servlet.TldScanner.scanJars Al menos un JAR, que se ha explorado buscando TLDs, aún no contenía TLDs. Activar historial de depuración para este historiador para una completa lista de los JARs que fueron explorados y de los que nos se halló TLDs. Saltarse JARs no necesarios durante la exploración puede dar lugar a una mejora de tiempo significativa en el arranque y compilación de JSP .
15-Jun-2024 11:36:22.666 INFO [main] org.apache.catalina.startup.HostConfig.deployDirectory Deployment of web application directory [C:\Users\joni_\Downloads\tomcat_server_example\apache-tomcat-9.0.89\webapps\ROOT] has finished in [300] ms
15-Jun-2024 11:36:22.671 INFO [main] org.apache.coyote.AbstractProtocol.start Starting ProtocolHandler ["http-nio-8080"]
15-Jun-2024 11:36:22.725 INFO [main] org.apache.catalina.startup.Catalina.start Server startup in [3973] milliseconds
15-Jun-2024 11:39:42.775 INFO [Catalina-utility-1] org.apache.catalina.startup.HostConfig.undeploy Repliegue (undeploy) de la aplicación web que tiene como trayectoria de contexto [/TomcatServer]
15-Jun-2024 11:39:55.752 INFO [Thread-1] org.apache.coyote.AbstractProtocol.pause Pausing ProtocolHandler ["http-nio-8080"]
15-Jun-2024 11:39:55.760 INFO [Thread-1] org.apache.catalina.core.StandardService.stopInternal Parando servicio [Catalina]
15-Jun-2024 11:39:55.782 INFO [Thread-1] org.apache.coyote.AbstractProtocol.stop Stopping ProtocolHandler ["http-nio-8080"]
15-Jun-2024 11:39:55.796 INFO [Thread-1] org.apache.coyote.AbstractProtocol.destroy Destroying ProtocolHandler ["http-nio-8080"]
15-Jun-2024 11:40:14.474 INFO [main] org.apache.catalina.startup.VersionLoggerListener.log Nombre de la versión del servidor: Apache Tomcat/9.0.89
15-Jun-2024 11:40:14.478 INFO [main] org.apache.catalina.startup.VersionLoggerListener.log Server built:                      May 3 2024 20:22:11 UTC
15-Jun-2024 11:40:14.478 INFO [main] org.apache.catalina.startup.VersionLoggerListener.log Número de versión de servidor:     9.0.89.0
15-Jun-2024 11:40:14.478 INFO [main] org.apache.catalina.startup.VersionLoggerListener.log OS Name:                           Windows 11
15-Jun-2024 11:40:14.479 INFO [main] org.apache.catalina.startup.VersionLoggerListener.log Versión de Systema Operativo:      10.0
15-Jun-2024 11:40:14.479 INFO [main] org.apache.catalina.startup.VersionLoggerListener.log Arquitectura:                      amd64
15-Jun-2024 11:40:14.479 INFO [main] org.apache.catalina.startup.VersionLoggerListener.log Java Home:                         C:\Program Files\Java\jdk-20
15-Jun-2024 11:40:14.480 INFO [main] org.apache.catalina.startup.VersionLoggerListener.log JVM Version:                       20.0.1+9-29
15-Jun-2024 11:40:14.480 INFO [main] org.apache.catalina.startup.VersionLoggerListener.log Vededor JVM:                       Oracle Corporation
15-Jun-2024 11:40:14.480 INFO [main] org.apache.catalina.startup.VersionLoggerListener.log CATALINA_BASE:                     C:\Users\joni_\Downloads\tomcat_server_example\apache-tomcat-9.0.89
15-Jun-2024 11:40:14.480 INFO [main] org.apache.catalina.startup.VersionLoggerListener.log CATALINA_HOME:                     C:\Users\joni_\Downloads\tomcat_server_example\apache-tomcat-9.0.89
15-Jun-2024 11:40:14.493 INFO [main] org.apache.catalina.startup.VersionLoggerListener.log Command line argument:             --add-opens=java.base/java.lang=ALL-UNNAMED
15-Jun-2024 11:40:14.493 INFO [main] org.apache.catalina.startup.VersionLoggerListener.log Command line argument:             --add-opens=java.base/java.io=ALL-UNNAMED
15-Jun-2024 11:40:14.494 INFO [main] org.apache.catalina.startup.VersionLoggerListener.log Command line argument:             --add-opens=java.base/java.util=ALL-UNNAMED
15-Jun-2024 11:40:14.494 INFO [main] org.apache.catalina.startup.VersionLoggerListener.log Command line argument:             --add-opens=java.base/java.util.concurrent=ALL-UNNAMED
15-Jun-2024 11:40:14.495 INFO [main] org.apache.catalina.startup.VersionLoggerListener.log Command line argument:             --add-opens=java.rmi/sun.rmi.transport=ALL-UNNAMED
15-Jun-2024 11:40:14.496 INFO [main] org.apache.catalina.startup.VersionLoggerListener.log Command line argument:             -Djava.util.logging.config.file=C:\Users\joni_\Downloads\tomcat_server_example\apache-tomcat-9.0.89\conf\logging.properties
15-Jun-2024 11:40:14.497 INFO [main] org.apache.catalina.startup.VersionLoggerListener.log Command line argument:             -Djava.util.logging.manager=org.apache.juli.ClassLoaderLogManager
15-Jun-2024 11:40:14.498 INFO [main] org.apache.catalina.startup.VersionLoggerListener.log Command line argument:             -Djdk.tls.ephemeralDHKeySize=2048
15-Jun-2024 11:40:14.500 INFO [main] org.apache.catalina.startup.VersionLoggerListener.log Command line argument:             -Djava.protocol.handler.pkgs=org.apache.catalina.webresources
15-Jun-2024 11:40:14.500 INFO [main] org.apache.catalina.startup.VersionLoggerListener.log Command line argument:             -Dignore.endorsed.dirs=
15-Jun-2024 11:40:14.500 INFO [main] org.apache.catalina.startup.VersionLoggerListener.log Command line argument:             -Dcatalina.base=C:\Users\joni_\Downloads\tomcat_server_example\apache-tomcat-9.0.89
15-Jun-2024 11:40:14.502 INFO [main] org.apache.catalina.startup.VersionLoggerListener.log Command line argument:             -Dcatalina.home=C:\Users\joni_\Downloads\tomcat_server_example\apache-tomcat-9.0.89
15-Jun-2024 11:40:14.502 INFO [main] org.apache.catalina.startup.VersionLoggerListener.log Command line argument:             -Djava.io.tmpdir=C:\Users\joni_\Downloads\tomcat_server_example\apache-tomcat-9.0.89\temp
15-Jun-2024 11:40:14.506 INFO [main] org.apache.catalina.core.AprLifecycleListener.lifecycleEvent Cargada la biblioteca nativa APR de Apache Tomcat [1.3.0] con la versión APR [1.7.4].
15-Jun-2024 11:40:14.506 INFO [main] org.apache.catalina.core.AprLifecycleListener.lifecycleEvent Capacidades APR: IPv6 [true], enviar fichero [true], aceptar filtros [false], aleatorio [true], UDS [true].
15-Jun-2024 11:40:14.507 INFO [main] org.apache.catalina.core.AprLifecycleListener.lifecycleEvent APR/OpenSSL configuration: useAprConnector [false], useOpenSSL [true]
15-Jun-2024 11:40:14.513 INFO [main] org.apache.catalina.core.AprLifecycleListener.initializeSSL OpenSSL inicializado correctamente [OpenSSL 3.0.13 30 Jan 2024]
15-Jun-2024 11:40:14.911 INFO [main] org.apache.coyote.AbstractProtocol.init Inicializando el manejador de protocolo ["http-nio-8080"]

15-Jun-2024 11:40:14.948 INFO [main] org.apache.catalina.startup.Catalina.load Server initialization in [726] milliseconds
15-Jun-2024 11:40:15.008 INFO [main] org.apache.catalina.core.StandardService.startInternal Arrancando servicio [Catalina]
15-Jun-2024 11:40:15.009 INFO [main] org.apache.catalina.core.StandardEngine.startInternal Starting Servlet engine: [Apache Tomcat/9.0.89]
15-Jun-2024 11:40:15.033 INFO [main] org.apache.catalina.startup.HostConfig.deployWAR Despliegue del archivo [C:\Users\joni_\Downloads\tomcat_server_example\apache-tomcat-9.0.89\webapps\HelloWorld.war] de la aplicación web
15-Jun-2024 11:40:15.070 INFO [main] org.apache.catalina.startup.ExpandWar.expand An expanded directory [C:\Users\joni_\Downloads\tomcat_server_example\apache-tomcat-9.0.89\webapps\HelloWorld] was found with a last modified time that did not match the associated WAR. It will be deleted.
15-Jun-2024 11:40:16.091 INFO [main] org.apache.jasper.servlet.TldScanner.scanJars Al menos un JAR, que se ha explorado buscando TLDs, aún no contenía TLDs. Activar historial de depuración para este historiador para una completa lista de los JARs que fueron explorados y de los que nos se halló TLDs. Saltarse JARs no necesarios durante la exploración puede dar lugar a una mejora de tiempo significativa en el arranque y compilación de JSP .
15-Jun-2024 11:40:16.211 INFO [main] org.apache.catalina.startup.HostConfig.deployWAR Deployment of web application archive [C:\Users\joni_\Downloads\tomcat_server_example\apache-tomcat-9.0.89\webapps\HelloWorld.war] has finished in [1.175] ms
15-Jun-2024 11:40:16.214 INFO [main] org.apache.catalina.startup.HostConfig.deployDirectory Desplegando el directorio [C:\Users\joni_\Downloads\tomcat_server_example\apache-tomcat-9.0.89\webapps\docs] de la aplicación web
15-Jun-2024 11:40:16.667 INFO [main] org.apache.jasper.servlet.TldScanner.scanJars Al menos un JAR, que se ha explorado buscando TLDs, aún no contenía TLDs. Activar historial de depuración para este historiador para una completa lista de los JARs que fueron explorados y de los que nos se halló TLDs. Saltarse JARs no necesarios durante la exploración puede dar lugar a una mejora de tiempo significativa en el arranque y compilación de JSP .
15-Jun-2024 11:40:16.672 INFO [main] org.apache.catalina.startup.HostConfig.deployDirectory Deployment of web application directory [C:\Users\joni_\Downloads\tomcat_server_example\apache-tomcat-9.0.89\webapps\docs] has finished in [458] ms
15-Jun-2024 11:40:16.673 INFO [main] org.apache.catalina.startup.HostConfig.deployDirectory Desplegando el directorio [C:\Users\joni_\Downloads\tomcat_server_example\apache-tomcat-9.0.89\webapps\examples] de la aplicación web
15-Jun-2024 11:40:17.548 INFO [main] org.apache.jasper.servlet.TldScanner.scanJars Al menos un JAR, que se ha explorado buscando TLDs, aún no contenía TLDs. Activar historial de depuración para este historiador para una completa lista de los JARs que fueron explorados y de los que nos se halló TLDs. Saltarse JARs no necesarios durante la exploración puede dar lugar a una mejora de tiempo significativa en el arranque y compilación de JSP .
15-Jun-2024 11:40:17.649 INFO [main] org.apache.catalina.startup.HostConfig.deployDirectory Deployment of web application directory [C:\Users\joni_\Downloads\tomcat_server_example\apache-tomcat-9.0.89\webapps\examples] has finished in [975] ms
15-Jun-2024 11:40:17.650 INFO [main] org.apache.catalina.startup.HostConfig.deployDirectory Desplegando el directorio [C:\Users\joni_\Downloads\tomcat_server_example\apache-tomcat-9.0.89\webapps\host-manager] de la aplicación web
15-Jun-2024 11:40:18.086 INFO [main] org.apache.jasper.servlet.TldScanner.scanJars Al menos un JAR, que se ha explorado buscando TLDs, aún no contenía TLDs. Activar historial de depuración para este historiador para una completa lista de los JARs que fueron explorados y de los que nos se halló TLDs. Saltarse JARs no necesarios durante la exploración puede dar lugar a una mejora de tiempo significativa en el arranque y compilación de JSP .
15-Jun-2024 11:40:18.096 INFO [main] org.apache.catalina.startup.HostConfig.deployDirectory Deployment of web application directory [C:\Users\joni_\Downloads\tomcat_server_example\apache-tomcat-9.0.89\webapps\host-manager] has finished in [445] ms
15-Jun-2024 11:40:18.096 INFO [main] org.apache.catalina.startup.HostConfig.deployDirectory Desplegando el directorio [C:\Users\joni_\Downloads\tomcat_server_example\apache-tomcat-9.0.89\webapps\manager] de la aplicación web
15-Jun-2024 11:40:18.500 INFO [main] org.apache.jasper.servlet.TldScanner.scanJars Al menos un JAR, que se ha explorado buscando TLDs, aún no contenía TLDs. Activar historial de depuración para este historiador para una completa lista de los JARs que fueron explorados y de los que nos se halló TLDs. Saltarse JARs no necesarios durante la exploración puede dar lugar a una mejora de tiempo significativa en el arranque y compilación de JSP .
15-Jun-2024 11:40:18.505 INFO [main] org.apache.catalina.startup.HostConfig.deployDirectory Deployment of web application directory [C:\Users\joni_\Downloads\tomcat_server_example\apache-tomcat-9.0.89\webapps\manager] has finished in [409] ms
15-Jun-2024 11:40:18.506 INFO [main] org.apache.catalina.startup.HostConfig.deployDirectory Desplegando el directorio [C:\Users\joni_\Downloads\tomcat_server_example\apache-tomcat-9.0.89\webapps\ROOT] de la aplicación web
15-Jun-2024 11:40:18.863 INFO [main] org.apache.jasper.servlet.TldScanner.scanJars Al menos un JAR, que se ha explorado buscando TLDs, aún no contenía TLDs. Activar historial de depuración para este historiador para una completa lista de los JARs que fueron explorados y de los que nos se halló TLDs. Saltarse JARs no necesarios durante la exploración puede dar lugar a una mejora de tiempo significativa en el arranque y compilación de JSP .
15-Jun-2024 11:40:18.867 INFO [main] org.apache.catalina.startup.HostConfig.deployDirectory Deployment of web application directory [C:\Users\joni_\Downloads\tomcat_server_example\apache-tomcat-9.0.89\webapps\ROOT] has finished in [361] ms
15-Jun-2024 11:40:18.873 INFO [main] org.apache.coyote.AbstractProtocol.start Starting ProtocolHandler ["http-nio-8080"]
15-Jun-2024 11:40:18.931 INFO [main] org.apache.catalina.startup.Catalina.start Server startup in [3979] milliseconds
15-Jun-2024 11:42:18.941 INFO [Catalina-utility-2] org.apache.catalina.startup.HostConfig.deployWAR Despliegue del archivo [C:\Users\joni_\Downloads\tomcat_server_example\apache-tomcat-9.0.89\webapps\TomcatServer.war] de la aplicación web
15-Jun-2024 11:42:19.432 INFO [Catalina-utility-2] org.apache.jasper.servlet.TldScanner.scanJars Al menos un JAR, que se ha explorado buscando TLDs, aún no contenía TLDs. Activar historial de depuración para este historiador para una completa lista de los JARs que fueron explorados y de los que nos se halló TLDs. Saltarse JARs no necesarios durante la exploración puede dar lugar a una mejora de tiempo significativa en el arranque y compilación de JSP .
15-Jun-2024 11:42:19.437 INFO [Catalina-utility-2] org.apache.catalina.startup.HostConfig.deployWAR Deployment of web application archive [C:\Users\joni_\Downloads\tomcat_server_example\apache-tomcat-9.0.89\webapps\TomcatServer.war] has finished in [496] ms
15-Jun-2024 11:43:37.189 INFO [Thread-1] org.apache.coyote.AbstractProtocol.pause Pausing ProtocolHandler ["http-nio-8080"]
15-Jun-2024 11:43:37.201 INFO [Thread-1] org.apache.catalina.core.StandardService.stopInternal Parando servicio [Catalina]
15-Jun-2024 11:43:37.257 INFO [Thread-1] org.apache.coyote.AbstractProtocol.stop Stopping ProtocolHandler ["http-nio-8080"]
15-Jun-2024 11:43:37.272 INFO [Thread-1] org.apache.coyote.AbstractProtocol.destroy Destroying ProtocolHandler ["http-nio-8080"]
