14-Jun-2024 18:01:56.031 INFO [main] org.apache.catalina.startup.VersionLoggerListener.log Nombre de la versión del servidor: Apache Tomcat/9.0.89
14-Jun-2024 18:01:56.038 INFO [main] org.apache.catalina.startup.VersionLoggerListener.log Server built:                      May 3 2024 20:22:11 UTC
14-Jun-2024 18:01:56.038 INFO [main] org.apache.catalina.startup.VersionLoggerListener.log Número de versión de servidor:     9.0.89.0
14-Jun-2024 18:01:56.038 INFO [main] org.apache.catalina.startup.VersionLoggerListener.log OS Name:                           Windows 11
14-Jun-2024 18:01:56.039 INFO [main] org.apache.catalina.startup.VersionLoggerListener.log Versión de Systema Operativo:      10.0
14-Jun-2024 18:01:56.039 INFO [main] org.apache.catalina.startup.VersionLoggerListener.log Arquitectura:                      amd64
14-Jun-2024 18:01:56.039 INFO [main] org.apache.catalina.startup.VersionLoggerListener.log Java Home:                         C:\Program Files\Java\jdk-20
14-Jun-2024 18:01:56.040 INFO [main] org.apache.catalina.startup.VersionLoggerListener.log JVM Version:                       20.0.1+9-29
14-Jun-2024 18:01:56.040 INFO [main] org.apache.catalina.startup.VersionLoggerListener.log Vededor JVM:                       Oracle Corporation
14-Jun-2024 18:01:56.041 INFO [main] org.apache.catalina.startup.VersionLoggerListener.log CATALINA_BASE:                     C:\Users\joni_\Downloads\ApacheTomcatServerExample\apache-tomcat-9.0.89
14-Jun-2024 18:01:56.041 INFO [main] org.apache.catalina.startup.VersionLoggerListener.log CATALINA_HOME:                     C:\Users\joni_\Downloads\ApacheTomcatServerExample\apache-tomcat-9.0.89
14-Jun-2024 18:01:56.058 INFO [main] org.apache.catalina.startup.VersionLoggerListener.log Command line argument:             --add-opens=java.base/java.lang=ALL-UNNAMED
14-Jun-2024 18:01:56.067 INFO [main] org.apache.catalina.startup.VersionLoggerListener.log Command line argument:             --add-opens=java.base/java.io=ALL-UNNAMED
14-Jun-2024 18:01:56.068 INFO [main] org.apache.catalina.startup.VersionLoggerListener.log Command line argument:             --add-opens=java.base/java.util=ALL-UNNAMED
14-Jun-2024 18:01:56.068 INFO [main] org.apache.catalina.startup.VersionLoggerListener.log Command line argument:             --add-opens=java.base/java.util.concurrent=ALL-UNNAMED
14-Jun-2024 18:01:56.069 INFO [main] org.apache.catalina.startup.VersionLoggerListener.log Command line argument:             --add-opens=java.rmi/sun.rmi.transport=ALL-UNNAMED
14-Jun-2024 18:01:56.070 INFO [main] org.apache.catalina.startup.VersionLoggerListener.log Command line argument:             -Djava.util.logging.config.file=C:\Users\joni_\Downloads\ApacheTomcatServerExample\apache-tomcat-9.0.89\conf\logging.properties
14-Jun-2024 18:01:56.070 INFO [main] org.apache.catalina.startup.VersionLoggerListener.log Command line argument:             -Djava.util.logging.manager=org.apache.juli.ClassLoaderLogManager
14-Jun-2024 18:01:56.071 INFO [main] org.apache.catalina.startup.VersionLoggerListener.log Command line argument:             -Djdk.tls.ephemeralDHKeySize=2048
14-Jun-2024 18:01:56.072 INFO [main] org.apache.catalina.startup.VersionLoggerListener.log Command line argument:             -Djava.protocol.handler.pkgs=org.apache.catalina.webresources
14-Jun-2024 18:01:56.072 INFO [main] org.apache.catalina.startup.VersionLoggerListener.log Command line argument:             -Dignore.endorsed.dirs=
14-Jun-2024 18:01:56.073 INFO [main] org.apache.catalina.startup.VersionLoggerListener.log Command line argument:             -Dcatalina.base=C:\Users\joni_\Downloads\ApacheTomcatServerExample\apache-tomcat-9.0.89
14-Jun-2024 18:01:56.074 INFO [main] org.apache.catalina.startup.VersionLoggerListener.log Command line argument:             -Dcatalina.home=C:\Users\joni_\Downloads\ApacheTomcatServerExample\apache-tomcat-9.0.89
14-Jun-2024 18:01:56.074 INFO [main] org.apache.catalina.startup.VersionLoggerListener.log Command line argument:             -Djava.io.tmpdir=C:\Users\joni_\Downloads\ApacheTomcatServerExample\apache-tomcat-9.0.89\temp
14-Jun-2024 18:01:56.085 INFO [main] org.apache.catalina.core.AprLifecycleListener.lifecycleEvent Cargada la biblioteca nativa APR de Apache Tomcat [1.3.0] con la versión APR [1.7.4].
14-Jun-2024 18:01:56.085 INFO [main] org.apache.catalina.core.AprLifecycleListener.lifecycleEvent Capacidades APR: IPv6 [true], enviar fichero [true], aceptar filtros [false], aleatorio [true], UDS [true].
14-Jun-2024 18:01:56.086 INFO [main] org.apache.catalina.core.AprLifecycleListener.lifecycleEvent APR/OpenSSL configuration: useAprConnector [false], useOpenSSL [true]
14-Jun-2024 18:01:56.115 INFO [main] org.apache.catalina.core.AprLifecycleListener.initializeSSL OpenSSL inicializado correctamente [OpenSSL 3.0.13 30 Jan 2024]
14-Jun-2024 18:01:56.514 INFO [main] org.apache.coyote.AbstractProtocol.init Inicializando el manejador de protocolo ["http-nio-8080"]

14-Jun-2024 18:01:56.540 INFO [main] org.apache.catalina.startup.Catalina.load Server initialization in [817] milliseconds
14-Jun-2024 18:01:56.593 INFO [main] org.apache.catalina.core.StandardService.startInternal Arrancando servicio [Catalina]
14-Jun-2024 18:01:56.594 INFO [main] org.apache.catalina.core.StandardEngine.startInternal Starting Servlet engine: [Apache Tomcat/9.0.89]
14-Jun-2024 18:01:56.605 INFO [main] org.apache.catalina.startup.HostConfig.deployDirectory Desplegando el directorio [C:\Users\joni_\Downloads\ApacheTomcatServerExample\apache-tomcat-9.0.89\webapps\docs] de la aplicación web
14-Jun-2024 18:01:56.998 INFO [main] org.apache.catalina.startup.HostConfig.deployDirectory Deployment of web application directory [C:\Users\joni_\Downloads\ApacheTomcatServerExample\apache-tomcat-9.0.89\webapps\docs] has finished in [391] ms
14-Jun-2024 18:01:56.999 INFO [main] org.apache.catalina.startup.HostConfig.deployDirectory Desplegando el directorio [C:\Users\joni_\Downloads\ApacheTomcatServerExample\apache-tomcat-9.0.89\webapps\examples] de la aplicación web
14-Jun-2024 18:01:57.656 INFO [main] org.apache.catalina.startup.HostConfig.deployDirectory Deployment of web application directory [C:\Users\joni_\Downloads\ApacheTomcatServerExample\apache-tomcat-9.0.89\webapps\examples] has finished in [657] ms
14-Jun-2024 18:01:57.658 INFO [main] org.apache.catalina.startup.HostConfig.deployDirectory Desplegando el directorio [C:\Users\joni_\Downloads\ApacheTomcatServerExample\apache-tomcat-9.0.89\webapps\host-manager] de la aplicación web
14-Jun-2024 18:01:57.726 INFO [main] org.apache.catalina.startup.HostConfig.deployDirectory Deployment of web application directory [C:\Users\joni_\Downloads\ApacheTomcatServerExample\apache-tomcat-9.0.89\webapps\host-manager] has finished in [69] ms
14-Jun-2024 18:01:57.727 INFO [main] org.apache.catalina.startup.HostConfig.deployDirectory Desplegando el directorio [C:\Users\joni_\Downloads\ApacheTomcatServerExample\apache-tomcat-9.0.89\webapps\manager] de la aplicación web
14-Jun-2024 18:01:57.786 INFO [main] org.apache.catalina.startup.HostConfig.deployDirectory Deployment of web application directory [C:\Users\joni_\Downloads\ApacheTomcatServerExample\apache-tomcat-9.0.89\webapps\manager] has finished in [58] ms
14-Jun-2024 18:01:57.787 INFO [main] org.apache.catalina.startup.HostConfig.deployDirectory Desplegando el directorio [C:\Users\joni_\Downloads\ApacheTomcatServerExample\apache-tomcat-9.0.89\webapps\ROOT] de la aplicación web
14-Jun-2024 18:01:57.823 INFO [main] org.apache.catalina.startup.HostConfig.deployDirectory Deployment of web application directory [C:\Users\joni_\Downloads\ApacheTomcatServerExample\apache-tomcat-9.0.89\webapps\ROOT] has finished in [36] ms
14-Jun-2024 18:01:57.830 INFO [main] org.apache.coyote.AbstractProtocol.start Starting ProtocolHandler ["http-nio-8080"]
14-Jun-2024 18:01:57.912 INFO [main] org.apache.catalina.startup.Catalina.start Server startup in [1370] milliseconds
14-Jun-2024 18:07:18.174 INFO [Catalina-utility-2] org.apache.catalina.startup.HostConfig.deployWAR Despliegue del archivo [C:\Users\joni_\Downloads\ApacheTomcatServerExample\apache-tomcat-9.0.89\webapps\HelloWorld.war] de la aplicación web
14-Jun-2024 18:07:18.222 INFO [Catalina-utility-2] org.apache.catalina.startup.HostConfig.deployWAR Deployment of web application archive [C:\Users\joni_\Downloads\ApacheTomcatServerExample\apache-tomcat-9.0.89\webapps\HelloWorld.war] has finished in [48] ms
14-Jun-2024 18:07:42.242 INFO [Thread-1] org.apache.coyote.AbstractProtocol.pause Pausing ProtocolHandler ["http-nio-8080"]
14-Jun-2024 18:07:42.249 INFO [Thread-1] org.apache.catalina.core.StandardService.stopInternal Parando servicio [Catalina]
14-Jun-2024 18:07:42.270 INFO [Thread-1] org.apache.coyote.AbstractProtocol.stop Stopping ProtocolHandler ["http-nio-8080"]
14-Jun-2024 18:07:42.279 INFO [Thread-1] org.apache.coyote.AbstractProtocol.destroy Destroying ProtocolHandler ["http-nio-8080"]
14-Jun-2024 18:07:48.647 INFO [main] org.apache.catalina.startup.VersionLoggerListener.log Nombre de la versión del servidor: Apache Tomcat/9.0.89
14-Jun-2024 18:07:48.651 INFO [main] org.apache.catalina.startup.VersionLoggerListener.log Server built:                      May 3 2024 20:22:11 UTC
14-Jun-2024 18:07:48.651 INFO [main] org.apache.catalina.startup.VersionLoggerListener.log Número de versión de servidor:     9.0.89.0
14-Jun-2024 18:07:48.652 INFO [main] org.apache.catalina.startup.VersionLoggerListener.log OS Name:                           Windows 11
14-Jun-2024 18:07:48.652 INFO [main] org.apache.catalina.startup.VersionLoggerListener.log Versión de Systema Operativo:      10.0
14-Jun-2024 18:07:48.652 INFO [main] org.apache.catalina.startup.VersionLoggerListener.log Arquitectura:                      amd64
14-Jun-2024 18:07:48.652 INFO [main] org.apache.catalina.startup.VersionLoggerListener.log Java Home:                         C:\Program Files\Java\jdk-20
14-Jun-2024 18:07:48.652 INFO [main] org.apache.catalina.startup.VersionLoggerListener.log JVM Version:                       20.0.1+9-29
14-Jun-2024 18:07:48.653 INFO [main] org.apache.catalina.startup.VersionLoggerListener.log Vededor JVM:                       Oracle Corporation
14-Jun-2024 18:07:48.653 INFO [main] org.apache.catalina.startup.VersionLoggerListener.log CATALINA_BASE:                     C:\Users\joni_\Downloads\ApacheTomcatServerExample\apache-tomcat-9.0.89
14-Jun-2024 18:07:48.653 INFO [main] org.apache.catalina.startup.VersionLoggerListener.log CATALINA_HOME:                     C:\Users\joni_\Downloads\ApacheTomcatServerExample\apache-tomcat-9.0.89
14-Jun-2024 18:07:48.662 INFO [main] org.apache.catalina.startup.VersionLoggerListener.log Command line argument:             --add-opens=java.base/java.lang=ALL-UNNAMED
14-Jun-2024 18:07:48.662 INFO [main] org.apache.catalina.startup.VersionLoggerListener.log Command line argument:             --add-opens=java.base/java.io=ALL-UNNAMED
14-Jun-2024 18:07:48.663 INFO [main] org.apache.catalina.startup.VersionLoggerListener.log Command line argument:             --add-opens=java.base/java.util=ALL-UNNAMED
14-Jun-2024 18:07:48.663 INFO [main] org.apache.catalina.startup.VersionLoggerListener.log Command line argument:             --add-opens=java.base/java.util.concurrent=ALL-UNNAMED
14-Jun-2024 18:07:48.665 INFO [main] org.apache.catalina.startup.VersionLoggerListener.log Command line argument:             --add-opens=java.rmi/sun.rmi.transport=ALL-UNNAMED
14-Jun-2024 18:07:48.666 INFO [main] org.apache.catalina.startup.VersionLoggerListener.log Command line argument:             -Djava.util.logging.config.file=C:\Users\joni_\Downloads\ApacheTomcatServerExample\apache-tomcat-9.0.89\conf\logging.properties
14-Jun-2024 18:07:48.666 INFO [main] org.apache.catalina.startup.VersionLoggerListener.log Command line argument:             -Djava.util.logging.manager=org.apache.juli.ClassLoaderLogManager
14-Jun-2024 18:07:48.667 INFO [main] org.apache.catalina.startup.VersionLoggerListener.log Command line argument:             -Djdk.tls.ephemeralDHKeySize=2048
14-Jun-2024 18:07:48.668 INFO [main] org.apache.catalina.startup.VersionLoggerListener.log Command line argument:             -Djava.protocol.handler.pkgs=org.apache.catalina.webresources
14-Jun-2024 18:07:48.668 INFO [main] org.apache.catalina.startup.VersionLoggerListener.log Command line argument:             -Dignore.endorsed.dirs=
14-Jun-2024 18:07:48.669 INFO [main] org.apache.catalina.startup.VersionLoggerListener.log Command line argument:             -Dcatalina.base=C:\Users\joni_\Downloads\ApacheTomcatServerExample\apache-tomcat-9.0.89
14-Jun-2024 18:07:48.670 INFO [main] org.apache.catalina.startup.VersionLoggerListener.log Command line argument:             -Dcatalina.home=C:\Users\joni_\Downloads\ApacheTomcatServerExample\apache-tomcat-9.0.89
14-Jun-2024 18:07:48.673 INFO [main] org.apache.catalina.startup.VersionLoggerListener.log Command line argument:             -Djava.io.tmpdir=C:\Users\joni_\Downloads\ApacheTomcatServerExample\apache-tomcat-9.0.89\temp
14-Jun-2024 18:07:48.677 INFO [main] org.apache.catalina.core.AprLifecycleListener.lifecycleEvent Cargada la biblioteca nativa APR de Apache Tomcat [1.3.0] con la versión APR [1.7.4].
14-Jun-2024 18:07:48.678 INFO [main] org.apache.catalina.core.AprLifecycleListener.lifecycleEvent Capacidades APR: IPv6 [true], enviar fichero [true], aceptar filtros [false], aleatorio [true], UDS [true].
14-Jun-2024 18:07:48.678 INFO [main] org.apache.catalina.core.AprLifecycleListener.lifecycleEvent APR/OpenSSL configuration: useAprConnector [false], useOpenSSL [true]
14-Jun-2024 18:07:48.685 INFO [main] org.apache.catalina.core.AprLifecycleListener.initializeSSL OpenSSL inicializado correctamente [OpenSSL 3.0.13 30 Jan 2024]
14-Jun-2024 18:07:49.035 INFO [main] org.apache.coyote.AbstractProtocol.init Inicializando el manejador de protocolo ["http-nio-8080"]

14-Jun-2024 18:07:49.063 INFO [main] org.apache.catalina.startup.Catalina.load Server initialization in [646] milliseconds
14-Jun-2024 18:07:49.145 INFO [main] org.apache.catalina.core.StandardService.startInternal Arrancando servicio [Catalina]
14-Jun-2024 18:07:49.145 INFO [main] org.apache.catalina.core.StandardEngine.startInternal Starting Servlet engine: [Apache Tomcat/9.0.89]
14-Jun-2024 18:07:49.165 INFO [main] org.apache.catalina.startup.HostConfig.deployWAR Despliegue del archivo [C:\Users\joni_\Downloads\ApacheTomcatServerExample\apache-tomcat-9.0.89\webapps\HelloWorld.war] de la aplicación web
14-Jun-2024 18:07:49.524 INFO [main] org.apache.catalina.startup.HostConfig.deployWAR Deployment of web application archive [C:\Users\joni_\Downloads\ApacheTomcatServerExample\apache-tomcat-9.0.89\webapps\HelloWorld.war] has finished in [356] ms
14-Jun-2024 18:07:49.525 INFO [main] org.apache.catalina.startup.HostConfig.deployDirectory Desplegando el directorio [C:\Users\joni_\Downloads\ApacheTomcatServerExample\apache-tomcat-9.0.89\webapps\docs] de la aplicación web
14-Jun-2024 18:07:49.568 INFO [main] org.apache.catalina.startup.HostConfig.deployDirectory Deployment of web application directory [C:\Users\joni_\Downloads\ApacheTomcatServerExample\apache-tomcat-9.0.89\webapps\docs] has finished in [43] ms
14-Jun-2024 18:07:49.568 INFO [main] org.apache.catalina.startup.HostConfig.deployDirectory Desplegando el directorio [C:\Users\joni_\Downloads\ApacheTomcatServerExample\apache-tomcat-9.0.89\webapps\examples] de la aplicación web
14-Jun-2024 18:07:50.006 INFO [main] org.apache.catalina.startup.HostConfig.deployDirectory Deployment of web application directory [C:\Users\joni_\Downloads\ApacheTomcatServerExample\apache-tomcat-9.0.89\webapps\examples] has finished in [438] ms
14-Jun-2024 18:07:50.007 INFO [main] org.apache.catalina.startup.HostConfig.deployDirectory Desplegando el directorio [C:\Users\joni_\Downloads\ApacheTomcatServerExample\apache-tomcat-9.0.89\webapps\host-manager] de la aplicación web
14-Jun-2024 18:07:50.048 INFO [main] org.apache.catalina.startup.HostConfig.deployDirectory Deployment of web application directory [C:\Users\joni_\Downloads\ApacheTomcatServerExample\apache-tomcat-9.0.89\webapps\host-manager] has finished in [41] ms
14-Jun-2024 18:07:50.050 INFO [main] org.apache.catalina.startup.HostConfig.deployDirectory Desplegando el directorio [C:\Users\joni_\Downloads\ApacheTomcatServerExample\apache-tomcat-9.0.89\webapps\manager] de la aplicación web
14-Jun-2024 18:07:50.085 INFO [main] org.apache.catalina.startup.HostConfig.deployDirectory Deployment of web application directory [C:\Users\joni_\Downloads\ApacheTomcatServerExample\apache-tomcat-9.0.89\webapps\manager] has finished in [35] ms
14-Jun-2024 18:07:50.086 INFO [main] org.apache.catalina.startup.HostConfig.deployDirectory Desplegando el directorio [C:\Users\joni_\Downloads\ApacheTomcatServerExample\apache-tomcat-9.0.89\webapps\ROOT] de la aplicación web
14-Jun-2024 18:07:50.112 INFO [main] org.apache.catalina.startup.HostConfig.deployDirectory Deployment of web application directory [C:\Users\joni_\Downloads\ApacheTomcatServerExample\apache-tomcat-9.0.89\webapps\ROOT] has finished in [25] ms
14-Jun-2024 18:07:50.120 INFO [main] org.apache.coyote.AbstractProtocol.start Starting ProtocolHandler ["http-nio-8080"]
14-Jun-2024 18:07:50.167 INFO [main] org.apache.catalina.startup.Catalina.start Server startup in [1101] milliseconds
14-Jun-2024 18:17:44.103 INFO [main] org.apache.catalina.startup.VersionLoggerListener.log Nombre de la versión del servidor: Apache Tomcat/9.0.89
14-Jun-2024 18:17:44.108 INFO [main] org.apache.catalina.startup.VersionLoggerListener.log Server built:                      May 3 2024 20:22:11 UTC
14-Jun-2024 18:17:44.108 INFO [main] org.apache.catalina.startup.VersionLoggerListener.log Número de versión de servidor:     9.0.89.0
14-Jun-2024 18:17:44.108 INFO [main] org.apache.catalina.startup.VersionLoggerListener.log OS Name:                           Windows 11
14-Jun-2024 18:17:44.108 INFO [main] org.apache.catalina.startup.VersionLoggerListener.log Versión de Systema Operativo:      10.0
14-Jun-2024 18:17:44.109 INFO [main] org.apache.catalina.startup.VersionLoggerListener.log Arquitectura:                      amd64
14-Jun-2024 18:17:44.109 INFO [main] org.apache.catalina.startup.VersionLoggerListener.log Java Home:                         C:\Program Files\Java\jdk-20
14-Jun-2024 18:17:44.109 INFO [main] org.apache.catalina.startup.VersionLoggerListener.log JVM Version:                       20.0.1+9-29
14-Jun-2024 18:17:44.109 INFO [main] org.apache.catalina.startup.VersionLoggerListener.log Vededor JVM:                       Oracle Corporation
14-Jun-2024 18:17:44.110 INFO [main] org.apache.catalina.startup.VersionLoggerListener.log CATALINA_BASE:                     C:\Users\joni_\Downloads\ApacheTomcatServerExample\apache-tomcat-9.0.89
14-Jun-2024 18:17:44.110 INFO [main] org.apache.catalina.startup.VersionLoggerListener.log CATALINA_HOME:                     C:\Users\joni_\Downloads\ApacheTomcatServerExample\apache-tomcat-9.0.89
14-Jun-2024 18:17:44.121 INFO [main] org.apache.catalina.startup.VersionLoggerListener.log Command line argument:             --add-opens=java.base/java.lang=ALL-UNNAMED
14-Jun-2024 18:17:44.122 INFO [main] org.apache.catalina.startup.VersionLoggerListener.log Command line argument:             --add-opens=java.base/java.io=ALL-UNNAMED
14-Jun-2024 18:17:44.123 INFO [main] org.apache.catalina.startup.VersionLoggerListener.log Command line argument:             --add-opens=java.base/java.util=ALL-UNNAMED
14-Jun-2024 18:17:44.123 INFO [main] org.apache.catalina.startup.VersionLoggerListener.log Command line argument:             --add-opens=java.base/java.util.concurrent=ALL-UNNAMED
14-Jun-2024 18:17:44.124 INFO [main] org.apache.catalina.startup.VersionLoggerListener.log Command line argument:             --add-opens=java.rmi/sun.rmi.transport=ALL-UNNAMED
14-Jun-2024 18:17:44.125 INFO [main] org.apache.catalina.startup.VersionLoggerListener.log Command line argument:             -Djava.util.logging.config.file=C:\Users\joni_\Downloads\ApacheTomcatServerExample\apache-tomcat-9.0.89\conf\logging.properties
14-Jun-2024 18:17:44.125 INFO [main] org.apache.catalina.startup.VersionLoggerListener.log Command line argument:             -Djava.util.logging.manager=org.apache.juli.ClassLoaderLogManager
14-Jun-2024 18:17:44.126 INFO [main] org.apache.catalina.startup.VersionLoggerListener.log Command line argument:             -Djdk.tls.ephemeralDHKeySize=2048
14-Jun-2024 18:17:44.127 INFO [main] org.apache.catalina.startup.VersionLoggerListener.log Command line argument:             -Djava.protocol.handler.pkgs=org.apache.catalina.webresources
14-Jun-2024 18:17:44.128 INFO [main] org.apache.catalina.startup.VersionLoggerListener.log Command line argument:             -Dignore.endorsed.dirs=
14-Jun-2024 18:17:44.128 INFO [main] org.apache.catalina.startup.VersionLoggerListener.log Command line argument:             -Dcatalina.base=C:\Users\joni_\Downloads\ApacheTomcatServerExample\apache-tomcat-9.0.89
14-Jun-2024 18:17:44.129 INFO [main] org.apache.catalina.startup.VersionLoggerListener.log Command line argument:             -Dcatalina.home=C:\Users\joni_\Downloads\ApacheTomcatServerExample\apache-tomcat-9.0.89
14-Jun-2024 18:17:44.129 INFO [main] org.apache.catalina.startup.VersionLoggerListener.log Command line argument:             -Djava.io.tmpdir=C:\Users\joni_\Downloads\ApacheTomcatServerExample\apache-tomcat-9.0.89\temp
14-Jun-2024 18:17:44.133 INFO [main] org.apache.catalina.core.AprLifecycleListener.lifecycleEvent Cargada la biblioteca nativa APR de Apache Tomcat [1.3.0] con la versión APR [1.7.4].
14-Jun-2024 18:17:44.134 INFO [main] org.apache.catalina.core.AprLifecycleListener.lifecycleEvent Capacidades APR: IPv6 [true], enviar fichero [true], aceptar filtros [false], aleatorio [true], UDS [true].
14-Jun-2024 18:17:44.134 INFO [main] org.apache.catalina.core.AprLifecycleListener.lifecycleEvent APR/OpenSSL configuration: useAprConnector [false], useOpenSSL [true]
14-Jun-2024 18:17:44.141 INFO [main] org.apache.catalina.core.AprLifecycleListener.initializeSSL OpenSSL inicializado correctamente [OpenSSL 3.0.13 30 Jan 2024]
14-Jun-2024 18:17:44.474 INFO [main] org.apache.coyote.AbstractProtocol.init Inicializando el manejador de protocolo ["http-nio-8080"]

14-Jun-2024 18:17:44.494 SEVERE [main] org.apache.catalina.util.LifecycleBase.handleSubClassException Fallo al iniciar el componente [Connector["http-nio-8080"]]
	org.apache.catalina.LifecycleException: Falló la inicialización del manejador de protocolo
		at org.apache.catalina.connector.Connector.initInternal(Connector.java:1012)
		at org.apache.catalina.util.LifecycleBase.init(LifecycleBase.java:127)
		at org.apache.catalina.core.StandardService.initInternal(StandardService.java:525)
		at org.apache.catalina.util.LifecycleBase.init(LifecycleBase.java:127)
		at org.apache.catalina.core.StandardServer.initInternal(StandardServer.java:990)
		at org.apache.catalina.util.LifecycleBase.init(LifecycleBase.java:127)
		at org.apache.catalina.startup.Catalina.load(Catalina.java:686)
		at org.apache.catalina.startup.Catalina.load(Catalina.java:709)
		at java.base/jdk.internal.reflect.DirectMethodHandleAccessor.invoke(DirectMethodHandleAccessor.java:104)
		at java.base/java.lang.reflect.Method.invoke(Method.java:578)
		at org.apache.catalina.startup.Bootstrap.load(Bootstrap.java:302)
		at org.apache.catalina.startup.Bootstrap.main(Bootstrap.java:472)
	Caused by: java.net.BindException: Address already in use: bind
		at java.base/sun.nio.ch.Net.bind0(Native Method)
		at java.base/sun.nio.ch.Net.bind(Net.java:556)
		at java.base/sun.nio.ch.ServerSocketChannelImpl.netBind(ServerSocketChannelImpl.java:344)
		at java.base/sun.nio.ch.ServerSocketChannelImpl.bind(ServerSocketChannelImpl.java:301)
		at org.apache.tomcat.util.net.NioEndpoint.initServerSocket(NioEndpoint.java:268)
		at org.apache.tomcat.util.net.NioEndpoint.bind(NioEndpoint.java:223)
		at org.apache.tomcat.util.net.AbstractEndpoint.bindWithCleanup(AbstractEndpoint.java:1355)
		at org.apache.tomcat.util.net.AbstractEndpoint.init(AbstractEndpoint.java:1368)
		at org.apache.coyote.AbstractProtocol.init(AbstractProtocol.java:654)
		at org.apache.coyote.http11.AbstractHttp11Protocol.init(AbstractHttp11Protocol.java:75)
		at org.apache.catalina.connector.Connector.initInternal(Connector.java:1010)
		... 11 more
14-Jun-2024 18:17:44.498 INFO [main] org.apache.catalina.startup.Catalina.load Server initialization in [630] milliseconds
14-Jun-2024 18:17:44.571 INFO [main] org.apache.catalina.core.StandardService.startInternal Arrancando servicio [Catalina]
14-Jun-2024 18:17:44.573 INFO [main] org.apache.catalina.core.StandardEngine.startInternal Starting Servlet engine: [Apache Tomcat/9.0.89]
14-Jun-2024 18:17:44.588 INFO [main] org.apache.catalina.startup.HostConfig.deployWAR Despliegue del archivo [C:\Users\joni_\Downloads\ApacheTomcatServerExample\apache-tomcat-9.0.89\webapps\HelloWorld.war] de la aplicación web
14-Jun-2024 18:17:44.944 INFO [main] org.apache.catalina.startup.HostConfig.deployWAR Deployment of web application archive [C:\Users\joni_\Downloads\ApacheTomcatServerExample\apache-tomcat-9.0.89\webapps\HelloWorld.war] has finished in [353] ms
14-Jun-2024 18:17:44.945 INFO [main] org.apache.catalina.startup.HostConfig.deployDirectory Desplegando el directorio [C:\Users\joni_\Downloads\ApacheTomcatServerExample\apache-tomcat-9.0.89\webapps\docs] de la aplicación web
14-Jun-2024 18:17:44.996 INFO [main] org.apache.catalina.startup.HostConfig.deployDirectory Deployment of web application directory [C:\Users\joni_\Downloads\ApacheTomcatServerExample\apache-tomcat-9.0.89\webapps\docs] has finished in [50] ms
14-Jun-2024 18:17:44.998 INFO [main] org.apache.catalina.startup.HostConfig.deployDirectory Desplegando el directorio [C:\Users\joni_\Downloads\ApacheTomcatServerExample\apache-tomcat-9.0.89\webapps\examples] de la aplicación web
14-Jun-2024 18:17:45.464 INFO [main] org.apache.catalina.startup.HostConfig.deployDirectory Deployment of web application directory [C:\Users\joni_\Downloads\ApacheTomcatServerExample\apache-tomcat-9.0.89\webapps\examples] has finished in [467] ms
14-Jun-2024 18:17:45.465 INFO [main] org.apache.catalina.startup.HostConfig.deployDirectory Desplegando el directorio [C:\Users\joni_\Downloads\ApacheTomcatServerExample\apache-tomcat-9.0.89\webapps\host-manager] de la aplicación web
14-Jun-2024 18:17:45.504 INFO [main] org.apache.catalina.startup.HostConfig.deployDirectory Deployment of web application directory [C:\Users\joni_\Downloads\ApacheTomcatServerExample\apache-tomcat-9.0.89\webapps\host-manager] has finished in [39] ms
14-Jun-2024 18:17:45.505 INFO [main] org.apache.catalina.startup.HostConfig.deployDirectory Desplegando el directorio [C:\Users\joni_\Downloads\ApacheTomcatServerExample\apache-tomcat-9.0.89\webapps\manager] de la aplicación web
14-Jun-2024 18:17:45.546 INFO [main] org.apache.catalina.startup.HostConfig.deployDirectory Deployment of web application directory [C:\Users\joni_\Downloads\ApacheTomcatServerExample\apache-tomcat-9.0.89\webapps\manager] has finished in [40] ms
14-Jun-2024 18:17:45.546 INFO [main] org.apache.catalina.startup.HostConfig.deployDirectory Desplegando el directorio [C:\Users\joni_\Downloads\ApacheTomcatServerExample\apache-tomcat-9.0.89\webapps\ROOT] de la aplicación web
14-Jun-2024 18:17:45.573 INFO [main] org.apache.catalina.startup.HostConfig.deployDirectory Deployment of web application directory [C:\Users\joni_\Downloads\ApacheTomcatServerExample\apache-tomcat-9.0.89\webapps\ROOT] has finished in [27] ms
14-Jun-2024 18:17:45.581 INFO [main] org.apache.catalina.startup.Catalina.start Server startup in [1080] milliseconds
14-Jun-2024 18:17:45.588 SEVERE [main] org.apache.catalina.core.StandardServer.await Failed to create server shutdown socket on address [localhost] and port [8005] (base port [8005] and offset [0])
	java.net.BindException: Address already in use: bind
		at java.base/sun.nio.ch.Net.bind0(Native Method)
		at java.base/sun.nio.ch.Net.bind(Net.java:556)
		at java.base/sun.nio.ch.Net.bind(Net.java:545)
		at java.base/sun.nio.ch.NioSocketImpl.bind(NioSocketImpl.java:629)
		at java.base/java.net.ServerSocket.bind(ServerSocket.java:393)
		at java.base/java.net.ServerSocket.<init>(ServerSocket.java:275)
		at org.apache.catalina.core.StandardServer.await(StandardServer.java:541)
		at org.apache.catalina.startup.Catalina.await(Catalina.java:825)
		at org.apache.catalina.startup.Catalina.start(Catalina.java:773)
		at java.base/jdk.internal.reflect.DirectMethodHandleAccessor.invoke(DirectMethodHandleAccessor.java:104)
		at java.base/java.lang.reflect.Method.invoke(Method.java:578)
		at org.apache.catalina.startup.Bootstrap.start(Bootstrap.java:345)
		at org.apache.catalina.startup.Bootstrap.main(Bootstrap.java:473)
14-Jun-2024 18:17:45.590 INFO [main] org.apache.coyote.AbstractProtocol.pause Pausing ProtocolHandler ["http-nio-8080"]
14-Jun-2024 18:17:45.592 INFO [main] org.apache.catalina.core.StandardService.stopInternal Parando servicio [Catalina]
14-Jun-2024 18:17:45.617 INFO [main] org.apache.coyote.AbstractProtocol.stop Stopping ProtocolHandler ["http-nio-8080"]
14-Jun-2024 18:17:45.619 INFO [main] org.apache.coyote.AbstractProtocol.destroy Destroying ProtocolHandler ["http-nio-8080"]
14-Jun-2024 18:20:00.998 INFO [Catalina-utility-2] org.apache.catalina.startup.HostConfig.undeploy Repliegue (undeploy) de la aplicación web que tiene como trayectoria de contexto [/HelloWorld]
14-Jun-2024 18:20:26.421 INFO [Thread-1] org.apache.coyote.AbstractProtocol.pause Pausing ProtocolHandler ["http-nio-8080"]
14-Jun-2024 18:20:26.429 INFO [Thread-1] org.apache.catalina.core.StandardService.stopInternal Parando servicio [Catalina]
14-Jun-2024 18:20:26.444 INFO [Thread-1] org.apache.coyote.AbstractProtocol.stop Stopping ProtocolHandler ["http-nio-8080"]
14-Jun-2024 18:20:26.470 INFO [Thread-1] org.apache.coyote.AbstractProtocol.destroy Destroying ProtocolHandler ["http-nio-8080"]
14-Jun-2024 18:20:36.348 INFO [main] org.apache.catalina.startup.VersionLoggerListener.log Nombre de la versión del servidor: Apache Tomcat/9.0.89
14-Jun-2024 18:20:36.352 INFO [main] org.apache.catalina.startup.VersionLoggerListener.log Server built:                      May 3 2024 20:22:11 UTC
14-Jun-2024 18:20:36.352 INFO [main] org.apache.catalina.startup.VersionLoggerListener.log Número de versión de servidor:     9.0.89.0
14-Jun-2024 18:20:36.353 INFO [main] org.apache.catalina.startup.VersionLoggerListener.log OS Name:                           Windows 11
14-Jun-2024 18:20:36.353 INFO [main] org.apache.catalina.startup.VersionLoggerListener.log Versión de Systema Operativo:      10.0
14-Jun-2024 18:20:36.353 INFO [main] org.apache.catalina.startup.VersionLoggerListener.log Arquitectura:                      amd64
14-Jun-2024 18:20:36.353 INFO [main] org.apache.catalina.startup.VersionLoggerListener.log Java Home:                         C:\Program Files\Java\jdk-20
14-Jun-2024 18:20:36.354 INFO [main] org.apache.catalina.startup.VersionLoggerListener.log JVM Version:                       20.0.1+9-29
14-Jun-2024 18:20:36.354 INFO [main] org.apache.catalina.startup.VersionLoggerListener.log Vededor JVM:                       Oracle Corporation
14-Jun-2024 18:20:36.354 INFO [main] org.apache.catalina.startup.VersionLoggerListener.log CATALINA_BASE:                     C:\Users\joni_\Downloads\ApacheTomcatServerExample\apache-tomcat-9.0.89
14-Jun-2024 18:20:36.355 INFO [main] org.apache.catalina.startup.VersionLoggerListener.log CATALINA_HOME:                     C:\Users\joni_\Downloads\ApacheTomcatServerExample\apache-tomcat-9.0.89
14-Jun-2024 18:20:36.365 INFO [main] org.apache.catalina.startup.VersionLoggerListener.log Command line argument:             --add-opens=java.base/java.lang=ALL-UNNAMED
14-Jun-2024 18:20:36.368 INFO [main] org.apache.catalina.startup.VersionLoggerListener.log Command line argument:             --add-opens=java.base/java.io=ALL-UNNAMED
14-Jun-2024 18:20:36.369 INFO [main] org.apache.catalina.startup.VersionLoggerListener.log Command line argument:             --add-opens=java.base/java.util=ALL-UNNAMED
14-Jun-2024 18:20:36.370 INFO [main] org.apache.catalina.startup.VersionLoggerListener.log Command line argument:             --add-opens=java.base/java.util.concurrent=ALL-UNNAMED
14-Jun-2024 18:20:36.370 INFO [main] org.apache.catalina.startup.VersionLoggerListener.log Command line argument:             --add-opens=java.rmi/sun.rmi.transport=ALL-UNNAMED
14-Jun-2024 18:20:36.370 INFO [main] org.apache.catalina.startup.VersionLoggerListener.log Command line argument:             -Djava.util.logging.config.file=C:\Users\joni_\Downloads\ApacheTomcatServerExample\apache-tomcat-9.0.89\conf\logging.properties
14-Jun-2024 18:20:36.372 INFO [main] org.apache.catalina.startup.VersionLoggerListener.log Command line argument:             -Djava.util.logging.manager=org.apache.juli.ClassLoaderLogManager
14-Jun-2024 18:20:36.372 INFO [main] org.apache.catalina.startup.VersionLoggerListener.log Command line argument:             -Djdk.tls.ephemeralDHKeySize=2048
14-Jun-2024 18:20:36.373 INFO [main] org.apache.catalina.startup.VersionLoggerListener.log Command line argument:             -Djava.protocol.handler.pkgs=org.apache.catalina.webresources
14-Jun-2024 18:20:36.374 INFO [main] org.apache.catalina.startup.VersionLoggerListener.log Command line argument:             -Dignore.endorsed.dirs=
14-Jun-2024 18:20:36.375 INFO [main] org.apache.catalina.startup.VersionLoggerListener.log Command line argument:             -Dcatalina.base=C:\Users\joni_\Downloads\ApacheTomcatServerExample\apache-tomcat-9.0.89
14-Jun-2024 18:20:36.376 INFO [main] org.apache.catalina.startup.VersionLoggerListener.log Command line argument:             -Dcatalina.home=C:\Users\joni_\Downloads\ApacheTomcatServerExample\apache-tomcat-9.0.89
14-Jun-2024 18:20:36.376 INFO [main] org.apache.catalina.startup.VersionLoggerListener.log Command line argument:             -Djava.io.tmpdir=C:\Users\joni_\Downloads\ApacheTomcatServerExample\apache-tomcat-9.0.89\temp
14-Jun-2024 18:20:36.380 INFO [main] org.apache.catalina.core.AprLifecycleListener.lifecycleEvent Cargada la biblioteca nativa APR de Apache Tomcat [1.3.0] con la versión APR [1.7.4].
14-Jun-2024 18:20:36.380 INFO [main] org.apache.catalina.core.AprLifecycleListener.lifecycleEvent Capacidades APR: IPv6 [true], enviar fichero [true], aceptar filtros [false], aleatorio [true], UDS [true].
14-Jun-2024 18:20:36.381 INFO [main] org.apache.catalina.core.AprLifecycleListener.lifecycleEvent APR/OpenSSL configuration: useAprConnector [false], useOpenSSL [true]
14-Jun-2024 18:20:36.389 INFO [main] org.apache.catalina.core.AprLifecycleListener.initializeSSL OpenSSL inicializado correctamente [OpenSSL 3.0.13 30 Jan 2024]
14-Jun-2024 18:20:36.748 INFO [main] org.apache.coyote.AbstractProtocol.init Inicializando el manejador de protocolo ["http-nio-8080"]

14-Jun-2024 18:20:36.777 INFO [main] org.apache.catalina.startup.Catalina.load Server initialization in [680] milliseconds
14-Jun-2024 18:20:36.840 INFO [main] org.apache.catalina.core.StandardService.startInternal Arrancando servicio [Catalina]
14-Jun-2024 18:20:36.841 INFO [main] org.apache.catalina.core.StandardEngine.startInternal Starting Servlet engine: [Apache Tomcat/9.0.89]
14-Jun-2024 18:20:36.861 INFO [main] org.apache.catalina.startup.HostConfig.deployWAR Despliegue del archivo [C:\Users\joni_\Downloads\ApacheTomcatServerExample\apache-tomcat-9.0.89\webapps\HelloWorld.war] de la aplicación web
14-Jun-2024 18:20:37.285 INFO [main] org.apache.catalina.startup.HostConfig.deployWAR Deployment of web application archive [C:\Users\joni_\Downloads\ApacheTomcatServerExample\apache-tomcat-9.0.89\webapps\HelloWorld.war] has finished in [420] ms
14-Jun-2024 18:20:37.286 INFO [main] org.apache.catalina.startup.HostConfig.deployDirectory Desplegando el directorio [C:\Users\joni_\Downloads\ApacheTomcatServerExample\apache-tomcat-9.0.89\webapps\docs] de la aplicación web
14-Jun-2024 18:20:37.331 INFO [main] org.apache.catalina.startup.HostConfig.deployDirectory Deployment of web application directory [C:\Users\joni_\Downloads\ApacheTomcatServerExample\apache-tomcat-9.0.89\webapps\docs] has finished in [45] ms
14-Jun-2024 18:20:37.332 INFO [main] org.apache.catalina.startup.HostConfig.deployDirectory Desplegando el directorio [C:\Users\joni_\Downloads\ApacheTomcatServerExample\apache-tomcat-9.0.89\webapps\examples] de la aplicación web
14-Jun-2024 18:20:37.795 INFO [main] org.apache.catalina.startup.HostConfig.deployDirectory Deployment of web application directory [C:\Users\joni_\Downloads\ApacheTomcatServerExample\apache-tomcat-9.0.89\webapps\examples] has finished in [463] ms
14-Jun-2024 18:20:37.796 INFO [main] org.apache.catalina.startup.HostConfig.deployDirectory Desplegando el directorio [C:\Users\joni_\Downloads\ApacheTomcatServerExample\apache-tomcat-9.0.89\webapps\host-manager] de la aplicación web
14-Jun-2024 18:20:37.836 INFO [main] org.apache.catalina.startup.HostConfig.deployDirectory Deployment of web application directory [C:\Users\joni_\Downloads\ApacheTomcatServerExample\apache-tomcat-9.0.89\webapps\host-manager] has finished in [40] ms
14-Jun-2024 18:20:37.837 INFO [main] org.apache.catalina.startup.HostConfig.deployDirectory Desplegando el directorio [C:\Users\joni_\Downloads\ApacheTomcatServerExample\apache-tomcat-9.0.89\webapps\manager] de la aplicación web
14-Jun-2024 18:20:37.877 INFO [main] org.apache.catalina.startup.HostConfig.deployDirectory Deployment of web application directory [C:\Users\joni_\Downloads\ApacheTomcatServerExample\apache-tomcat-9.0.89\webapps\manager] has finished in [39] ms
14-Jun-2024 18:20:37.878 INFO [main] org.apache.catalina.startup.HostConfig.deployDirectory Desplegando el directorio [C:\Users\joni_\Downloads\ApacheTomcatServerExample\apache-tomcat-9.0.89\webapps\ROOT] de la aplicación web
14-Jun-2024 18:20:37.907 INFO [main] org.apache.catalina.startup.HostConfig.deployDirectory Deployment of web application directory [C:\Users\joni_\Downloads\ApacheTomcatServerExample\apache-tomcat-9.0.89\webapps\ROOT] has finished in [30] ms
14-Jun-2024 18:20:37.915 INFO [main] org.apache.coyote.AbstractProtocol.start Starting ProtocolHandler ["http-nio-8080"]
14-Jun-2024 18:20:37.971 INFO [main] org.apache.catalina.startup.Catalina.start Server startup in [1191] milliseconds
14-Jun-2024 18:32:28.721 INFO [Catalina-utility-1] org.apache.catalina.startup.HostConfig.undeploy Repliegue (undeploy) de la aplicación web que tiene como trayectoria de contexto [/HelloWorld]
14-Jun-2024 18:32:34.117 INFO [Thread-1] org.apache.coyote.AbstractProtocol.pause Pausing ProtocolHandler ["http-nio-8080"]
14-Jun-2024 18:32:34.125 INFO [Thread-1] org.apache.catalina.core.StandardService.stopInternal Parando servicio [Catalina]
14-Jun-2024 18:32:34.138 INFO [Thread-1] org.apache.coyote.AbstractProtocol.stop Stopping ProtocolHandler ["http-nio-8080"]
14-Jun-2024 18:32:34.155 INFO [Thread-1] org.apache.coyote.AbstractProtocol.destroy Destroying ProtocolHandler ["http-nio-8080"]
14-Jun-2024 18:37:11.474 INFO [main] org.apache.catalina.startup.VersionLoggerListener.log Nombre de la versión del servidor: Apache Tomcat/9.0.89
14-Jun-2024 18:37:11.477 INFO [main] org.apache.catalina.startup.VersionLoggerListener.log Server built:                      May 3 2024 20:22:11 UTC
14-Jun-2024 18:37:11.479 INFO [main] org.apache.catalina.startup.VersionLoggerListener.log Número de versión de servidor:     9.0.89.0
14-Jun-2024 18:37:11.479 INFO [main] org.apache.catalina.startup.VersionLoggerListener.log OS Name:                           Windows 11
14-Jun-2024 18:37:11.479 INFO [main] org.apache.catalina.startup.VersionLoggerListener.log Versión de Systema Operativo:      10.0
14-Jun-2024 18:37:11.479 INFO [main] org.apache.catalina.startup.VersionLoggerListener.log Arquitectura:                      amd64
14-Jun-2024 18:37:11.479 INFO [main] org.apache.catalina.startup.VersionLoggerListener.log Java Home:                         C:\Program Files\Java\jdk-20
14-Jun-2024 18:37:11.480 INFO [main] org.apache.catalina.startup.VersionLoggerListener.log JVM Version:                       20.0.1+9-29
14-Jun-2024 18:37:11.480 INFO [main] org.apache.catalina.startup.VersionLoggerListener.log Vededor JVM:                       Oracle Corporation
14-Jun-2024 18:37:11.480 INFO [main] org.apache.catalina.startup.VersionLoggerListener.log CATALINA_BASE:                     C:\Users\joni_\Downloads\ApacheTomcatServerExample\apache-tomcat-9.0.89
14-Jun-2024 18:37:11.480 INFO [main] org.apache.catalina.startup.VersionLoggerListener.log CATALINA_HOME:                     C:\Users\joni_\Downloads\ApacheTomcatServerExample\apache-tomcat-9.0.89
14-Jun-2024 18:37:11.490 INFO [main] org.apache.catalina.startup.VersionLoggerListener.log Command line argument:             --add-opens=java.base/java.lang=ALL-UNNAMED
14-Jun-2024 18:37:11.490 INFO [main] org.apache.catalina.startup.VersionLoggerListener.log Command line argument:             --add-opens=java.base/java.io=ALL-UNNAMED
14-Jun-2024 18:37:11.490 INFO [main] org.apache.catalina.startup.VersionLoggerListener.log Command line argument:             --add-opens=java.base/java.util=ALL-UNNAMED
14-Jun-2024 18:37:11.491 INFO [main] org.apache.catalina.startup.VersionLoggerListener.log Command line argument:             --add-opens=java.base/java.util.concurrent=ALL-UNNAMED
14-Jun-2024 18:37:11.492 INFO [main] org.apache.catalina.startup.VersionLoggerListener.log Command line argument:             --add-opens=java.rmi/sun.rmi.transport=ALL-UNNAMED
14-Jun-2024 18:37:11.495 INFO [main] org.apache.catalina.startup.VersionLoggerListener.log Command line argument:             -Djava.util.logging.config.file=C:\Users\joni_\Downloads\ApacheTomcatServerExample\apache-tomcat-9.0.89\conf\logging.properties
14-Jun-2024 18:37:11.495 INFO [main] org.apache.catalina.startup.VersionLoggerListener.log Command line argument:             -Djava.util.logging.manager=org.apache.juli.ClassLoaderLogManager
14-Jun-2024 18:37:11.496 INFO [main] org.apache.catalina.startup.VersionLoggerListener.log Command line argument:             -Djdk.tls.ephemeralDHKeySize=2048
14-Jun-2024 18:37:11.497 INFO [main] org.apache.catalina.startup.VersionLoggerListener.log Command line argument:             -Djava.protocol.handler.pkgs=org.apache.catalina.webresources
14-Jun-2024 18:37:11.497 INFO [main] org.apache.catalina.startup.VersionLoggerListener.log Command line argument:             -Dignore.endorsed.dirs=
14-Jun-2024 18:37:11.498 INFO [main] org.apache.catalina.startup.VersionLoggerListener.log Command line argument:             -Dcatalina.base=C:\Users\joni_\Downloads\ApacheTomcatServerExample\apache-tomcat-9.0.89
14-Jun-2024 18:37:11.499 INFO [main] org.apache.catalina.startup.VersionLoggerListener.log Command line argument:             -Dcatalina.home=C:\Users\joni_\Downloads\ApacheTomcatServerExample\apache-tomcat-9.0.89
14-Jun-2024 18:37:11.499 INFO [main] org.apache.catalina.startup.VersionLoggerListener.log Command line argument:             -Djava.io.tmpdir=C:\Users\joni_\Downloads\ApacheTomcatServerExample\apache-tomcat-9.0.89\temp
14-Jun-2024 18:37:11.503 INFO [main] org.apache.catalina.core.AprLifecycleListener.lifecycleEvent Cargada la biblioteca nativa APR de Apache Tomcat [1.3.0] con la versión APR [1.7.4].
14-Jun-2024 18:37:11.503 INFO [main] org.apache.catalina.core.AprLifecycleListener.lifecycleEvent Capacidades APR: IPv6 [true], enviar fichero [true], aceptar filtros [false], aleatorio [true], UDS [true].
14-Jun-2024 18:37:11.504 INFO [main] org.apache.catalina.core.AprLifecycleListener.lifecycleEvent APR/OpenSSL configuration: useAprConnector [false], useOpenSSL [true]
14-Jun-2024 18:37:11.510 INFO [main] org.apache.catalina.core.AprLifecycleListener.initializeSSL OpenSSL inicializado correctamente [OpenSSL 3.0.13 30 Jan 2024]
14-Jun-2024 18:37:11.819 INFO [main] org.apache.coyote.AbstractProtocol.init Inicializando el manejador de protocolo ["http-nio-8080"]

14-Jun-2024 18:37:11.848 INFO [main] org.apache.catalina.startup.Catalina.load Server initialization in [610] milliseconds
14-Jun-2024 18:37:11.913 INFO [main] org.apache.catalina.core.StandardService.startInternal Arrancando servicio [Catalina]
14-Jun-2024 18:37:11.913 INFO [main] org.apache.catalina.core.StandardEngine.startInternal Starting Servlet engine: [Apache Tomcat/9.0.89]
14-Jun-2024 18:37:11.930 INFO [main] org.apache.catalina.startup.HostConfig.deployWAR Despliegue del archivo [C:\Users\joni_\Downloads\ApacheTomcatServerExample\apache-tomcat-9.0.89\webapps\HelloWorld.war] de la aplicación web
14-Jun-2024 18:37:12.323 INFO [main] org.apache.catalina.startup.HostConfig.deployWAR Deployment of web application archive [C:\Users\joni_\Downloads\ApacheTomcatServerExample\apache-tomcat-9.0.89\webapps\HelloWorld.war] has finished in [390] ms
14-Jun-2024 18:37:12.325 INFO [main] org.apache.catalina.startup.HostConfig.deployDirectory Desplegando el directorio [C:\Users\joni_\Downloads\ApacheTomcatServerExample\apache-tomcat-9.0.89\webapps\docs] de la aplicación web
14-Jun-2024 18:37:12.367 INFO [main] org.apache.catalina.startup.HostConfig.deployDirectory Deployment of web application directory [C:\Users\joni_\Downloads\ApacheTomcatServerExample\apache-tomcat-9.0.89\webapps\docs] has finished in [41] ms
14-Jun-2024 18:37:12.368 INFO [main] org.apache.catalina.startup.HostConfig.deployDirectory Desplegando el directorio [C:\Users\joni_\Downloads\ApacheTomcatServerExample\apache-tomcat-9.0.89\webapps\examples] de la aplicación web
14-Jun-2024 18:37:12.808 INFO [main] org.apache.catalina.startup.HostConfig.deployDirectory Deployment of web application directory [C:\Users\joni_\Downloads\ApacheTomcatServerExample\apache-tomcat-9.0.89\webapps\examples] has finished in [440] ms
14-Jun-2024 18:37:12.809 INFO [main] org.apache.catalina.startup.HostConfig.deployDirectory Desplegando el directorio [C:\Users\joni_\Downloads\ApacheTomcatServerExample\apache-tomcat-9.0.89\webapps\host-manager] de la aplicación web
14-Jun-2024 18:37:12.853 INFO [main] org.apache.catalina.startup.HostConfig.deployDirectory Deployment of web application directory [C:\Users\joni_\Downloads\ApacheTomcatServerExample\apache-tomcat-9.0.89\webapps\host-manager] has finished in [44] ms
14-Jun-2024 18:37:12.854 INFO [main] org.apache.catalina.startup.HostConfig.deployDirectory Desplegando el directorio [C:\Users\joni_\Downloads\ApacheTomcatServerExample\apache-tomcat-9.0.89\webapps\manager] de la aplicación web
14-Jun-2024 18:37:12.891 INFO [main] org.apache.catalina.startup.HostConfig.deployDirectory Deployment of web application directory [C:\Users\joni_\Downloads\ApacheTomcatServerExample\apache-tomcat-9.0.89\webapps\manager] has finished in [37] ms
14-Jun-2024 18:37:12.892 INFO [main] org.apache.catalina.startup.HostConfig.deployDirectory Desplegando el directorio [C:\Users\joni_\Downloads\ApacheTomcatServerExample\apache-tomcat-9.0.89\webapps\ROOT] de la aplicación web
14-Jun-2024 18:37:12.918 INFO [main] org.apache.catalina.startup.HostConfig.deployDirectory Deployment of web application directory [C:\Users\joni_\Downloads\ApacheTomcatServerExample\apache-tomcat-9.0.89\webapps\ROOT] has finished in [27] ms
14-Jun-2024 18:37:12.925 INFO [main] org.apache.coyote.AbstractProtocol.start Starting ProtocolHandler ["http-nio-8080"]
14-Jun-2024 18:37:12.975 INFO [main] org.apache.catalina.startup.Catalina.start Server startup in [1123] milliseconds
14-Jun-2024 18:39:43.105 INFO [Catalina-utility-2] org.apache.catalina.startup.HostConfig.undeploy Repliegue (undeploy) de la aplicación web que tiene como trayectoria de contexto [/HelloWorld]
14-Jun-2024 18:39:50.109 INFO [Thread-1] org.apache.coyote.AbstractProtocol.pause Pausing ProtocolHandler ["http-nio-8080"]
14-Jun-2024 18:39:50.118 INFO [Thread-1] org.apache.catalina.core.StandardService.stopInternal Parando servicio [Catalina]
14-Jun-2024 18:39:50.133 INFO [Thread-1] org.apache.coyote.AbstractProtocol.stop Stopping ProtocolHandler ["http-nio-8080"]
14-Jun-2024 18:39:50.154 INFO [Thread-1] org.apache.coyote.AbstractProtocol.destroy Destroying ProtocolHandler ["http-nio-8080"]
14-Jun-2024 18:51:07.040 INFO [main] org.apache.catalina.startup.VersionLoggerListener.log Nombre de la versión del servidor: Apache Tomcat/9.0.89
14-Jun-2024 18:51:07.043 INFO [main] org.apache.catalina.startup.VersionLoggerListener.log Server built:                      May 3 2024 20:22:11 UTC
14-Jun-2024 18:51:07.043 INFO [main] org.apache.catalina.startup.VersionLoggerListener.log Número de versión de servidor:     9.0.89.0
14-Jun-2024 18:51:07.043 INFO [main] org.apache.catalina.startup.VersionLoggerListener.log OS Name:                           Windows 11
14-Jun-2024 18:51:07.043 INFO [main] org.apache.catalina.startup.VersionLoggerListener.log Versión de Systema Operativo:      10.0
14-Jun-2024 18:51:07.044 INFO [main] org.apache.catalina.startup.VersionLoggerListener.log Arquitectura:                      amd64
14-Jun-2024 18:51:07.044 INFO [main] org.apache.catalina.startup.VersionLoggerListener.log Java Home:                         C:\Program Files\Java\jdk-20
14-Jun-2024 18:51:07.044 INFO [main] org.apache.catalina.startup.VersionLoggerListener.log JVM Version:                       20.0.1+9-29
14-Jun-2024 18:51:07.044 INFO [main] org.apache.catalina.startup.VersionLoggerListener.log Vededor JVM:                       Oracle Corporation
14-Jun-2024 18:51:07.044 INFO [main] org.apache.catalina.startup.VersionLoggerListener.log CATALINA_BASE:                     C:\Users\joni_\Downloads\ApacheTomcatServerExample\apache-tomcat-9.0.89
14-Jun-2024 18:51:07.044 INFO [main] org.apache.catalina.startup.VersionLoggerListener.log CATALINA_HOME:                     C:\Users\joni_\Downloads\ApacheTomcatServerExample\apache-tomcat-9.0.89
14-Jun-2024 18:51:07.055 INFO [main] org.apache.catalina.startup.VersionLoggerListener.log Command line argument:             --add-opens=java.base/java.lang=ALL-UNNAMED
14-Jun-2024 18:51:07.055 INFO [main] org.apache.catalina.startup.VersionLoggerListener.log Command line argument:             --add-opens=java.base/java.io=ALL-UNNAMED
14-Jun-2024 18:51:07.056 INFO [main] org.apache.catalina.startup.VersionLoggerListener.log Command line argument:             --add-opens=java.base/java.util=ALL-UNNAMED
14-Jun-2024 18:51:07.056 INFO [main] org.apache.catalina.startup.VersionLoggerListener.log Command line argument:             --add-opens=java.base/java.util.concurrent=ALL-UNNAMED
14-Jun-2024 18:51:07.057 INFO [main] org.apache.catalina.startup.VersionLoggerListener.log Command line argument:             --add-opens=java.rmi/sun.rmi.transport=ALL-UNNAMED
14-Jun-2024 18:51:07.058 INFO [main] org.apache.catalina.startup.VersionLoggerListener.log Command line argument:             -Djava.util.logging.config.file=C:\Users\joni_\Downloads\ApacheTomcatServerExample\apache-tomcat-9.0.89\conf\logging.properties
14-Jun-2024 18:51:07.058 INFO [main] org.apache.catalina.startup.VersionLoggerListener.log Command line argument:             -Djava.util.logging.manager=org.apache.juli.ClassLoaderLogManager
14-Jun-2024 18:51:07.059 INFO [main] org.apache.catalina.startup.VersionLoggerListener.log Command line argument:             -Djdk.tls.ephemeralDHKeySize=2048
14-Jun-2024 18:51:07.060 INFO [main] org.apache.catalina.startup.VersionLoggerListener.log Command line argument:             -Djava.protocol.handler.pkgs=org.apache.catalina.webresources
14-Jun-2024 18:51:07.061 INFO [main] org.apache.catalina.startup.VersionLoggerListener.log Command line argument:             -Dignore.endorsed.dirs=
14-Jun-2024 18:51:07.061 INFO [main] org.apache.catalina.startup.VersionLoggerListener.log Command line argument:             -Dcatalina.base=C:\Users\joni_\Downloads\ApacheTomcatServerExample\apache-tomcat-9.0.89
14-Jun-2024 18:51:07.061 INFO [main] org.apache.catalina.startup.VersionLoggerListener.log Command line argument:             -Dcatalina.home=C:\Users\joni_\Downloads\ApacheTomcatServerExample\apache-tomcat-9.0.89
14-Jun-2024 18:51:07.064 INFO [main] org.apache.catalina.startup.VersionLoggerListener.log Command line argument:             -Djava.io.tmpdir=C:\Users\joni_\Downloads\ApacheTomcatServerExample\apache-tomcat-9.0.89\temp
14-Jun-2024 18:51:07.069 INFO [main] org.apache.catalina.core.AprLifecycleListener.lifecycleEvent Cargada la biblioteca nativa APR de Apache Tomcat [1.3.0] con la versión APR [1.7.4].
14-Jun-2024 18:51:07.069 INFO [main] org.apache.catalina.core.AprLifecycleListener.lifecycleEvent Capacidades APR: IPv6 [true], enviar fichero [true], aceptar filtros [false], aleatorio [true], UDS [true].
14-Jun-2024 18:51:07.070 INFO [main] org.apache.catalina.core.AprLifecycleListener.lifecycleEvent APR/OpenSSL configuration: useAprConnector [false], useOpenSSL [true]
14-Jun-2024 18:51:07.075 INFO [main] org.apache.catalina.core.AprLifecycleListener.initializeSSL OpenSSL inicializado correctamente [OpenSSL 3.0.13 30 Jan 2024]
14-Jun-2024 18:51:07.379 INFO [main] org.apache.coyote.AbstractProtocol.init Inicializando el manejador de protocolo ["http-nio-8080"]

14-Jun-2024 18:51:07.410 INFO [main] org.apache.catalina.startup.Catalina.load Server initialization in [606] milliseconds
14-Jun-2024 18:51:07.467 INFO [main] org.apache.catalina.core.StandardService.startInternal Arrancando servicio [Catalina]
14-Jun-2024 18:51:07.468 INFO [main] org.apache.catalina.core.StandardEngine.startInternal Starting Servlet engine: [Apache Tomcat/9.0.89]
14-Jun-2024 18:51:07.483 INFO [main] org.apache.catalina.startup.HostConfig.deployWAR Despliegue del archivo [C:\Users\joni_\Downloads\ApacheTomcatServerExample\apache-tomcat-9.0.89\webapps\HelloWorld.war] de la aplicación web
14-Jun-2024 18:51:07.887 INFO [main] org.apache.catalina.startup.HostConfig.deployWAR Deployment of web application archive [C:\Users\joni_\Downloads\ApacheTomcatServerExample\apache-tomcat-9.0.89\webapps\HelloWorld.war] has finished in [401] ms
14-Jun-2024 18:51:07.888 INFO [main] org.apache.catalina.startup.HostConfig.deployDirectory Desplegando el directorio [C:\Users\joni_\Downloads\ApacheTomcatServerExample\apache-tomcat-9.0.89\webapps\docs] de la aplicación web
14-Jun-2024 18:51:07.937 INFO [main] org.apache.catalina.startup.HostConfig.deployDirectory Deployment of web application directory [C:\Users\joni_\Downloads\ApacheTomcatServerExample\apache-tomcat-9.0.89\webapps\docs] has finished in [48] ms
14-Jun-2024 18:51:07.938 INFO [main] org.apache.catalina.startup.HostConfig.deployDirectory Desplegando el directorio [C:\Users\joni_\Downloads\ApacheTomcatServerExample\apache-tomcat-9.0.89\webapps\examples] de la aplicación web
14-Jun-2024 18:51:08.391 INFO [main] org.apache.catalina.startup.HostConfig.deployDirectory Deployment of web application directory [C:\Users\joni_\Downloads\ApacheTomcatServerExample\apache-tomcat-9.0.89\webapps\examples] has finished in [454] ms
14-Jun-2024 18:51:08.393 INFO [main] org.apache.catalina.startup.HostConfig.deployDirectory Desplegando el directorio [C:\Users\joni_\Downloads\ApacheTomcatServerExample\apache-tomcat-9.0.89\webapps\host-manager] de la aplicación web
14-Jun-2024 18:51:08.437 INFO [main] org.apache.catalina.startup.HostConfig.deployDirectory Deployment of web application directory [C:\Users\joni_\Downloads\ApacheTomcatServerExample\apache-tomcat-9.0.89\webapps\host-manager] has finished in [45] ms
14-Jun-2024 18:51:08.438 INFO [main] org.apache.catalina.startup.HostConfig.deployDirectory Desplegando el directorio [C:\Users\joni_\Downloads\ApacheTomcatServerExample\apache-tomcat-9.0.89\webapps\manager] de la aplicación web
14-Jun-2024 18:51:08.477 INFO [main] org.apache.catalina.startup.HostConfig.deployDirectory Deployment of web application directory [C:\Users\joni_\Downloads\ApacheTomcatServerExample\apache-tomcat-9.0.89\webapps\manager] has finished in [40] ms
14-Jun-2024 18:51:08.478 INFO [main] org.apache.catalina.startup.HostConfig.deployDirectory Desplegando el directorio [C:\Users\joni_\Downloads\ApacheTomcatServerExample\apache-tomcat-9.0.89\webapps\ROOT] de la aplicación web
14-Jun-2024 18:51:08.504 INFO [main] org.apache.catalina.startup.HostConfig.deployDirectory Deployment of web application directory [C:\Users\joni_\Downloads\ApacheTomcatServerExample\apache-tomcat-9.0.89\webapps\ROOT] has finished in [26] ms
14-Jun-2024 18:51:08.512 INFO [main] org.apache.coyote.AbstractProtocol.start Starting ProtocolHandler ["http-nio-8080"]
14-Jun-2024 18:51:08.578 INFO [main] org.apache.catalina.startup.Catalina.start Server startup in [1165] milliseconds
14-Jun-2024 19:00:46.529 INFO [Thread-1] org.apache.coyote.AbstractProtocol.pause Pausing ProtocolHandler ["http-nio-8080"]
14-Jun-2024 19:00:46.538 INFO [Thread-1] org.apache.catalina.core.StandardService.stopInternal Parando servicio [Catalina]
14-Jun-2024 19:00:46.562 INFO [Thread-1] org.apache.coyote.AbstractProtocol.stop Stopping ProtocolHandler ["http-nio-8080"]
14-Jun-2024 19:00:46.575 INFO [Thread-1] org.apache.coyote.AbstractProtocol.destroy Destroying ProtocolHandler ["http-nio-8080"]
14-Jun-2024 19:01:47.313 INFO [main] org.apache.catalina.startup.VersionLoggerListener.log Nombre de la versión del servidor: Apache Tomcat/9.0.89
14-Jun-2024 19:01:47.316 INFO [main] org.apache.catalina.startup.VersionLoggerListener.log Server built:                      May 3 2024 20:22:11 UTC
14-Jun-2024 19:01:47.317 INFO [main] org.apache.catalina.startup.VersionLoggerListener.log Número de versión de servidor:     9.0.89.0
14-Jun-2024 19:01:47.317 INFO [main] org.apache.catalina.startup.VersionLoggerListener.log OS Name:                           Windows 11
14-Jun-2024 19:01:47.318 INFO [main] org.apache.catalina.startup.VersionLoggerListener.log Versión de Systema Operativo:      10.0
14-Jun-2024 19:01:47.318 INFO [main] org.apache.catalina.startup.VersionLoggerListener.log Arquitectura:                      amd64
14-Jun-2024 19:01:47.318 INFO [main] org.apache.catalina.startup.VersionLoggerListener.log Java Home:                         C:\Program Files\Java\jdk-20
14-Jun-2024 19:01:47.319 INFO [main] org.apache.catalina.startup.VersionLoggerListener.log JVM Version:                       20.0.1+9-29
14-Jun-2024 19:01:47.319 INFO [main] org.apache.catalina.startup.VersionLoggerListener.log Vededor JVM:                       Oracle Corporation
14-Jun-2024 19:01:47.319 INFO [main] org.apache.catalina.startup.VersionLoggerListener.log CATALINA_BASE:                     C:\Users\joni_\Downloads\ApacheTomcatServerExample\apache-tomcat-9.0.89
14-Jun-2024 19:01:47.319 INFO [main] org.apache.catalina.startup.VersionLoggerListener.log CATALINA_HOME:                     C:\Users\joni_\Downloads\ApacheTomcatServerExample\apache-tomcat-9.0.89
14-Jun-2024 19:01:47.329 INFO [main] org.apache.catalina.startup.VersionLoggerListener.log Command line argument:             --add-opens=java.base/java.lang=ALL-UNNAMED
14-Jun-2024 19:01:47.330 INFO [main] org.apache.catalina.startup.VersionLoggerListener.log Command line argument:             --add-opens=java.base/java.io=ALL-UNNAMED
14-Jun-2024 19:01:47.330 INFO [main] org.apache.catalina.startup.VersionLoggerListener.log Command line argument:             --add-opens=java.base/java.util=ALL-UNNAMED
14-Jun-2024 19:01:47.330 INFO [main] org.apache.catalina.startup.VersionLoggerListener.log Command line argument:             --add-opens=java.base/java.util.concurrent=ALL-UNNAMED
14-Jun-2024 19:01:47.331 INFO [main] org.apache.catalina.startup.VersionLoggerListener.log Command line argument:             --add-opens=java.rmi/sun.rmi.transport=ALL-UNNAMED
14-Jun-2024 19:01:47.332 INFO [main] org.apache.catalina.startup.VersionLoggerListener.log Command line argument:             -Djava.util.logging.config.file=C:\Users\joni_\Downloads\ApacheTomcatServerExample\apache-tomcat-9.0.89\conf\logging.properties
14-Jun-2024 19:01:47.332 INFO [main] org.apache.catalina.startup.VersionLoggerListener.log Command line argument:             -Djava.util.logging.manager=org.apache.juli.ClassLoaderLogManager
14-Jun-2024 19:01:47.333 INFO [main] org.apache.catalina.startup.VersionLoggerListener.log Command line argument:             -Djdk.tls.ephemeralDHKeySize=2048
14-Jun-2024 19:01:47.336 INFO [main] org.apache.catalina.startup.VersionLoggerListener.log Command line argument:             -Djava.protocol.handler.pkgs=org.apache.catalina.webresources
14-Jun-2024 19:01:47.337 INFO [main] org.apache.catalina.startup.VersionLoggerListener.log Command line argument:             -Dignore.endorsed.dirs=
14-Jun-2024 19:01:47.338 INFO [main] org.apache.catalina.startup.VersionLoggerListener.log Command line argument:             -Dcatalina.base=C:\Users\joni_\Downloads\ApacheTomcatServerExample\apache-tomcat-9.0.89
14-Jun-2024 19:01:47.338 INFO [main] org.apache.catalina.startup.VersionLoggerListener.log Command line argument:             -Dcatalina.home=C:\Users\joni_\Downloads\ApacheTomcatServerExample\apache-tomcat-9.0.89
14-Jun-2024 19:01:47.339 INFO [main] org.apache.catalina.startup.VersionLoggerListener.log Command line argument:             -Djava.io.tmpdir=C:\Users\joni_\Downloads\ApacheTomcatServerExample\apache-tomcat-9.0.89\temp
14-Jun-2024 19:01:47.342 INFO [main] org.apache.catalina.core.AprLifecycleListener.lifecycleEvent Cargada la biblioteca nativa APR de Apache Tomcat [1.3.0] con la versión APR [1.7.4].
14-Jun-2024 19:01:47.343 INFO [main] org.apache.catalina.core.AprLifecycleListener.lifecycleEvent Capacidades APR: IPv6 [true], enviar fichero [true], aceptar filtros [false], aleatorio [true], UDS [true].
14-Jun-2024 19:01:47.344 INFO [main] org.apache.catalina.core.AprLifecycleListener.lifecycleEvent APR/OpenSSL configuration: useAprConnector [false], useOpenSSL [true]
14-Jun-2024 19:01:47.350 INFO [main] org.apache.catalina.core.AprLifecycleListener.initializeSSL OpenSSL inicializado correctamente [OpenSSL 3.0.13 30 Jan 2024]
14-Jun-2024 19:01:47.683 INFO [main] org.apache.coyote.AbstractProtocol.init Inicializando el manejador de protocolo ["http-nio-8080"]

14-Jun-2024 19:01:47.711 INFO [main] org.apache.catalina.startup.Catalina.load Server initialization in [639] milliseconds
14-Jun-2024 19:01:47.797 INFO [main] org.apache.catalina.core.StandardService.startInternal Arrancando servicio [Catalina]
14-Jun-2024 19:01:47.797 INFO [main] org.apache.catalina.core.StandardEngine.startInternal Starting Servlet engine: [Apache Tomcat/9.0.89]
14-Jun-2024 19:01:47.817 INFO [main] org.apache.catalina.startup.HostConfig.deployWAR Despliegue del archivo [C:\Users\joni_\Downloads\ApacheTomcatServerExample\apache-tomcat-9.0.89\webapps\HelloWorld.war] de la aplicación web
14-Jun-2024 19:01:48.248 INFO [main] org.apache.catalina.startup.HostConfig.deployWAR Deployment of web application archive [C:\Users\joni_\Downloads\ApacheTomcatServerExample\apache-tomcat-9.0.89\webapps\HelloWorld.war] has finished in [428] ms
14-Jun-2024 19:01:48.249 INFO [main] org.apache.catalina.startup.HostConfig.deployDirectory Desplegando el directorio [C:\Users\joni_\Downloads\ApacheTomcatServerExample\apache-tomcat-9.0.89\webapps\docs] de la aplicación web
14-Jun-2024 19:01:48.294 INFO [main] org.apache.catalina.startup.HostConfig.deployDirectory Deployment of web application directory [C:\Users\joni_\Downloads\ApacheTomcatServerExample\apache-tomcat-9.0.89\webapps\docs] has finished in [44] ms
14-Jun-2024 19:01:48.295 INFO [main] org.apache.catalina.startup.HostConfig.deployDirectory Desplegando el directorio [C:\Users\joni_\Downloads\ApacheTomcatServerExample\apache-tomcat-9.0.89\webapps\examples] de la aplicación web
14-Jun-2024 19:01:48.729 INFO [main] org.apache.catalina.startup.HostConfig.deployDirectory Deployment of web application directory [C:\Users\joni_\Downloads\ApacheTomcatServerExample\apache-tomcat-9.0.89\webapps\examples] has finished in [433] ms
14-Jun-2024 19:01:48.730 INFO [main] org.apache.catalina.startup.HostConfig.deployDirectory Desplegando el directorio [C:\Users\joni_\Downloads\ApacheTomcatServerExample\apache-tomcat-9.0.89\webapps\host-manager] de la aplicación web
14-Jun-2024 19:01:48.767 INFO [main] org.apache.catalina.startup.HostConfig.deployDirectory Deployment of web application directory [C:\Users\joni_\Downloads\ApacheTomcatServerExample\apache-tomcat-9.0.89\webapps\host-manager] has finished in [36] ms
14-Jun-2024 19:01:48.768 INFO [main] org.apache.catalina.startup.HostConfig.deployDirectory Desplegando el directorio [C:\Users\joni_\Downloads\ApacheTomcatServerExample\apache-tomcat-9.0.89\webapps\manager] de la aplicación web
14-Jun-2024 19:01:48.804 INFO [main] org.apache.catalina.startup.HostConfig.deployDirectory Deployment of web application directory [C:\Users\joni_\Downloads\ApacheTomcatServerExample\apache-tomcat-9.0.89\webapps\manager] has finished in [37] ms
14-Jun-2024 19:01:48.804 INFO [main] org.apache.catalina.startup.HostConfig.deployDirectory Desplegando el directorio [C:\Users\joni_\Downloads\ApacheTomcatServerExample\apache-tomcat-9.0.89\webapps\ROOT] de la aplicación web
14-Jun-2024 19:01:48.834 INFO [main] org.apache.catalina.startup.HostConfig.deployDirectory Deployment of web application directory [C:\Users\joni_\Downloads\ApacheTomcatServerExample\apache-tomcat-9.0.89\webapps\ROOT] has finished in [29] ms
14-Jun-2024 19:01:48.841 INFO [main] org.apache.coyote.AbstractProtocol.start Starting ProtocolHandler ["http-nio-8080"]
14-Jun-2024 19:01:48.895 INFO [main] org.apache.catalina.startup.Catalina.start Server startup in [1181] milliseconds
14-Jun-2024 19:04:09.007 INFO [Catalina-utility-1] org.apache.catalina.startup.HostConfig.undeploy Repliegue (undeploy) de la aplicación web que tiene como trayectoria de contexto [/HelloWorld]
14-Jun-2024 19:04:12.451 INFO [Thread-1] org.apache.coyote.AbstractProtocol.pause Pausing ProtocolHandler ["http-nio-8080"]
14-Jun-2024 19:04:12.459 INFO [Thread-1] org.apache.catalina.core.StandardService.stopInternal Parando servicio [Catalina]
14-Jun-2024 19:04:12.473 INFO [Thread-1] org.apache.coyote.AbstractProtocol.stop Stopping ProtocolHandler ["http-nio-8080"]
14-Jun-2024 19:04:12.488 INFO [Thread-1] org.apache.coyote.AbstractProtocol.destroy Destroying ProtocolHandler ["http-nio-8080"]
14-Jun-2024 19:04:35.687 INFO [main] org.apache.catalina.startup.VersionLoggerListener.log Nombre de la versión del servidor: Apache Tomcat/9.0.89
14-Jun-2024 19:04:35.690 INFO [main] org.apache.catalina.startup.VersionLoggerListener.log Server built:                      May 3 2024 20:22:11 UTC
14-Jun-2024 19:04:35.691 INFO [main] org.apache.catalina.startup.VersionLoggerListener.log Número de versión de servidor:     9.0.89.0
14-Jun-2024 19:04:35.691 INFO [main] org.apache.catalina.startup.VersionLoggerListener.log OS Name:                           Windows 11
14-Jun-2024 19:04:35.691 INFO [main] org.apache.catalina.startup.VersionLoggerListener.log Versión de Systema Operativo:      10.0
14-Jun-2024 19:04:35.691 INFO [main] org.apache.catalina.startup.VersionLoggerListener.log Arquitectura:                      amd64
14-Jun-2024 19:04:35.692 INFO [main] org.apache.catalina.startup.VersionLoggerListener.log Java Home:                         C:\Program Files\Java\jdk-20
14-Jun-2024 19:04:35.692 INFO [main] org.apache.catalina.startup.VersionLoggerListener.log JVM Version:                       20.0.1+9-29
14-Jun-2024 19:04:35.692 INFO [main] org.apache.catalina.startup.VersionLoggerListener.log Vededor JVM:                       Oracle Corporation
14-Jun-2024 19:04:35.693 INFO [main] org.apache.catalina.startup.VersionLoggerListener.log CATALINA_BASE:                     C:\Users\joni_\Downloads\ApacheTomcatServerExample\apache-tomcat-9.0.89
14-Jun-2024 19:04:35.693 INFO [main] org.apache.catalina.startup.VersionLoggerListener.log CATALINA_HOME:                     C:\Users\joni_\Downloads\ApacheTomcatServerExample\apache-tomcat-9.0.89
14-Jun-2024 19:04:35.703 INFO [main] org.apache.catalina.startup.VersionLoggerListener.log Command line argument:             --add-opens=java.base/java.lang=ALL-UNNAMED
14-Jun-2024 19:04:35.704 INFO [main] org.apache.catalina.startup.VersionLoggerListener.log Command line argument:             --add-opens=java.base/java.io=ALL-UNNAMED
14-Jun-2024 19:04:35.705 INFO [main] org.apache.catalina.startup.VersionLoggerListener.log Command line argument:             --add-opens=java.base/java.util=ALL-UNNAMED
14-Jun-2024 19:04:35.705 INFO [main] org.apache.catalina.startup.VersionLoggerListener.log Command line argument:             --add-opens=java.base/java.util.concurrent=ALL-UNNAMED
14-Jun-2024 19:04:35.706 INFO [main] org.apache.catalina.startup.VersionLoggerListener.log Command line argument:             --add-opens=java.rmi/sun.rmi.transport=ALL-UNNAMED
14-Jun-2024 19:04:35.707 INFO [main] org.apache.catalina.startup.VersionLoggerListener.log Command line argument:             -Djava.util.logging.config.file=C:\Users\joni_\Downloads\ApacheTomcatServerExample\apache-tomcat-9.0.89\conf\logging.properties
14-Jun-2024 19:04:35.707 INFO [main] org.apache.catalina.startup.VersionLoggerListener.log Command line argument:             -Djava.util.logging.manager=org.apache.juli.ClassLoaderLogManager
14-Jun-2024 19:04:35.708 INFO [main] org.apache.catalina.startup.VersionLoggerListener.log Command line argument:             -Djdk.tls.ephemeralDHKeySize=2048
14-Jun-2024 19:04:35.709 INFO [main] org.apache.catalina.startup.VersionLoggerListener.log Command line argument:             -Djava.protocol.handler.pkgs=org.apache.catalina.webresources
14-Jun-2024 19:04:35.709 INFO [main] org.apache.catalina.startup.VersionLoggerListener.log Command line argument:             -Dignore.endorsed.dirs=
14-Jun-2024 19:04:35.710 INFO [main] org.apache.catalina.startup.VersionLoggerListener.log Command line argument:             -Dcatalina.base=C:\Users\joni_\Downloads\ApacheTomcatServerExample\apache-tomcat-9.0.89
14-Jun-2024 19:04:35.710 INFO [main] org.apache.catalina.startup.VersionLoggerListener.log Command line argument:             -Dcatalina.home=C:\Users\joni_\Downloads\ApacheTomcatServerExample\apache-tomcat-9.0.89
14-Jun-2024 19:04:35.711 INFO [main] org.apache.catalina.startup.VersionLoggerListener.log Command line argument:             -Djava.io.tmpdir=C:\Users\joni_\Downloads\ApacheTomcatServerExample\apache-tomcat-9.0.89\temp
14-Jun-2024 19:04:35.715 INFO [main] org.apache.catalina.core.AprLifecycleListener.lifecycleEvent Cargada la biblioteca nativa APR de Apache Tomcat [1.3.0] con la versión APR [1.7.4].
14-Jun-2024 19:04:35.715 INFO [main] org.apache.catalina.core.AprLifecycleListener.lifecycleEvent Capacidades APR: IPv6 [true], enviar fichero [true], aceptar filtros [false], aleatorio [true], UDS [true].
14-Jun-2024 19:04:35.716 INFO [main] org.apache.catalina.core.AprLifecycleListener.lifecycleEvent APR/OpenSSL configuration: useAprConnector [false], useOpenSSL [true]
14-Jun-2024 19:04:35.722 INFO [main] org.apache.catalina.core.AprLifecycleListener.initializeSSL OpenSSL inicializado correctamente [OpenSSL 3.0.13 30 Jan 2024]
14-Jun-2024 19:04:36.027 INFO [main] org.apache.coyote.AbstractProtocol.init Inicializando el manejador de protocolo ["http-nio-8080"]

14-Jun-2024 19:04:36.053 INFO [main] org.apache.catalina.startup.Catalina.load Server initialization in [593] milliseconds
14-Jun-2024 19:04:36.113 INFO [main] org.apache.catalina.core.StandardService.startInternal Arrancando servicio [Catalina]
14-Jun-2024 19:04:36.114 INFO [main] org.apache.catalina.core.StandardEngine.startInternal Starting Servlet engine: [Apache Tomcat/9.0.89]
14-Jun-2024 19:04:36.130 INFO [main] org.apache.catalina.startup.HostConfig.deployWAR Despliegue del archivo [C:\Users\joni_\Downloads\ApacheTomcatServerExample\apache-tomcat-9.0.89\webapps\HelloWorld.war] de la aplicación web
14-Jun-2024 19:04:36.533 INFO [main] org.apache.catalina.startup.HostConfig.deployWAR Deployment of web application archive [C:\Users\joni_\Downloads\ApacheTomcatServerExample\apache-tomcat-9.0.89\webapps\HelloWorld.war] has finished in [400] ms
14-Jun-2024 19:04:36.534 INFO [main] org.apache.catalina.startup.HostConfig.deployDirectory Desplegando el directorio [C:\Users\joni_\Downloads\ApacheTomcatServerExample\apache-tomcat-9.0.89\webapps\docs] de la aplicación web
14-Jun-2024 19:04:36.585 INFO [main] org.apache.catalina.startup.HostConfig.deployDirectory Deployment of web application directory [C:\Users\joni_\Downloads\ApacheTomcatServerExample\apache-tomcat-9.0.89\webapps\docs] has finished in [50] ms
14-Jun-2024 19:04:36.586 INFO [main] org.apache.catalina.startup.HostConfig.deployDirectory Desplegando el directorio [C:\Users\joni_\Downloads\ApacheTomcatServerExample\apache-tomcat-9.0.89\webapps\examples] de la aplicación web
14-Jun-2024 19:04:37.082 INFO [main] org.apache.catalina.startup.HostConfig.deployDirectory Deployment of web application directory [C:\Users\joni_\Downloads\ApacheTomcatServerExample\apache-tomcat-9.0.89\webapps\examples] has finished in [496] ms
14-Jun-2024 19:04:37.083 INFO [main] org.apache.catalina.startup.HostConfig.deployDirectory Desplegando el directorio [C:\Users\joni_\Downloads\ApacheTomcatServerExample\apache-tomcat-9.0.89\webapps\host-manager] de la aplicación web
14-Jun-2024 19:04:37.125 INFO [main] org.apache.catalina.startup.HostConfig.deployDirectory Deployment of web application directory [C:\Users\joni_\Downloads\ApacheTomcatServerExample\apache-tomcat-9.0.89\webapps\host-manager] has finished in [42] ms
14-Jun-2024 19:04:37.125 INFO [main] org.apache.catalina.startup.HostConfig.deployDirectory Desplegando el directorio [C:\Users\joni_\Downloads\ApacheTomcatServerExample\apache-tomcat-9.0.89\webapps\manager] de la aplicación web
14-Jun-2024 19:04:37.161 INFO [main] org.apache.catalina.startup.HostConfig.deployDirectory Deployment of web application directory [C:\Users\joni_\Downloads\ApacheTomcatServerExample\apache-tomcat-9.0.89\webapps\manager] has finished in [36] ms
14-Jun-2024 19:04:37.162 INFO [main] org.apache.catalina.startup.HostConfig.deployDirectory Desplegando el directorio [C:\Users\joni_\Downloads\ApacheTomcatServerExample\apache-tomcat-9.0.89\webapps\ROOT] de la aplicación web
14-Jun-2024 19:04:37.188 INFO [main] org.apache.catalina.startup.HostConfig.deployDirectory Deployment of web application directory [C:\Users\joni_\Downloads\ApacheTomcatServerExample\apache-tomcat-9.0.89\webapps\ROOT] has finished in [25] ms
14-Jun-2024 19:04:37.197 INFO [main] org.apache.coyote.AbstractProtocol.start Starting ProtocolHandler ["http-nio-8080"]
14-Jun-2024 19:04:37.250 INFO [main] org.apache.catalina.startup.Catalina.start Server startup in [1194] milliseconds
14-Jun-2024 19:07:17.670 INFO [Thread-1] org.apache.coyote.AbstractProtocol.pause Pausing ProtocolHandler ["http-nio-8080"]
14-Jun-2024 19:07:17.678 INFO [Thread-1] org.apache.catalina.core.StandardService.stopInternal Parando servicio [Catalina]
14-Jun-2024 19:07:17.700 INFO [Thread-1] org.apache.coyote.AbstractProtocol.stop Stopping ProtocolHandler ["http-nio-8080"]
14-Jun-2024 19:07:17.718 INFO [Thread-1] org.apache.coyote.AbstractProtocol.destroy Destroying ProtocolHandler ["http-nio-8080"]
14-Jun-2024 19:07:20.381 INFO [main] org.apache.catalina.startup.VersionLoggerListener.log Nombre de la versión del servidor: Apache Tomcat/9.0.89
14-Jun-2024 19:07:20.385 INFO [main] org.apache.catalina.startup.VersionLoggerListener.log Server built:                      May 3 2024 20:22:11 UTC
14-Jun-2024 19:07:20.385 INFO [main] org.apache.catalina.startup.VersionLoggerListener.log Número de versión de servidor:     9.0.89.0
14-Jun-2024 19:07:20.385 INFO [main] org.apache.catalina.startup.VersionLoggerListener.log OS Name:                           Windows 11
14-Jun-2024 19:07:20.386 INFO [main] org.apache.catalina.startup.VersionLoggerListener.log Versión de Systema Operativo:      10.0
14-Jun-2024 19:07:20.386 INFO [main] org.apache.catalina.startup.VersionLoggerListener.log Arquitectura:                      amd64
14-Jun-2024 19:07:20.386 INFO [main] org.apache.catalina.startup.VersionLoggerListener.log Java Home:                         C:\Program Files\Java\jdk-20
14-Jun-2024 19:07:20.386 INFO [main] org.apache.catalina.startup.VersionLoggerListener.log JVM Version:                       20.0.1+9-29
14-Jun-2024 19:07:20.386 INFO [main] org.apache.catalina.startup.VersionLoggerListener.log Vededor JVM:                       Oracle Corporation
14-Jun-2024 19:07:20.386 INFO [main] org.apache.catalina.startup.VersionLoggerListener.log CATALINA_BASE:                     C:\Users\joni_\Downloads\ApacheTomcatServerExample\apache-tomcat-9.0.89
14-Jun-2024 19:07:20.387 INFO [main] org.apache.catalina.startup.VersionLoggerListener.log CATALINA_HOME:                     C:\Users\joni_\Downloads\ApacheTomcatServerExample\apache-tomcat-9.0.89
14-Jun-2024 19:07:20.395 INFO [main] org.apache.catalina.startup.VersionLoggerListener.log Command line argument:             --add-opens=java.base/java.lang=ALL-UNNAMED
14-Jun-2024 19:07:20.396 INFO [main] org.apache.catalina.startup.VersionLoggerListener.log Command line argument:             --add-opens=java.base/java.io=ALL-UNNAMED
14-Jun-2024 19:07:20.396 INFO [main] org.apache.catalina.startup.VersionLoggerListener.log Command line argument:             --add-opens=java.base/java.util=ALL-UNNAMED
14-Jun-2024 19:07:20.396 INFO [main] org.apache.catalina.startup.VersionLoggerListener.log Command line argument:             --add-opens=java.base/java.util.concurrent=ALL-UNNAMED
14-Jun-2024 19:07:20.396 INFO [main] org.apache.catalina.startup.VersionLoggerListener.log Command line argument:             --add-opens=java.rmi/sun.rmi.transport=ALL-UNNAMED
14-Jun-2024 19:07:20.398 INFO [main] org.apache.catalina.startup.VersionLoggerListener.log Command line argument:             -Djava.util.logging.config.file=C:\Users\joni_\Downloads\ApacheTomcatServerExample\apache-tomcat-9.0.89\conf\logging.properties
14-Jun-2024 19:07:20.399 INFO [main] org.apache.catalina.startup.VersionLoggerListener.log Command line argument:             -Djava.util.logging.manager=org.apache.juli.ClassLoaderLogManager
14-Jun-2024 19:07:20.400 INFO [main] org.apache.catalina.startup.VersionLoggerListener.log Command line argument:             -Djdk.tls.ephemeralDHKeySize=2048
14-Jun-2024 19:07:20.400 INFO [main] org.apache.catalina.startup.VersionLoggerListener.log Command line argument:             -Djava.protocol.handler.pkgs=org.apache.catalina.webresources
14-Jun-2024 19:07:20.401 INFO [main] org.apache.catalina.startup.VersionLoggerListener.log Command line argument:             -Dignore.endorsed.dirs=
14-Jun-2024 19:07:20.402 INFO [main] org.apache.catalina.startup.VersionLoggerListener.log Command line argument:             -Dcatalina.base=C:\Users\joni_\Downloads\ApacheTomcatServerExample\apache-tomcat-9.0.89
14-Jun-2024 19:07:20.402 INFO [main] org.apache.catalina.startup.VersionLoggerListener.log Command line argument:             -Dcatalina.home=C:\Users\joni_\Downloads\ApacheTomcatServerExample\apache-tomcat-9.0.89
14-Jun-2024 19:07:20.403 INFO [main] org.apache.catalina.startup.VersionLoggerListener.log Command line argument:             -Djava.io.tmpdir=C:\Users\joni_\Downloads\ApacheTomcatServerExample\apache-tomcat-9.0.89\temp
14-Jun-2024 19:07:20.406 INFO [main] org.apache.catalina.core.AprLifecycleListener.lifecycleEvent Cargada la biblioteca nativa APR de Apache Tomcat [1.3.0] con la versión APR [1.7.4].
14-Jun-2024 19:07:20.406 INFO [main] org.apache.catalina.core.AprLifecycleListener.lifecycleEvent Capacidades APR: IPv6 [true], enviar fichero [true], aceptar filtros [false], aleatorio [true], UDS [true].
14-Jun-2024 19:07:20.407 INFO [main] org.apache.catalina.core.AprLifecycleListener.lifecycleEvent APR/OpenSSL configuration: useAprConnector [false], useOpenSSL [true]
14-Jun-2024 19:07:20.413 INFO [main] org.apache.catalina.core.AprLifecycleListener.initializeSSL OpenSSL inicializado correctamente [OpenSSL 3.0.13 30 Jan 2024]
14-Jun-2024 19:07:20.713 INFO [main] org.apache.coyote.AbstractProtocol.init Inicializando el manejador de protocolo ["http-nio-8080"]

14-Jun-2024 19:07:20.739 INFO [main] org.apache.catalina.startup.Catalina.load Server initialization in [585] milliseconds
14-Jun-2024 19:07:20.816 INFO [main] org.apache.catalina.core.StandardService.startInternal Arrancando servicio [Catalina]
14-Jun-2024 19:07:20.816 INFO [main] org.apache.catalina.core.StandardEngine.startInternal Starting Servlet engine: [Apache Tomcat/9.0.89]
14-Jun-2024 19:07:20.833 INFO [main] org.apache.catalina.startup.HostConfig.deployWAR Despliegue del archivo [C:\Users\joni_\Downloads\ApacheTomcatServerExample\apache-tomcat-9.0.89\webapps\HelloWorld.war] de la aplicación web
14-Jun-2024 19:07:21.620 INFO [main] org.apache.jasper.servlet.TldScanner.scanJars Al menos un JAR, que se ha explorado buscando TLDs, aún no contenía TLDs. Activar historial de depuración para este historiador para una completa lista de los JARs que fueron explorados y de los que nos se halló TLDs. Saltarse JARs no necesarios durante la exploración puede dar lugar a una mejora de tiempo significativa en el arranque y compilación de JSP .
14-Jun-2024 19:07:21.707 INFO [main] org.apache.catalina.startup.HostConfig.deployWAR Deployment of web application archive [C:\Users\joni_\Downloads\ApacheTomcatServerExample\apache-tomcat-9.0.89\webapps\HelloWorld.war] has finished in [870] ms
14-Jun-2024 19:07:21.708 INFO [main] org.apache.catalina.startup.HostConfig.deployDirectory Desplegando el directorio [C:\Users\joni_\Downloads\ApacheTomcatServerExample\apache-tomcat-9.0.89\webapps\docs] de la aplicación web
14-Jun-2024 19:07:22.066 INFO [main] org.apache.jasper.servlet.TldScanner.scanJars Al menos un JAR, que se ha explorado buscando TLDs, aún no contenía TLDs. Activar historial de depuración para este historiador para una completa lista de los JARs que fueron explorados y de los que nos se halló TLDs. Saltarse JARs no necesarios durante la exploración puede dar lugar a una mejora de tiempo significativa en el arranque y compilación de JSP .
14-Jun-2024 19:07:22.070 INFO [main] org.apache.catalina.startup.HostConfig.deployDirectory Deployment of web application directory [C:\Users\joni_\Downloads\ApacheTomcatServerExample\apache-tomcat-9.0.89\webapps\docs] has finished in [361] ms
14-Jun-2024 19:07:22.071 INFO [main] org.apache.catalina.startup.HostConfig.deployDirectory Desplegando el directorio [C:\Users\joni_\Downloads\ApacheTomcatServerExample\apache-tomcat-9.0.89\webapps\examples] de la aplicación web
14-Jun-2024 19:07:22.746 INFO [main] org.apache.jasper.servlet.TldScanner.scanJars Al menos un JAR, que se ha explorado buscando TLDs, aún no contenía TLDs. Activar historial de depuración para este historiador para una completa lista de los JARs que fueron explorados y de los que nos se halló TLDs. Saltarse JARs no necesarios durante la exploración puede dar lugar a una mejora de tiempo significativa en el arranque y compilación de JSP .
14-Jun-2024 19:07:22.822 INFO [main] org.apache.catalina.startup.HostConfig.deployDirectory Deployment of web application directory [C:\Users\joni_\Downloads\ApacheTomcatServerExample\apache-tomcat-9.0.89\webapps\examples] has finished in [751] ms
14-Jun-2024 19:07:22.823 INFO [main] org.apache.catalina.startup.HostConfig.deployDirectory Desplegando el directorio [C:\Users\joni_\Downloads\ApacheTomcatServerExample\apache-tomcat-9.0.89\webapps\host-manager] de la aplicación web
14-Jun-2024 19:07:23.158 INFO [main] org.apache.jasper.servlet.TldScanner.scanJars Al menos un JAR, que se ha explorado buscando TLDs, aún no contenía TLDs. Activar historial de depuración para este historiador para una completa lista de los JARs que fueron explorados y de los que nos se halló TLDs. Saltarse JARs no necesarios durante la exploración puede dar lugar a una mejora de tiempo significativa en el arranque y compilación de JSP .
14-Jun-2024 19:07:23.170 INFO [main] org.apache.catalina.startup.HostConfig.deployDirectory Deployment of web application directory [C:\Users\joni_\Downloads\ApacheTomcatServerExample\apache-tomcat-9.0.89\webapps\host-manager] has finished in [347] ms
14-Jun-2024 19:07:23.171 INFO [main] org.apache.catalina.startup.HostConfig.deployDirectory Desplegando el directorio [C:\Users\joni_\Downloads\ApacheTomcatServerExample\apache-tomcat-9.0.89\webapps\manager] de la aplicación web
14-Jun-2024 19:07:23.493 INFO [main] org.apache.jasper.servlet.TldScanner.scanJars Al menos un JAR, que se ha explorado buscando TLDs, aún no contenía TLDs. Activar historial de depuración para este historiador para una completa lista de los JARs que fueron explorados y de los que nos se halló TLDs. Saltarse JARs no necesarios durante la exploración puede dar lugar a una mejora de tiempo significativa en el arranque y compilación de JSP .
14-Jun-2024 19:07:23.497 INFO [main] org.apache.catalina.startup.HostConfig.deployDirectory Deployment of web application directory [C:\Users\joni_\Downloads\ApacheTomcatServerExample\apache-tomcat-9.0.89\webapps\manager] has finished in [326] ms
14-Jun-2024 19:07:23.498 INFO [main] org.apache.catalina.startup.HostConfig.deployDirectory Desplegando el directorio [C:\Users\joni_\Downloads\ApacheTomcatServerExample\apache-tomcat-9.0.89\webapps\ROOT] de la aplicación web
14-Jun-2024 19:07:23.814 INFO [main] org.apache.jasper.servlet.TldScanner.scanJars Al menos un JAR, que se ha explorado buscando TLDs, aún no contenía TLDs. Activar historial de depuración para este historiador para una completa lista de los JARs que fueron explorados y de los que nos se halló TLDs. Saltarse JARs no necesarios durante la exploración puede dar lugar a una mejora de tiempo significativa en el arranque y compilación de JSP .
14-Jun-2024 19:07:23.817 INFO [main] org.apache.catalina.startup.HostConfig.deployDirectory Deployment of web application directory [C:\Users\joni_\Downloads\ApacheTomcatServerExample\apache-tomcat-9.0.89\webapps\ROOT] has finished in [319] ms
14-Jun-2024 19:07:23.821 INFO [main] org.apache.coyote.AbstractProtocol.start Starting ProtocolHandler ["http-nio-8080"]
14-Jun-2024 19:07:23.869 INFO [main] org.apache.catalina.startup.Catalina.start Server startup in [3128] milliseconds
14-Jun-2024 19:11:30.509 INFO [Thread-1] org.apache.coyote.AbstractProtocol.pause Pausing ProtocolHandler ["http-nio-8080"]
14-Jun-2024 19:11:30.519 INFO [Thread-1] org.apache.catalina.core.StandardService.stopInternal Parando servicio [Catalina]
14-Jun-2024 19:11:30.552 INFO [Thread-1] org.apache.coyote.AbstractProtocol.stop Stopping ProtocolHandler ["http-nio-8080"]
14-Jun-2024 19:11:30.561 INFO [Thread-1] org.apache.coyote.AbstractProtocol.destroy Destroying ProtocolHandler ["http-nio-8080"]
