18-Jul-2024 15:02:45.232 WARNING [main] org.apache.tomcat.util.digester.SetPropertiesRule.begin Match [Server/Service/Connector] failed to set property [maxSpareThreads] to [75]
18-Jul-2024 15:02:45.244 WARNING [main] org.apache.tomcat.util.digester.SetPropertiesRule.begin Match [Server/Service/Connector] failed to set property [compressableMimeType] to [text/html,text/xml,text/plain,text/css,text/javascript,application/javascript,application/json]
18-Jul-2024 15:02:45.337 INFO [main] org.apache.catalina.startup.VersionLoggerListener.log Nombre de la versión del servidor: Apache Tomcat/9.0.89
18-Jul-2024 15:02:45.339 INFO [main] org.apache.catalina.startup.VersionLoggerListener.log Server built:                      May 3 2024 20:22:11 UTC
18-Jul-2024 15:02:45.341 INFO [main] org.apache.catalina.startup.VersionLoggerListener.log Número de versión de servidor:     9.0.89.0
18-Jul-2024 15:02:45.342 INFO [main] org.apache.catalina.startup.VersionLoggerListener.log OS Name:                           Windows 10
18-Jul-2024 15:02:45.342 INFO [main] org.apache.catalina.startup.VersionLoggerListener.log Versión de Systema Operativo:      10.0
18-Jul-2024 15:02:45.343 INFO [main] org.apache.catalina.startup.VersionLoggerListener.log Arquitectura:                      amd64
18-Jul-2024 15:02:45.344 INFO [main] org.apache.catalina.startup.VersionLoggerListener.log Java Home:                         C:\Program Files\Java\jdk-17
18-Jul-2024 15:02:45.344 INFO [main] org.apache.catalina.startup.VersionLoggerListener.log JVM Version:                       17.0.10+11-LTS-240
18-Jul-2024 15:02:45.344 INFO [main] org.apache.catalina.startup.VersionLoggerListener.log Vededor JVM:                       Oracle Corporation
18-Jul-2024 15:02:45.344 INFO [main] org.apache.catalina.startup.VersionLoggerListener.log CATALINA_BASE:                     C:\Users\felip\OneDrive\Escritorio\PracticasCurso\Assigment 3 -Servidores\Tomcat_server\apache-tomcat-9.0.89
18-Jul-2024 15:02:45.345 INFO [main] org.apache.catalina.startup.VersionLoggerListener.log CATALINA_HOME:                     C:\Users\felip\OneDrive\Escritorio\PracticasCurso\Assigment 3 -Servidores\Tomcat_server\apache-tomcat-9.0.89
18-Jul-2024 15:02:45.346 INFO [main] org.apache.catalina.startup.VersionLoggerListener.log Command line argument:             --add-opens=java.base/java.lang=ALL-UNNAMED
18-Jul-2024 15:02:45.347 INFO [main] org.apache.catalina.startup.VersionLoggerListener.log Command line argument:             --add-opens=java.base/java.io=ALL-UNNAMED
18-Jul-2024 15:02:45.348 INFO [main] org.apache.catalina.startup.VersionLoggerListener.log Command line argument:             --add-opens=java.base/java.util=ALL-UNNAMED
18-Jul-2024 15:02:45.348 INFO [main] org.apache.catalina.startup.VersionLoggerListener.log Command line argument:             --add-opens=java.base/java.util.concurrent=ALL-UNNAMED
18-Jul-2024 15:02:45.349 INFO [main] org.apache.catalina.startup.VersionLoggerListener.log Command line argument:             --add-opens=java.rmi/sun.rmi.transport=ALL-UNNAMED
18-Jul-2024 15:02:45.350 INFO [main] org.apache.catalina.startup.VersionLoggerListener.log Command line argument:             -Djava.util.logging.config.file=C:\Users\felip\OneDrive\Escritorio\PracticasCurso\Assigment 3 -Servidores\Tomcat_server\apache-tomcat-9.0.89\conf\logging.properties
18-Jul-2024 15:02:45.350 INFO [main] org.apache.catalina.startup.VersionLoggerListener.log Command line argument:             -Djava.util.logging.manager=org.apache.juli.ClassLoaderLogManager
18-Jul-2024 15:02:45.359 INFO [main] org.apache.catalina.startup.VersionLoggerListener.log Command line argument:             -Djdk.tls.ephemeralDHKeySize=2048
18-Jul-2024 15:02:45.361 INFO [main] org.apache.catalina.startup.VersionLoggerListener.log Command line argument:             -Djava.protocol.handler.pkgs=org.apache.catalina.webresources
18-Jul-2024 15:02:45.361 INFO [main] org.apache.catalina.startup.VersionLoggerListener.log Command line argument:             -Dignore.endorsed.dirs=
18-Jul-2024 15:02:45.362 INFO [main] org.apache.catalina.startup.VersionLoggerListener.log Command line argument:             -Dcatalina.base=C:\Users\felip\OneDrive\Escritorio\PracticasCurso\Assigment 3 -Servidores\Tomcat_server\apache-tomcat-9.0.89
18-Jul-2024 15:02:45.363 INFO [main] org.apache.catalina.startup.VersionLoggerListener.log Command line argument:             -Dcatalina.home=C:\Users\felip\OneDrive\Escritorio\PracticasCurso\Assigment 3 -Servidores\Tomcat_server\apache-tomcat-9.0.89
18-Jul-2024 15:02:45.363 INFO [main] org.apache.catalina.startup.VersionLoggerListener.log Command line argument:             -Djava.io.tmpdir=C:\Users\felip\OneDrive\Escritorio\PracticasCurso\Assigment 3 -Servidores\Tomcat_server\apache-tomcat-9.0.89\temp
18-Jul-2024 15:02:45.380 INFO [main] org.apache.catalina.core.AprLifecycleListener.lifecycleEvent Cargada la biblioteca nativa APR de Apache Tomcat [1.3.0] con la versión APR [1.7.4].
18-Jul-2024 15:02:45.380 INFO [main] org.apache.catalina.core.AprLifecycleListener.lifecycleEvent Capacidades APR: IPv6 [true], enviar fichero [true], aceptar filtros [false], aleatorio [true], UDS [true].
18-Jul-2024 15:02:45.381 INFO [main] org.apache.catalina.core.AprLifecycleListener.lifecycleEvent APR/OpenSSL configuration: useAprConnector [false], useOpenSSL [true]
18-Jul-2024 15:02:45.417 INFO [main] org.apache.catalina.core.AprLifecycleListener.initializeSSL OpenSSL inicializado correctamente [OpenSSL 3.0.13 30 Jan 2024]
18-Jul-2024 15:02:46.069 INFO [main] org.apache.coyote.AbstractProtocol.init Inicializando el manejador de protocolo ["http-nio-8080"]

18-Jul-2024 15:02:46.198 INFO [main] org.apache.coyote.AbstractProtocol.init Inicializando el manejador de protocolo ["https-openssl-nio-8443"]

18-Jul-2024 15:02:47.368 INFO [main] org.apache.tomcat.util.net.AbstractEndpoint.logCertificate Connector [https-openssl-nio-8443], TLS virtual host [_default_], certificate type [RSA] configured from keystore [./keystore.jks] using alias [tomcat] with trust store [null]
18-Jul-2024 15:02:47.371 INFO [main] org.apache.catalina.startup.Catalina.load Server initialization in [2554] milliseconds
18-Jul-2024 15:02:47.515 INFO [main] org.apache.catalina.core.StandardService.startInternal Arrancando servicio [Catalina]
18-Jul-2024 15:02:47.516 INFO [main] org.apache.catalina.core.StandardEngine.startInternal Starting Servlet engine: [Apache Tomcat/9.0.89]
18-Jul-2024 15:02:47.567 INFO [main] org.apache.catalina.startup.HostConfig.deployWAR Despliegue del archivo [C:\Users\felip\OneDrive\Escritorio\PracticasCurso\Assigment 3 -Servidores\Tomcat_server\apache-tomcat-9.0.89\webapps\HelloWorld.war] de la aplicación web
18-Jul-2024 15:02:50.714 INFO [main] org.apache.jasper.servlet.TldScanner.scanJars Al menos un JAR, que se ha explorado buscando TLDs, aún no contenía TLDs. Activar historial de depuración para este historiador para una completa lista de los JARs que fueron explorados y de los que nos se halló TLDs. Saltarse JARs no necesarios durante la exploración puede dar lugar a una mejora de tiempo significativa en el arranque y compilación de JSP .
18-Jul-2024 15:02:51.012 WARNING [main] org.apache.catalina.util.SessionIdGeneratorBase.createSecureRandom Creation of SecureRandom instance for session ID generation using [SHA1PRNG] took [105] milliseconds.
18-Jul-2024 15:02:51.066 INFO [main] org.apache.catalina.startup.HostConfig.deployWAR Deployment of web application archive [C:\Users\felip\OneDrive\Escritorio\PracticasCurso\Assigment 3 -Servidores\Tomcat_server\apache-tomcat-9.0.89\webapps\HelloWorld.war] has finished in [3.499] ms
18-Jul-2024 15:02:51.070 INFO [main] org.apache.catalina.startup.HostConfig.deployWAR Despliegue del archivo [C:\Users\felip\OneDrive\Escritorio\PracticasCurso\Assigment 3 -Servidores\Tomcat_server\apache-tomcat-9.0.89\webapps\TomcatServer.war] de la aplicación web
18-Jul-2024 15:02:53.199 INFO [main] org.apache.jasper.servlet.TldScanner.scanJars Al menos un JAR, que se ha explorado buscando TLDs, aún no contenía TLDs. Activar historial de depuración para este historiador para una completa lista de los JARs que fueron explorados y de los que nos se halló TLDs. Saltarse JARs no necesarios durante la exploración puede dar lugar a una mejora de tiempo significativa en el arranque y compilación de JSP .
18-Jul-2024 15:02:53.212 INFO [main] org.apache.catalina.startup.HostConfig.deployWAR Deployment of web application archive [C:\Users\felip\OneDrive\Escritorio\PracticasCurso\Assigment 3 -Servidores\Tomcat_server\apache-tomcat-9.0.89\webapps\TomcatServer.war] has finished in [2.142] ms
18-Jul-2024 15:02:53.214 INFO [main] org.apache.catalina.startup.HostConfig.deployDirectory Desplegando el directorio [C:\Users\felip\OneDrive\Escritorio\PracticasCurso\Assigment 3 -Servidores\Tomcat_server\apache-tomcat-9.0.89\webapps\docs] de la aplicación web
18-Jul-2024 15:02:54.480 INFO [main] org.apache.jasper.servlet.TldScanner.scanJars Al menos un JAR, que se ha explorado buscando TLDs, aún no contenía TLDs. Activar historial de depuración para este historiador para una completa lista de los JARs que fueron explorados y de los que nos se halló TLDs. Saltarse JARs no necesarios durante la exploración puede dar lugar a una mejora de tiempo significativa en el arranque y compilación de JSP .
18-Jul-2024 15:02:54.498 INFO [main] org.apache.catalina.startup.HostConfig.deployDirectory Deployment of web application directory [C:\Users\felip\OneDrive\Escritorio\PracticasCurso\Assigment 3 -Servidores\Tomcat_server\apache-tomcat-9.0.89\webapps\docs] has finished in [1.283] ms
18-Jul-2024 15:02:54.498 INFO [main] org.apache.catalina.startup.HostConfig.deployDirectory Desplegando el directorio [C:\Users\felip\OneDrive\Escritorio\PracticasCurso\Assigment 3 -Servidores\Tomcat_server\apache-tomcat-9.0.89\webapps\examples] de la aplicación web
18-Jul-2024 15:02:57.114 INFO [main] org.apache.jasper.servlet.TldScanner.scanJars Al menos un JAR, que se ha explorado buscando TLDs, aún no contenía TLDs. Activar historial de depuración para este historiador para una completa lista de los JARs que fueron explorados y de los que nos se halló TLDs. Saltarse JARs no necesarios durante la exploración puede dar lugar a una mejora de tiempo significativa en el arranque y compilación de JSP .
18-Jul-2024 15:02:57.327 INFO [main] org.apache.catalina.startup.HostConfig.deployDirectory Deployment of web application directory [C:\Users\felip\OneDrive\Escritorio\PracticasCurso\Assigment 3 -Servidores\Tomcat_server\apache-tomcat-9.0.89\webapps\examples] has finished in [2.828] ms
18-Jul-2024 15:02:57.328 INFO [main] org.apache.catalina.startup.HostConfig.deployDirectory Desplegando el directorio [C:\Users\felip\OneDrive\Escritorio\PracticasCurso\Assigment 3 -Servidores\Tomcat_server\apache-tomcat-9.0.89\webapps\host-manager] de la aplicación web
18-Jul-2024 15:02:58.743 INFO [main] org.apache.jasper.servlet.TldScanner.scanJars Al menos un JAR, que se ha explorado buscando TLDs, aún no contenía TLDs. Activar historial de depuración para este historiador para una completa lista de los JARs que fueron explorados y de los que nos se halló TLDs. Saltarse JARs no necesarios durante la exploración puede dar lugar a una mejora de tiempo significativa en el arranque y compilación de JSP .
18-Jul-2024 15:02:58.758 INFO [main] org.apache.catalina.startup.HostConfig.deployDirectory Deployment of web application directory [C:\Users\felip\OneDrive\Escritorio\PracticasCurso\Assigment 3 -Servidores\Tomcat_server\apache-tomcat-9.0.89\webapps\host-manager] has finished in [1.430] ms
18-Jul-2024 15:02:58.758 INFO [main] org.apache.catalina.startup.HostConfig.deployDirectory Desplegando el directorio [C:\Users\felip\OneDrive\Escritorio\PracticasCurso\Assigment 3 -Servidores\Tomcat_server\apache-tomcat-9.0.89\webapps\manager] de la aplicación web
18-Jul-2024 15:02:59.629 INFO [main] org.apache.jasper.servlet.TldScanner.scanJars Al menos un JAR, que se ha explorado buscando TLDs, aún no contenía TLDs. Activar historial de depuración para este historiador para una completa lista de los JARs que fueron explorados y de los que nos se halló TLDs. Saltarse JARs no necesarios durante la exploración puede dar lugar a una mejora de tiempo significativa en el arranque y compilación de JSP .
18-Jul-2024 15:02:59.636 INFO [main] org.apache.catalina.startup.HostConfig.deployDirectory Deployment of web application directory [C:\Users\felip\OneDrive\Escritorio\PracticasCurso\Assigment 3 -Servidores\Tomcat_server\apache-tomcat-9.0.89\webapps\manager] has finished in [877] ms
18-Jul-2024 15:02:59.636 INFO [main] org.apache.catalina.startup.HostConfig.deployDirectory Desplegando el directorio [C:\Users\felip\OneDrive\Escritorio\PracticasCurso\Assigment 3 -Servidores\Tomcat_server\apache-tomcat-9.0.89\webapps\ROOT] de la aplicación web
18-Jul-2024 15:03:00.344 INFO [main] org.apache.jasper.servlet.TldScanner.scanJars Al menos un JAR, que se ha explorado buscando TLDs, aún no contenía TLDs. Activar historial de depuración para este historiador para una completa lista de los JARs que fueron explorados y de los que nos se halló TLDs. Saltarse JARs no necesarios durante la exploración puede dar lugar a una mejora de tiempo significativa en el arranque y compilación de JSP .
18-Jul-2024 15:03:00.352 INFO [main] org.apache.catalina.startup.HostConfig.deployDirectory Deployment of web application directory [C:\Users\felip\OneDrive\Escritorio\PracticasCurso\Assigment 3 -Servidores\Tomcat_server\apache-tomcat-9.0.89\webapps\ROOT] has finished in [715] ms
18-Jul-2024 15:03:00.362 INFO [main] org.apache.coyote.AbstractProtocol.start Starting ProtocolHandler ["http-nio-8080"]
18-Jul-2024 15:03:00.421 INFO [main] org.apache.coyote.AbstractProtocol.start Starting ProtocolHandler ["https-openssl-nio-8443"]
18-Jul-2024 15:03:00.430 INFO [main] org.apache.catalina.startup.Catalina.start Server startup in [13057] milliseconds
18-Jul-2024 18:34:58.939 WARNING [main] org.apache.tomcat.util.digester.SetPropertiesRule.begin Match [Server/Service/Connector] failed to set property [maxSpareThreads] to [75]
18-Jul-2024 18:34:58.960 WARNING [main] org.apache.tomcat.util.digester.SetPropertiesRule.begin Match [Server/Service/Connector] failed to set property [compressableMimeType] to [text/html,text/xml,text/plain,text/css,text/javascript,application/javascript,application/json]
18-Jul-2024 18:34:59.242 INFO [main] org.apache.catalina.startup.VersionLoggerListener.log Nombre de la versión del servidor: Apache Tomcat/9.0.89
18-Jul-2024 18:34:59.255 INFO [main] org.apache.catalina.startup.VersionLoggerListener.log Server built:                      May 3 2024 20:22:11 UTC
18-Jul-2024 18:34:59.260 INFO [main] org.apache.catalina.startup.VersionLoggerListener.log Número de versión de servidor:     9.0.89.0
18-Jul-2024 18:34:59.261 INFO [main] org.apache.catalina.startup.VersionLoggerListener.log OS Name:                           Windows 10
18-Jul-2024 18:34:59.262 INFO [main] org.apache.catalina.startup.VersionLoggerListener.log Versión de Systema Operativo:      10.0
18-Jul-2024 18:34:59.262 INFO [main] org.apache.catalina.startup.VersionLoggerListener.log Arquitectura:                      amd64
18-Jul-2024 18:34:59.263 INFO [main] org.apache.catalina.startup.VersionLoggerListener.log Java Home:                         C:\Program Files\Java\jdk-17
18-Jul-2024 18:34:59.270 INFO [main] org.apache.catalina.startup.VersionLoggerListener.log JVM Version:                       17.0.10+11-LTS-240
18-Jul-2024 18:34:59.273 INFO [main] org.apache.catalina.startup.VersionLoggerListener.log Vededor JVM:                       Oracle Corporation
18-Jul-2024 18:34:59.292 INFO [main] org.apache.catalina.startup.VersionLoggerListener.log CATALINA_BASE:                     C:\Users\felip\OneDrive\Escritorio\PracticasCurso\Assigment 3 -Servidores\Tomcat_server\apache-tomcat-9.0.89
18-Jul-2024 18:34:59.293 INFO [main] org.apache.catalina.startup.VersionLoggerListener.log CATALINA_HOME:                     C:\Users\felip\OneDrive\Escritorio\PracticasCurso\Assigment 3 -Servidores\Tomcat_server\apache-tomcat-9.0.89
18-Jul-2024 18:34:59.297 INFO [main] org.apache.catalina.startup.VersionLoggerListener.log Command line argument:             --add-opens=java.base/java.lang=ALL-UNNAMED
18-Jul-2024 18:34:59.306 INFO [main] org.apache.catalina.startup.VersionLoggerListener.log Command line argument:             --add-opens=java.base/java.io=ALL-UNNAMED
18-Jul-2024 18:34:59.314 INFO [main] org.apache.catalina.startup.VersionLoggerListener.log Command line argument:             --add-opens=java.base/java.util=ALL-UNNAMED
18-Jul-2024 18:34:59.328 INFO [main] org.apache.catalina.startup.VersionLoggerListener.log Command line argument:             --add-opens=java.base/java.util.concurrent=ALL-UNNAMED
18-Jul-2024 18:34:59.331 INFO [main] org.apache.catalina.startup.VersionLoggerListener.log Command line argument:             --add-opens=java.rmi/sun.rmi.transport=ALL-UNNAMED
18-Jul-2024 18:34:59.339 INFO [main] org.apache.catalina.startup.VersionLoggerListener.log Command line argument:             -Djava.util.logging.config.file=C:\Users\felip\OneDrive\Escritorio\PracticasCurso\Assigment 3 -Servidores\Tomcat_server\apache-tomcat-9.0.89\conf\logging.properties
18-Jul-2024 18:34:59.343 INFO [main] org.apache.catalina.startup.VersionLoggerListener.log Command line argument:             -Djava.util.logging.manager=org.apache.juli.ClassLoaderLogManager
18-Jul-2024 18:34:59.347 INFO [main] org.apache.catalina.startup.VersionLoggerListener.log Command line argument:             -Djdk.tls.ephemeralDHKeySize=2048
18-Jul-2024 18:34:59.348 INFO [main] org.apache.catalina.startup.VersionLoggerListener.log Command line argument:             -Djava.protocol.handler.pkgs=org.apache.catalina.webresources
18-Jul-2024 18:34:59.360 INFO [main] org.apache.catalina.startup.VersionLoggerListener.log Command line argument:             -Dignore.endorsed.dirs=
18-Jul-2024 18:34:59.361 INFO [main] org.apache.catalina.startup.VersionLoggerListener.log Command line argument:             -Dcatalina.base=C:\Users\felip\OneDrive\Escritorio\PracticasCurso\Assigment 3 -Servidores\Tomcat_server\apache-tomcat-9.0.89
18-Jul-2024 18:34:59.366 INFO [main] org.apache.catalina.startup.VersionLoggerListener.log Command line argument:             -Dcatalina.home=C:\Users\felip\OneDrive\Escritorio\PracticasCurso\Assigment 3 -Servidores\Tomcat_server\apache-tomcat-9.0.89
18-Jul-2024 18:34:59.375 INFO [main] org.apache.catalina.startup.VersionLoggerListener.log Command line argument:             -Djava.io.tmpdir=C:\Users\felip\OneDrive\Escritorio\PracticasCurso\Assigment 3 -Servidores\Tomcat_server\apache-tomcat-9.0.89\temp
18-Jul-2024 18:34:59.413 INFO [main] org.apache.catalina.core.AprLifecycleListener.lifecycleEvent Cargada la biblioteca nativa APR de Apache Tomcat [1.3.0] con la versión APR [1.7.4].
18-Jul-2024 18:34:59.416 INFO [main] org.apache.catalina.core.AprLifecycleListener.lifecycleEvent Capacidades APR: IPv6 [true], enviar fichero [true], aceptar filtros [false], aleatorio [true], UDS [true].
18-Jul-2024 18:34:59.425 INFO [main] org.apache.catalina.core.AprLifecycleListener.lifecycleEvent APR/OpenSSL configuration: useAprConnector [false], useOpenSSL [true]
18-Jul-2024 18:34:59.514 INFO [main] org.apache.catalina.core.AprLifecycleListener.initializeSSL OpenSSL inicializado correctamente [OpenSSL 3.0.13 30 Jan 2024]
18-Jul-2024 18:35:01.830 INFO [main] org.apache.coyote.AbstractProtocol.init Inicializando el manejador de protocolo ["http-nio-8080"]

18-Jul-2024 18:35:02.112 INFO [main] org.apache.coyote.AbstractProtocol.init Inicializando el manejador de protocolo ["https-openssl-nio-8443"]

18-Jul-2024 18:35:04.494 INFO [main] org.apache.tomcat.util.net.AbstractEndpoint.logCertificate Connector [https-openssl-nio-8443], TLS virtual host [_default_], certificate type [RSA] configured from keystore [./keystore.jks] using alias [tomcat] with trust store [null]
18-Jul-2024 18:35:04.541 INFO [main] org.apache.catalina.startup.Catalina.load Server initialization in [6561] milliseconds
18-Jul-2024 18:35:04.887 INFO [main] org.apache.catalina.core.StandardService.startInternal Arrancando servicio [Catalina]
18-Jul-2024 18:35:04.907 INFO [main] org.apache.catalina.core.StandardEngine.startInternal Starting Servlet engine: [Apache Tomcat/9.0.89]
18-Jul-2024 18:35:05.221 INFO [main] org.apache.catalina.startup.HostConfig.deployWAR Despliegue del archivo [C:\Users\felip\OneDrive\Escritorio\PracticasCurso\Assigment 3 -Servidores\Tomcat_server\apache-tomcat-9.0.89\webapps\HelloWorld.war] de la aplicación web
18-Jul-2024 18:35:12.694 INFO [main] org.apache.jasper.servlet.TldScanner.scanJars Al menos un JAR, que se ha explorado buscando TLDs, aún no contenía TLDs. Activar historial de depuración para este historiador para una completa lista de los JARs que fueron explorados y de los que nos se halló TLDs. Saltarse JARs no necesarios durante la exploración puede dar lugar a una mejora de tiempo significativa en el arranque y compilación de JSP .
18-Jul-2024 18:35:12.962 INFO [main] org.apache.catalina.startup.HostConfig.deployWAR Deployment of web application archive [C:\Users\felip\OneDrive\Escritorio\PracticasCurso\Assigment 3 -Servidores\Tomcat_server\apache-tomcat-9.0.89\webapps\HelloWorld.war] has finished in [7.749] ms
18-Jul-2024 18:35:12.994 INFO [main] org.apache.catalina.startup.HostConfig.deployWAR Despliegue del archivo [C:\Users\felip\OneDrive\Escritorio\PracticasCurso\Assigment 3 -Servidores\Tomcat_server\apache-tomcat-9.0.89\webapps\TomcatServer.war] de la aplicación web
18-Jul-2024 18:35:18.306 INFO [main] org.apache.jasper.servlet.TldScanner.scanJars Al menos un JAR, que se ha explorado buscando TLDs, aún no contenía TLDs. Activar historial de depuración para este historiador para una completa lista de los JARs que fueron explorados y de los que nos se halló TLDs. Saltarse JARs no necesarios durante la exploración puede dar lugar a una mejora de tiempo significativa en el arranque y compilación de JSP .
18-Jul-2024 18:35:18.388 INFO [main] org.apache.catalina.startup.HostConfig.deployWAR Deployment of web application archive [C:\Users\felip\OneDrive\Escritorio\PracticasCurso\Assigment 3 -Servidores\Tomcat_server\apache-tomcat-9.0.89\webapps\TomcatServer.war] has finished in [5.391] ms
18-Jul-2024 18:35:18.439 INFO [main] org.apache.catalina.startup.HostConfig.deployDirectory Desplegando el directorio [C:\Users\felip\OneDrive\Escritorio\PracticasCurso\Assigment 3 -Servidores\Tomcat_server\apache-tomcat-9.0.89\webapps\docs] de la aplicación web
18-Jul-2024 18:35:23.524 INFO [main] org.apache.jasper.servlet.TldScanner.scanJars Al menos un JAR, que se ha explorado buscando TLDs, aún no contenía TLDs. Activar historial de depuración para este historiador para una completa lista de los JARs que fueron explorados y de los que nos se halló TLDs. Saltarse JARs no necesarios durante la exploración puede dar lugar a una mejora de tiempo significativa en el arranque y compilación de JSP .
18-Jul-2024 18:35:23.549 INFO [main] org.apache.catalina.startup.HostConfig.deployDirectory Deployment of web application directory [C:\Users\felip\OneDrive\Escritorio\PracticasCurso\Assigment 3 -Servidores\Tomcat_server\apache-tomcat-9.0.89\webapps\docs] has finished in [5.110] ms
18-Jul-2024 18:35:23.550 INFO [main] org.apache.catalina.startup.HostConfig.deployDirectory Desplegando el directorio [C:\Users\felip\OneDrive\Escritorio\PracticasCurso\Assigment 3 -Servidores\Tomcat_server\apache-tomcat-9.0.89\webapps\examples] de la aplicación web
18-Jul-2024 18:35:28.374 INFO [main] org.apache.jasper.servlet.TldScanner.scanJars Al menos un JAR, que se ha explorado buscando TLDs, aún no contenía TLDs. Activar historial de depuración para este historiador para una completa lista de los JARs que fueron explorados y de los que nos se halló TLDs. Saltarse JARs no necesarios durante la exploración puede dar lugar a una mejora de tiempo significativa en el arranque y compilación de JSP .
18-Jul-2024 18:35:28.767 INFO [main] org.apache.catalina.startup.HostConfig.deployDirectory Deployment of web application directory [C:\Users\felip\OneDrive\Escritorio\PracticasCurso\Assigment 3 -Servidores\Tomcat_server\apache-tomcat-9.0.89\webapps\examples] has finished in [5.217] ms
18-Jul-2024 18:35:28.768 INFO [main] org.apache.catalina.startup.HostConfig.deployDirectory Desplegando el directorio [C:\Users\felip\OneDrive\Escritorio\PracticasCurso\Assigment 3 -Servidores\Tomcat_server\apache-tomcat-9.0.89\webapps\host-manager] de la aplicación web
18-Jul-2024 18:35:31.965 INFO [main] org.apache.jasper.servlet.TldScanner.scanJars Al menos un JAR, que se ha explorado buscando TLDs, aún no contenía TLDs. Activar historial de depuración para este historiador para una completa lista de los JARs que fueron explorados y de los que nos se halló TLDs. Saltarse JARs no necesarios durante la exploración puede dar lugar a una mejora de tiempo significativa en el arranque y compilación de JSP .
18-Jul-2024 18:35:32.036 INFO [main] org.apache.catalina.startup.HostConfig.deployDirectory Deployment of web application directory [C:\Users\felip\OneDrive\Escritorio\PracticasCurso\Assigment 3 -Servidores\Tomcat_server\apache-tomcat-9.0.89\webapps\host-manager] has finished in [3.268] ms
18-Jul-2024 18:35:32.037 INFO [main] org.apache.catalina.startup.HostConfig.deployDirectory Desplegando el directorio [C:\Users\felip\OneDrive\Escritorio\PracticasCurso\Assigment 3 -Servidores\Tomcat_server\apache-tomcat-9.0.89\webapps\manager] de la aplicación web
18-Jul-2024 18:35:34.500 INFO [main] org.apache.jasper.servlet.TldScanner.scanJars Al menos un JAR, que se ha explorado buscando TLDs, aún no contenía TLDs. Activar historial de depuración para este historiador para una completa lista de los JARs que fueron explorados y de los que nos se halló TLDs. Saltarse JARs no necesarios durante la exploración puede dar lugar a una mejora de tiempo significativa en el arranque y compilación de JSP .
18-Jul-2024 18:35:34.531 INFO [main] org.apache.catalina.startup.HostConfig.deployDirectory Deployment of web application directory [C:\Users\felip\OneDrive\Escritorio\PracticasCurso\Assigment 3 -Servidores\Tomcat_server\apache-tomcat-9.0.89\webapps\manager] has finished in [2.494] ms
18-Jul-2024 18:35:34.532 INFO [main] org.apache.catalina.startup.HostConfig.deployDirectory Desplegando el directorio [C:\Users\felip\OneDrive\Escritorio\PracticasCurso\Assigment 3 -Servidores\Tomcat_server\apache-tomcat-9.0.89\webapps\ROOT] de la aplicación web
18-Jul-2024 18:35:36.460 INFO [main] org.apache.jasper.servlet.TldScanner.scanJars Al menos un JAR, que se ha explorado buscando TLDs, aún no contenía TLDs. Activar historial de depuración para este historiador para una completa lista de los JARs que fueron explorados y de los que nos se halló TLDs. Saltarse JARs no necesarios durante la exploración puede dar lugar a una mejora de tiempo significativa en el arranque y compilación de JSP .
18-Jul-2024 18:35:36.472 INFO [main] org.apache.catalina.startup.HostConfig.deployDirectory Deployment of web application directory [C:\Users\felip\OneDrive\Escritorio\PracticasCurso\Assigment 3 -Servidores\Tomcat_server\apache-tomcat-9.0.89\webapps\ROOT] has finished in [1.940] ms
18-Jul-2024 18:35:36.488 INFO [main] org.apache.coyote.AbstractProtocol.start Starting ProtocolHandler ["http-nio-8080"]
18-Jul-2024 18:35:36.566 INFO [main] org.apache.coyote.AbstractProtocol.start Starting ProtocolHandler ["https-openssl-nio-8443"]
18-Jul-2024 18:35:36.589 INFO [main] org.apache.catalina.startup.Catalina.start Server startup in [32027] milliseconds
18-Jul-2024 18:45:48.063 INFO [Catalina-utility-2] org.apache.catalina.startup.HostConfig.undeploy Repliegue (undeploy) de la aplicación web que tiene como trayectoria de contexto [/TomcatServer]
18-Jul-2024 18:46:08.240 INFO [Catalina-utility-2] org.apache.catalina.startup.HostConfig.deployWAR Despliegue del archivo [C:\Users\felip\OneDrive\Escritorio\PracticasCurso\Assigment 3 -Servidores\Tomcat_server\apache-tomcat-9.0.89\webapps\TomcatServer.war] de la aplicación web
18-Jul-2024 18:46:09.684 INFO [Catalina-utility-2] org.apache.jasper.servlet.TldScanner.scanJars Al menos un JAR, que se ha explorado buscando TLDs, aún no contenía TLDs. Activar historial de depuración para este historiador para una completa lista de los JARs que fueron explorados y de los que nos se halló TLDs. Saltarse JARs no necesarios durante la exploración puede dar lugar a una mejora de tiempo significativa en el arranque y compilación de JSP .
18-Jul-2024 18:46:09.694 INFO [Catalina-utility-2] org.apache.catalina.startup.HostConfig.deployWAR Deployment of web application archive [C:\Users\felip\OneDrive\Escritorio\PracticasCurso\Assigment 3 -Servidores\Tomcat_server\apache-tomcat-9.0.89\webapps\TomcatServer.war] has finished in [1.453] ms
18-Jul-2024 18:58:32.113 INFO [Catalina-utility-1] org.apache.catalina.startup.HostConfig.undeploy Repliegue (undeploy) de la aplicación web que tiene como trayectoria de contexto [/TomcatServer]
18-Jul-2024 18:59:02.285 INFO [Catalina-utility-2] org.apache.catalina.startup.HostConfig.deployWAR Despliegue del archivo [C:\Users\felip\OneDrive\Escritorio\PracticasCurso\Assigment 3 -Servidores\Tomcat_server\apache-tomcat-9.0.89\webapps\TomcatServer.war] de la aplicación web
18-Jul-2024 18:59:03.333 INFO [Catalina-utility-2] org.apache.jasper.servlet.TldScanner.scanJars Al menos un JAR, que se ha explorado buscando TLDs, aún no contenía TLDs. Activar historial de depuración para este historiador para una completa lista de los JARs que fueron explorados y de los que nos se halló TLDs. Saltarse JARs no necesarios durante la exploración puede dar lugar a una mejora de tiempo significativa en el arranque y compilación de JSP .
18-Jul-2024 18:59:03.340 INFO [Catalina-utility-2] org.apache.catalina.startup.HostConfig.deployWAR Deployment of web application archive [C:\Users\felip\OneDrive\Escritorio\PracticasCurso\Assigment 3 -Servidores\Tomcat_server\apache-tomcat-9.0.89\webapps\TomcatServer.war] has finished in [1.054] ms
18-Jul-2024 18:59:45.028 WARNING [main] org.apache.tomcat.util.digester.SetPropertiesRule.begin Match [Server/Service/Connector] failed to set property [maxSpareThreads] to [75]
18-Jul-2024 18:59:45.040 WARNING [main] org.apache.tomcat.util.digester.SetPropertiesRule.begin Match [Server/Service/Connector] failed to set property [compressableMimeType] to [text/html,text/xml,text/plain,text/css,text/javascript,application/javascript,application/json]
18-Jul-2024 18:59:45.129 INFO [main] org.apache.catalina.startup.VersionLoggerListener.log Nombre de la versión del servidor: Apache Tomcat/9.0.89
18-Jul-2024 18:59:45.130 INFO [main] org.apache.catalina.startup.VersionLoggerListener.log Server built:                      May 3 2024 20:22:11 UTC
18-Jul-2024 18:59:45.130 INFO [main] org.apache.catalina.startup.VersionLoggerListener.log Número de versión de servidor:     9.0.89.0
18-Jul-2024 18:59:45.131 INFO [main] org.apache.catalina.startup.VersionLoggerListener.log OS Name:                           Windows 10
18-Jul-2024 18:59:45.131 INFO [main] org.apache.catalina.startup.VersionLoggerListener.log Versión de Systema Operativo:      10.0
18-Jul-2024 18:59:45.131 INFO [main] org.apache.catalina.startup.VersionLoggerListener.log Arquitectura:                      amd64
18-Jul-2024 18:59:45.132 INFO [main] org.apache.catalina.startup.VersionLoggerListener.log Java Home:                         C:\Program Files\Java\jdk-17
18-Jul-2024 18:59:45.132 INFO [main] org.apache.catalina.startup.VersionLoggerListener.log JVM Version:                       17.0.10+11-LTS-240
18-Jul-2024 18:59:45.132 INFO [main] org.apache.catalina.startup.VersionLoggerListener.log Vededor JVM:                       Oracle Corporation
18-Jul-2024 18:59:45.132 INFO [main] org.apache.catalina.startup.VersionLoggerListener.log CATALINA_BASE:                     C:\Users\felip\OneDrive\Escritorio\PracticasCurso\Assigment 3 -Servidores\Tomcat_server\apache-tomcat-9.0.89
18-Jul-2024 18:59:45.133 INFO [main] org.apache.catalina.startup.VersionLoggerListener.log CATALINA_HOME:                     C:\Users\felip\OneDrive\Escritorio\PracticasCurso\Assigment 3 -Servidores\Tomcat_server\apache-tomcat-9.0.89
18-Jul-2024 18:59:45.134 INFO [main] org.apache.catalina.startup.VersionLoggerListener.log Command line argument:             --add-opens=java.base/java.lang=ALL-UNNAMED
18-Jul-2024 18:59:45.134 INFO [main] org.apache.catalina.startup.VersionLoggerListener.log Command line argument:             --add-opens=java.base/java.io=ALL-UNNAMED
18-Jul-2024 18:59:45.135 INFO [main] org.apache.catalina.startup.VersionLoggerListener.log Command line argument:             --add-opens=java.base/java.util=ALL-UNNAMED
18-Jul-2024 18:59:45.137 INFO [main] org.apache.catalina.startup.VersionLoggerListener.log Command line argument:             --add-opens=java.base/java.util.concurrent=ALL-UNNAMED
18-Jul-2024 18:59:45.138 INFO [main] org.apache.catalina.startup.VersionLoggerListener.log Command line argument:             --add-opens=java.rmi/sun.rmi.transport=ALL-UNNAMED
18-Jul-2024 18:59:45.138 INFO [main] org.apache.catalina.startup.VersionLoggerListener.log Command line argument:             -Djava.util.logging.config.file=C:\Users\felip\OneDrive\Escritorio\PracticasCurso\Assigment 3 -Servidores\Tomcat_server\apache-tomcat-9.0.89\conf\logging.properties
18-Jul-2024 18:59:45.139 INFO [main] org.apache.catalina.startup.VersionLoggerListener.log Command line argument:             -Djava.util.logging.manager=org.apache.juli.ClassLoaderLogManager
18-Jul-2024 18:59:45.140 INFO [main] org.apache.catalina.startup.VersionLoggerListener.log Command line argument:             -Djdk.tls.ephemeralDHKeySize=2048
18-Jul-2024 18:59:45.140 INFO [main] org.apache.catalina.startup.VersionLoggerListener.log Command line argument:             -Djava.protocol.handler.pkgs=org.apache.catalina.webresources
18-Jul-2024 18:59:45.141 INFO [main] org.apache.catalina.startup.VersionLoggerListener.log Command line argument:             -Dignore.endorsed.dirs=
18-Jul-2024 18:59:45.142 INFO [main] org.apache.catalina.startup.VersionLoggerListener.log Command line argument:             -Dcatalina.base=C:\Users\felip\OneDrive\Escritorio\PracticasCurso\Assigment 3 -Servidores\Tomcat_server\apache-tomcat-9.0.89
18-Jul-2024 18:59:45.143 INFO [main] org.apache.catalina.startup.VersionLoggerListener.log Command line argument:             -Dcatalina.home=C:\Users\felip\OneDrive\Escritorio\PracticasCurso\Assigment 3 -Servidores\Tomcat_server\apache-tomcat-9.0.89
18-Jul-2024 18:59:45.143 INFO [main] org.apache.catalina.startup.VersionLoggerListener.log Command line argument:             -Djava.io.tmpdir=C:\Users\felip\OneDrive\Escritorio\PracticasCurso\Assigment 3 -Servidores\Tomcat_server\apache-tomcat-9.0.89\temp
18-Jul-2024 18:59:45.150 INFO [main] org.apache.catalina.core.AprLifecycleListener.lifecycleEvent Cargada la biblioteca nativa APR de Apache Tomcat [1.3.0] con la versión APR [1.7.4].
18-Jul-2024 18:59:45.150 INFO [main] org.apache.catalina.core.AprLifecycleListener.lifecycleEvent Capacidades APR: IPv6 [true], enviar fichero [true], aceptar filtros [false], aleatorio [true], UDS [true].
18-Jul-2024 18:59:45.151 INFO [main] org.apache.catalina.core.AprLifecycleListener.lifecycleEvent APR/OpenSSL configuration: useAprConnector [false], useOpenSSL [true]
18-Jul-2024 18:59:45.164 INFO [main] org.apache.catalina.core.AprLifecycleListener.initializeSSL OpenSSL inicializado correctamente [OpenSSL 3.0.13 30 Jan 2024]
18-Jul-2024 18:59:45.632 INFO [main] org.apache.coyote.AbstractProtocol.init Inicializando el manejador de protocolo ["http-nio-8080"]

18-Jul-2024 18:59:45.675 SEVERE [main] org.apache.catalina.util.LifecycleBase.handleSubClassException Fallo al iniciar el componente [Connector["http-nio-8080"]]
	org.apache.catalina.LifecycleException: Falló la inicialización del manejador de protocolo
		at org.apache.catalina.connector.Connector.initInternal(Connector.java:1012)
		at org.apache.catalina.util.LifecycleBase.init(LifecycleBase.java:127)
		at org.apache.catalina.core.StandardService.initInternal(StandardService.java:525)
		at org.apache.catalina.util.LifecycleBase.init(LifecycleBase.java:127)
		at org.apache.catalina.core.StandardServer.initInternal(StandardServer.java:990)
		at org.apache.catalina.util.LifecycleBase.init(LifecycleBase.java:127)
		at org.apache.catalina.startup.Catalina.load(Catalina.java:686)
		at org.apache.catalina.startup.Catalina.load(Catalina.java:709)
		at java.base/jdk.internal.reflect.NativeMethodAccessorImpl.invoke0(Native Method)
		at java.base/jdk.internal.reflect.NativeMethodAccessorImpl.invoke(NativeMethodAccessorImpl.java:77)
		at java.base/jdk.internal.reflect.DelegatingMethodAccessorImpl.invoke(DelegatingMethodAccessorImpl.java:43)
		at java.base/java.lang.reflect.Method.invoke(Method.java:568)
		at org.apache.catalina.startup.Bootstrap.load(Bootstrap.java:302)
		at org.apache.catalina.startup.Bootstrap.main(Bootstrap.java:472)
	Caused by: java.net.BindException: Address already in use: bind
		at java.base/sun.nio.ch.Net.bind0(Native Method)
		at java.base/sun.nio.ch.Net.bind(Net.java:555)
		at java.base/sun.nio.ch.ServerSocketChannelImpl.netBind(ServerSocketChannelImpl.java:337)
		at java.base/sun.nio.ch.ServerSocketChannelImpl.bind(ServerSocketChannelImpl.java:294)
		at org.apache.tomcat.util.net.NioEndpoint.initServerSocket(NioEndpoint.java:268)
		at org.apache.tomcat.util.net.NioEndpoint.bind(NioEndpoint.java:223)
		at org.apache.tomcat.util.net.AbstractEndpoint.bindWithCleanup(AbstractEndpoint.java:1355)
		at org.apache.tomcat.util.net.AbstractEndpoint.init(AbstractEndpoint.java:1368)
		at org.apache.coyote.AbstractProtocol.init(AbstractProtocol.java:654)
		at org.apache.coyote.http11.AbstractHttp11Protocol.init(AbstractHttp11Protocol.java:75)
		at org.apache.catalina.connector.Connector.initInternal(Connector.java:1010)
		... 13 more
18-Jul-2024 18:59:45.678 INFO [main] org.apache.coyote.AbstractProtocol.init Inicializando el manejador de protocolo ["https-openssl-nio-8443"]

18-Jul-2024 18:59:45.684 SEVERE [main] org.apache.catalina.util.LifecycleBase.handleSubClassException Fallo al iniciar el componente [Connector["https-openssl-nio-8443"]]
	org.apache.catalina.LifecycleException: Falló la inicialización del manejador de protocolo
		at org.apache.catalina.connector.Connector.initInternal(Connector.java:1012)
		at org.apache.catalina.util.LifecycleBase.init(LifecycleBase.java:127)
		at org.apache.catalina.core.StandardService.initInternal(StandardService.java:525)
		at org.apache.catalina.util.LifecycleBase.init(LifecycleBase.java:127)
		at org.apache.catalina.core.StandardServer.initInternal(StandardServer.java:990)
		at org.apache.catalina.util.LifecycleBase.init(LifecycleBase.java:127)
		at org.apache.catalina.startup.Catalina.load(Catalina.java:686)
		at org.apache.catalina.startup.Catalina.load(Catalina.java:709)
		at java.base/jdk.internal.reflect.NativeMethodAccessorImpl.invoke0(Native Method)
		at java.base/jdk.internal.reflect.NativeMethodAccessorImpl.invoke(NativeMethodAccessorImpl.java:77)
		at java.base/jdk.internal.reflect.DelegatingMethodAccessorImpl.invoke(DelegatingMethodAccessorImpl.java:43)
		at java.base/java.lang.reflect.Method.invoke(Method.java:568)
		at org.apache.catalina.startup.Bootstrap.load(Bootstrap.java:302)
		at org.apache.catalina.startup.Bootstrap.main(Bootstrap.java:472)
	Caused by: java.net.BindException: Address already in use: bind
		at java.base/sun.nio.ch.Net.bind0(Native Method)
		at java.base/sun.nio.ch.Net.bind(Net.java:555)
		at java.base/sun.nio.ch.ServerSocketChannelImpl.netBind(ServerSocketChannelImpl.java:337)
		at java.base/sun.nio.ch.ServerSocketChannelImpl.bind(ServerSocketChannelImpl.java:294)
		at org.apache.tomcat.util.net.NioEndpoint.initServerSocket(NioEndpoint.java:268)
		at org.apache.tomcat.util.net.NioEndpoint.bind(NioEndpoint.java:223)
		at org.apache.tomcat.util.net.AbstractEndpoint.bindWithCleanup(AbstractEndpoint.java:1355)
		at org.apache.tomcat.util.net.AbstractEndpoint.init(AbstractEndpoint.java:1368)
		at org.apache.coyote.AbstractProtocol.init(AbstractProtocol.java:654)
		at org.apache.coyote.http11.AbstractHttp11Protocol.init(AbstractHttp11Protocol.java:75)
		at org.apache.catalina.connector.Connector.initInternal(Connector.java:1010)
		... 13 more
18-Jul-2024 18:59:45.685 INFO [main] org.apache.catalina.startup.Catalina.load Server initialization in [954] milliseconds
18-Jul-2024 18:59:45.786 INFO [main] org.apache.catalina.core.StandardService.startInternal Arrancando servicio [Catalina]
18-Jul-2024 18:59:45.788 INFO [main] org.apache.catalina.core.StandardEngine.startInternal Starting Servlet engine: [Apache Tomcat/9.0.89]
18-Jul-2024 18:59:45.829 INFO [main] org.apache.catalina.startup.HostConfig.deployWAR Despliegue del archivo [C:\Users\felip\OneDrive\Escritorio\PracticasCurso\Assigment 3 -Servidores\Tomcat_server\apache-tomcat-9.0.89\webapps\HelloWorld.war] de la aplicación web
18-Jul-2024 18:59:47.645 INFO [main] org.apache.jasper.servlet.TldScanner.scanJars Al menos un JAR, que se ha explorado buscando TLDs, aún no contenía TLDs. Activar historial de depuración para este historiador para una completa lista de los JARs que fueron explorados y de los que nos se halló TLDs. Saltarse JARs no necesarios durante la exploración puede dar lugar a una mejora de tiempo significativa en el arranque y compilación de JSP .
18-Jul-2024 18:59:47.758 INFO [main] org.apache.catalina.startup.HostConfig.deployWAR Deployment of web application archive [C:\Users\felip\OneDrive\Escritorio\PracticasCurso\Assigment 3 -Servidores\Tomcat_server\apache-tomcat-9.0.89\webapps\HelloWorld.war] has finished in [1.927] ms
18-Jul-2024 18:59:47.761 INFO [main] org.apache.catalina.startup.HostConfig.deployWAR Despliegue del archivo [C:\Users\felip\OneDrive\Escritorio\PracticasCurso\Assigment 3 -Servidores\Tomcat_server\apache-tomcat-9.0.89\webapps\TomcatServer.war] de la aplicación web
18-Jul-2024 18:59:48.990 INFO [main] org.apache.jasper.servlet.TldScanner.scanJars Al menos un JAR, que se ha explorado buscando TLDs, aún no contenía TLDs. Activar historial de depuración para este historiador para una completa lista de los JARs que fueron explorados y de los que nos se halló TLDs. Saltarse JARs no necesarios durante la exploración puede dar lugar a una mejora de tiempo significativa en el arranque y compilación de JSP .
18-Jul-2024 18:59:48.997 INFO [main] org.apache.catalina.startup.HostConfig.deployWAR Deployment of web application archive [C:\Users\felip\OneDrive\Escritorio\PracticasCurso\Assigment 3 -Servidores\Tomcat_server\apache-tomcat-9.0.89\webapps\TomcatServer.war] has finished in [1.236] ms
18-Jul-2024 18:59:48.998 INFO [main] org.apache.catalina.startup.HostConfig.deployDirectory Desplegando el directorio [C:\Users\felip\OneDrive\Escritorio\PracticasCurso\Assigment 3 -Servidores\Tomcat_server\apache-tomcat-9.0.89\webapps\docs] de la aplicación web
18-Jul-2024 18:59:49.840 INFO [main] org.apache.jasper.servlet.TldScanner.scanJars Al menos un JAR, que se ha explorado buscando TLDs, aún no contenía TLDs. Activar historial de depuración para este historiador para una completa lista de los JARs que fueron explorados y de los que nos se halló TLDs. Saltarse JARs no necesarios durante la exploración puede dar lugar a una mejora de tiempo significativa en el arranque y compilación de JSP .
18-Jul-2024 18:59:49.848 INFO [main] org.apache.catalina.startup.HostConfig.deployDirectory Deployment of web application directory [C:\Users\felip\OneDrive\Escritorio\PracticasCurso\Assigment 3 -Servidores\Tomcat_server\apache-tomcat-9.0.89\webapps\docs] has finished in [850] ms
18-Jul-2024 18:59:49.849 INFO [main] org.apache.catalina.startup.HostConfig.deployDirectory Desplegando el directorio [C:\Users\felip\OneDrive\Escritorio\PracticasCurso\Assigment 3 -Servidores\Tomcat_server\apache-tomcat-9.0.89\webapps\examples] de la aplicación web
18-Jul-2024 18:59:51.469 INFO [main] org.apache.jasper.servlet.TldScanner.scanJars Al menos un JAR, que se ha explorado buscando TLDs, aún no contenía TLDs. Activar historial de depuración para este historiador para una completa lista de los JARs que fueron explorados y de los que nos se halló TLDs. Saltarse JARs no necesarios durante la exploración puede dar lugar a una mejora de tiempo significativa en el arranque y compilación de JSP .
18-Jul-2024 18:59:51.633 INFO [main] org.apache.catalina.startup.HostConfig.deployDirectory Deployment of web application directory [C:\Users\felip\OneDrive\Escritorio\PracticasCurso\Assigment 3 -Servidores\Tomcat_server\apache-tomcat-9.0.89\webapps\examples] has finished in [1.784] ms
18-Jul-2024 18:59:51.637 INFO [main] org.apache.catalina.startup.HostConfig.deployDirectory Desplegando el directorio [C:\Users\felip\OneDrive\Escritorio\PracticasCurso\Assigment 3 -Servidores\Tomcat_server\apache-tomcat-9.0.89\webapps\host-manager] de la aplicación web
18-Jul-2024 18:59:52.944 INFO [main] org.apache.jasper.servlet.TldScanner.scanJars Al menos un JAR, que se ha explorado buscando TLDs, aún no contenía TLDs. Activar historial de depuración para este historiador para una completa lista de los JARs que fueron explorados y de los que nos se halló TLDs. Saltarse JARs no necesarios durante la exploración puede dar lugar a una mejora de tiempo significativa en el arranque y compilación de JSP .
18-Jul-2024 18:59:52.959 INFO [main] org.apache.catalina.startup.HostConfig.deployDirectory Deployment of web application directory [C:\Users\felip\OneDrive\Escritorio\PracticasCurso\Assigment 3 -Servidores\Tomcat_server\apache-tomcat-9.0.89\webapps\host-manager] has finished in [1.321] ms
18-Jul-2024 18:59:52.959 INFO [main] org.apache.catalina.startup.HostConfig.deployDirectory Desplegando el directorio [C:\Users\felip\OneDrive\Escritorio\PracticasCurso\Assigment 3 -Servidores\Tomcat_server\apache-tomcat-9.0.89\webapps\manager] de la aplicación web
18-Jul-2024 18:59:53.780 INFO [main] org.apache.jasper.servlet.TldScanner.scanJars Al menos un JAR, que se ha explorado buscando TLDs, aún no contenía TLDs. Activar historial de depuración para este historiador para una completa lista de los JARs que fueron explorados y de los que nos se halló TLDs. Saltarse JARs no necesarios durante la exploración puede dar lugar a una mejora de tiempo significativa en el arranque y compilación de JSP .
18-Jul-2024 18:59:53.790 INFO [main] org.apache.catalina.startup.HostConfig.deployDirectory Deployment of web application directory [C:\Users\felip\OneDrive\Escritorio\PracticasCurso\Assigment 3 -Servidores\Tomcat_server\apache-tomcat-9.0.89\webapps\manager] has finished in [830] ms
18-Jul-2024 18:59:53.791 INFO [main] org.apache.catalina.startup.HostConfig.deployDirectory Desplegando el directorio [C:\Users\felip\OneDrive\Escritorio\PracticasCurso\Assigment 3 -Servidores\Tomcat_server\apache-tomcat-9.0.89\webapps\ROOT] de la aplicación web
18-Jul-2024 18:59:54.514 INFO [main] org.apache.jasper.servlet.TldScanner.scanJars Al menos un JAR, que se ha explorado buscando TLDs, aún no contenía TLDs. Activar historial de depuración para este historiador para una completa lista de los JARs que fueron explorados y de los que nos se halló TLDs. Saltarse JARs no necesarios durante la exploración puede dar lugar a una mejora de tiempo significativa en el arranque y compilación de JSP .
18-Jul-2024 18:59:54.520 INFO [main] org.apache.catalina.startup.HostConfig.deployDirectory Deployment of web application directory [C:\Users\felip\OneDrive\Escritorio\PracticasCurso\Assigment 3 -Servidores\Tomcat_server\apache-tomcat-9.0.89\webapps\ROOT] has finished in [730] ms
18-Jul-2024 18:59:54.520 INFO [main] org.apache.catalina.startup.Catalina.start Server startup in [8842] milliseconds
18-Jul-2024 18:59:54.540 SEVERE [main] org.apache.catalina.core.StandardServer.await Failed to create server shutdown socket on address [localhost] and port [8005] (base port [8005] and offset [0])
	java.net.BindException: Address already in use: bind
		at java.base/sun.nio.ch.Net.bind0(Native Method)
		at java.base/sun.nio.ch.Net.bind(Net.java:555)
		at java.base/sun.nio.ch.Net.bind(Net.java:544)
		at java.base/sun.nio.ch.NioSocketImpl.bind(NioSocketImpl.java:648)
		at java.base/java.net.ServerSocket.bind(ServerSocket.java:388)
		at java.base/java.net.ServerSocket.<init>(ServerSocket.java:274)
		at org.apache.catalina.core.StandardServer.await(StandardServer.java:541)
		at org.apache.catalina.startup.Catalina.await(Catalina.java:825)
		at org.apache.catalina.startup.Catalina.start(Catalina.java:773)
		at java.base/jdk.internal.reflect.NativeMethodAccessorImpl.invoke0(Native Method)
		at java.base/jdk.internal.reflect.NativeMethodAccessorImpl.invoke(NativeMethodAccessorImpl.java:77)
		at java.base/jdk.internal.reflect.DelegatingMethodAccessorImpl.invoke(DelegatingMethodAccessorImpl.java:43)
		at java.base/java.lang.reflect.Method.invoke(Method.java:568)
		at org.apache.catalina.startup.Bootstrap.start(Bootstrap.java:345)
		at org.apache.catalina.startup.Bootstrap.main(Bootstrap.java:473)
18-Jul-2024 18:59:54.540 INFO [main] org.apache.coyote.AbstractProtocol.pause Pausing ProtocolHandler ["http-nio-8080"]
18-Jul-2024 18:59:54.540 INFO [main] org.apache.coyote.AbstractProtocol.pause Pausing ProtocolHandler ["https-openssl-nio-8443"]
18-Jul-2024 18:59:54.540 INFO [main] org.apache.catalina.core.StandardService.stopInternal Parando servicio [Catalina]
18-Jul-2024 18:59:54.613 INFO [main] org.apache.coyote.AbstractProtocol.stop Stopping ProtocolHandler ["http-nio-8080"]
18-Jul-2024 18:59:54.618 INFO [main] org.apache.coyote.AbstractProtocol.destroy Destroying ProtocolHandler ["http-nio-8080"]
18-Jul-2024 18:59:54.621 INFO [main] org.apache.coyote.AbstractProtocol.stop Stopping ProtocolHandler ["https-openssl-nio-8443"]
18-Jul-2024 18:59:54.621 INFO [main] org.apache.coyote.AbstractProtocol.destroy Destroying ProtocolHandler ["https-openssl-nio-8443"]
18-Jul-2024 19:07:39.125 INFO [Catalina-utility-1] org.apache.catalina.startup.HostConfig.undeploy Repliegue (undeploy) de la aplicación web que tiene como trayectoria de contexto [/TomcatServer]
18-Jul-2024 19:07:59.266 INFO [Catalina-utility-2] org.apache.catalina.startup.HostConfig.deployWAR Despliegue del archivo [C:\Users\felip\OneDrive\Escritorio\PracticasCurso\Assigment 3 -Servidores\Tomcat_server\apache-tomcat-9.0.89\webapps\TomcatServer.war] de la aplicación web
18-Jul-2024 19:08:00.204 INFO [Catalina-utility-2] org.apache.jasper.servlet.TldScanner.scanJars Al menos un JAR, que se ha explorado buscando TLDs, aún no contenía TLDs. Activar historial de depuración para este historiador para una completa lista de los JARs que fueron explorados y de los que nos se halló TLDs. Saltarse JARs no necesarios durante la exploración puede dar lugar a una mejora de tiempo significativa en el arranque y compilación de JSP .
18-Jul-2024 19:08:00.211 INFO [Catalina-utility-2] org.apache.catalina.startup.HostConfig.deployWAR Deployment of web application archive [C:\Users\felip\OneDrive\Escritorio\PracticasCurso\Assigment 3 -Servidores\Tomcat_server\apache-tomcat-9.0.89\webapps\TomcatServer.war] has finished in [945] ms
18-Jul-2024 19:15:45.836 WARNING [main] org.apache.tomcat.util.digester.SetPropertiesRule.begin Match [Server/Service/Connector] failed to set property [maxSpareThreads] to [75]
18-Jul-2024 19:15:45.843 WARNING [main] org.apache.tomcat.util.digester.SetPropertiesRule.begin Match [Server/Service/Connector] failed to set property [compressableMimeType] to [text/html,text/xml,text/plain,text/css,text/javascript,application/javascript,application/json]
18-Jul-2024 19:15:45.915 INFO [main] org.apache.catalina.startup.VersionLoggerListener.log Nombre de la versión del servidor: Apache Tomcat/9.0.89
18-Jul-2024 19:15:45.925 INFO [main] org.apache.catalina.startup.VersionLoggerListener.log Server built:                      May 3 2024 20:22:11 UTC
18-Jul-2024 19:15:45.925 INFO [main] org.apache.catalina.startup.VersionLoggerListener.log Número de versión de servidor:     9.0.89.0
18-Jul-2024 19:15:45.925 INFO [main] org.apache.catalina.startup.VersionLoggerListener.log OS Name:                           Windows 10
18-Jul-2024 19:15:45.926 INFO [main] org.apache.catalina.startup.VersionLoggerListener.log Versión de Systema Operativo:      10.0
18-Jul-2024 19:15:45.926 INFO [main] org.apache.catalina.startup.VersionLoggerListener.log Arquitectura:                      amd64
18-Jul-2024 19:15:45.926 INFO [main] org.apache.catalina.startup.VersionLoggerListener.log Java Home:                         C:\Program Files\Java\jdk-17
18-Jul-2024 19:15:45.927 INFO [main] org.apache.catalina.startup.VersionLoggerListener.log JVM Version:                       17.0.10+11-LTS-240
18-Jul-2024 19:15:45.927 INFO [main] org.apache.catalina.startup.VersionLoggerListener.log Vededor JVM:                       Oracle Corporation
18-Jul-2024 19:15:45.927 INFO [main] org.apache.catalina.startup.VersionLoggerListener.log CATALINA_BASE:                     C:\Users\felip\OneDrive\Escritorio\PracticasCurso\Assigment 3 -Servidores\Tomcat_server\apache-tomcat-9.0.89
18-Jul-2024 19:15:45.928 INFO [main] org.apache.catalina.startup.VersionLoggerListener.log CATALINA_HOME:                     C:\Users\felip\OneDrive\Escritorio\PracticasCurso\Assigment 3 -Servidores\Tomcat_server\apache-tomcat-9.0.89
18-Jul-2024 19:15:45.929 INFO [main] org.apache.catalina.startup.VersionLoggerListener.log Command line argument:             --add-opens=java.base/java.lang=ALL-UNNAMED
18-Jul-2024 19:15:45.930 INFO [main] org.apache.catalina.startup.VersionLoggerListener.log Command line argument:             --add-opens=java.base/java.io=ALL-UNNAMED
18-Jul-2024 19:15:45.931 INFO [main] org.apache.catalina.startup.VersionLoggerListener.log Command line argument:             --add-opens=java.base/java.util=ALL-UNNAMED
18-Jul-2024 19:15:45.932 INFO [main] org.apache.catalina.startup.VersionLoggerListener.log Command line argument:             --add-opens=java.base/java.util.concurrent=ALL-UNNAMED
18-Jul-2024 19:15:45.933 INFO [main] org.apache.catalina.startup.VersionLoggerListener.log Command line argument:             --add-opens=java.rmi/sun.rmi.transport=ALL-UNNAMED
18-Jul-2024 19:15:45.936 INFO [main] org.apache.catalina.startup.VersionLoggerListener.log Command line argument:             -Djava.util.logging.config.file=C:\Users\felip\OneDrive\Escritorio\PracticasCurso\Assigment 3 -Servidores\Tomcat_server\apache-tomcat-9.0.89\conf\logging.properties
18-Jul-2024 19:15:45.936 INFO [main] org.apache.catalina.startup.VersionLoggerListener.log Command line argument:             -Djava.util.logging.manager=org.apache.juli.ClassLoaderLogManager
18-Jul-2024 19:15:45.937 INFO [main] org.apache.catalina.startup.VersionLoggerListener.log Command line argument:             -Djdk.tls.ephemeralDHKeySize=2048
18-Jul-2024 19:15:45.938 INFO [main] org.apache.catalina.startup.VersionLoggerListener.log Command line argument:             -Djava.protocol.handler.pkgs=org.apache.catalina.webresources
18-Jul-2024 19:15:45.939 INFO [main] org.apache.catalina.startup.VersionLoggerListener.log Command line argument:             -Dignore.endorsed.dirs=
18-Jul-2024 19:15:45.946 INFO [main] org.apache.catalina.startup.VersionLoggerListener.log Command line argument:             -Dcatalina.base=C:\Users\felip\OneDrive\Escritorio\PracticasCurso\Assigment 3 -Servidores\Tomcat_server\apache-tomcat-9.0.89
18-Jul-2024 19:15:45.947 INFO [main] org.apache.catalina.startup.VersionLoggerListener.log Command line argument:             -Dcatalina.home=C:\Users\felip\OneDrive\Escritorio\PracticasCurso\Assigment 3 -Servidores\Tomcat_server\apache-tomcat-9.0.89
18-Jul-2024 19:15:45.949 INFO [main] org.apache.catalina.startup.VersionLoggerListener.log Command line argument:             -Djava.io.tmpdir=C:\Users\felip\OneDrive\Escritorio\PracticasCurso\Assigment 3 -Servidores\Tomcat_server\apache-tomcat-9.0.89\temp
18-Jul-2024 19:15:45.961 INFO [main] org.apache.catalina.core.AprLifecycleListener.lifecycleEvent Cargada la biblioteca nativa APR de Apache Tomcat [1.3.0] con la versión APR [1.7.4].
18-Jul-2024 19:15:45.961 INFO [main] org.apache.catalina.core.AprLifecycleListener.lifecycleEvent Capacidades APR: IPv6 [true], enviar fichero [true], aceptar filtros [false], aleatorio [true], UDS [true].
18-Jul-2024 19:15:45.962 INFO [main] org.apache.catalina.core.AprLifecycleListener.lifecycleEvent APR/OpenSSL configuration: useAprConnector [false], useOpenSSL [true]
18-Jul-2024 19:15:45.981 INFO [main] org.apache.catalina.core.AprLifecycleListener.initializeSSL OpenSSL inicializado correctamente [OpenSSL 3.0.13 30 Jan 2024]
18-Jul-2024 19:15:46.404 INFO [main] org.apache.coyote.AbstractProtocol.init Inicializando el manejador de protocolo ["http-nio-8080"]

18-Jul-2024 19:15:46.458 INFO [main] org.apache.coyote.AbstractProtocol.init Inicializando el manejador de protocolo ["https-openssl-nio-8443"]

18-Jul-2024 19:15:46.862 INFO [main] org.apache.tomcat.util.net.AbstractEndpoint.logCertificate Connector [https-openssl-nio-8443], TLS virtual host [_default_], certificate type [RSA] configured from keystore [./keystore.jks] using alias [tomcat] with trust store [null]
18-Jul-2024 19:15:46.869 INFO [main] org.apache.catalina.startup.Catalina.load Server initialization in [1261] milliseconds
18-Jul-2024 19:15:47.032 INFO [main] org.apache.catalina.core.StandardService.startInternal Arrancando servicio [Catalina]
18-Jul-2024 19:15:47.039 INFO [main] org.apache.catalina.core.StandardEngine.startInternal Starting Servlet engine: [Apache Tomcat/9.0.89]
18-Jul-2024 19:15:47.092 INFO [main] org.apache.catalina.startup.HostConfig.deployWAR Despliegue del archivo [C:\Users\felip\OneDrive\Escritorio\PracticasCurso\Assigment 3 -Servidores\Tomcat_server\apache-tomcat-9.0.89\webapps\HelloWorld.war] de la aplicación web
18-Jul-2024 19:15:49.077 INFO [main] org.apache.jasper.servlet.TldScanner.scanJars Al menos un JAR, que se ha explorado buscando TLDs, aún no contenía TLDs. Activar historial de depuración para este historiador para una completa lista de los JARs que fueron explorados y de los que nos se halló TLDs. Saltarse JARs no necesarios durante la exploración puede dar lugar a una mejora de tiempo significativa en el arranque y compilación de JSP .
18-Jul-2024 19:15:49.228 INFO [main] org.apache.catalina.startup.HostConfig.deployWAR Deployment of web application archive [C:\Users\felip\OneDrive\Escritorio\PracticasCurso\Assigment 3 -Servidores\Tomcat_server\apache-tomcat-9.0.89\webapps\HelloWorld.war] has finished in [2.135] ms
18-Jul-2024 19:15:49.231 INFO [main] org.apache.catalina.startup.HostConfig.deployWAR Despliegue del archivo [C:\Users\felip\OneDrive\Escritorio\PracticasCurso\Assigment 3 -Servidores\Tomcat_server\apache-tomcat-9.0.89\webapps\TomcatServer.war] de la aplicación web
18-Jul-2024 19:15:49.244 INFO [main] org.apache.catalina.startup.ExpandWar.expand An expanded directory [C:\Users\felip\OneDrive\Escritorio\PracticasCurso\Assigment 3 -Servidores\Tomcat_server\apache-tomcat-9.0.89\webapps\TomcatServer] was found with a last modified time that did not match the associated WAR. It will be deleted.
18-Jul-2024 19:15:50.718 INFO [main] org.apache.jasper.servlet.TldScanner.scanJars Al menos un JAR, que se ha explorado buscando TLDs, aún no contenía TLDs. Activar historial de depuración para este historiador para una completa lista de los JARs que fueron explorados y de los que nos se halló TLDs. Saltarse JARs no necesarios durante la exploración puede dar lugar a una mejora de tiempo significativa en el arranque y compilación de JSP .
18-Jul-2024 19:15:50.731 INFO [main] org.apache.catalina.startup.HostConfig.deployWAR Deployment of web application archive [C:\Users\felip\OneDrive\Escritorio\PracticasCurso\Assigment 3 -Servidores\Tomcat_server\apache-tomcat-9.0.89\webapps\TomcatServer.war] has finished in [1.500] ms
18-Jul-2024 19:15:50.736 INFO [main] org.apache.catalina.startup.HostConfig.deployDirectory Desplegando el directorio [C:\Users\felip\OneDrive\Escritorio\PracticasCurso\Assigment 3 -Servidores\Tomcat_server\apache-tomcat-9.0.89\webapps\docs] de la aplicación web
18-Jul-2024 19:15:51.757 INFO [main] org.apache.jasper.servlet.TldScanner.scanJars Al menos un JAR, que se ha explorado buscando TLDs, aún no contenía TLDs. Activar historial de depuración para este historiador para una completa lista de los JARs que fueron explorados y de los que nos se halló TLDs. Saltarse JARs no necesarios durante la exploración puede dar lugar a una mejora de tiempo significativa en el arranque y compilación de JSP .
18-Jul-2024 19:15:51.772 INFO [main] org.apache.catalina.startup.HostConfig.deployDirectory Deployment of web application directory [C:\Users\felip\OneDrive\Escritorio\PracticasCurso\Assigment 3 -Servidores\Tomcat_server\apache-tomcat-9.0.89\webapps\docs] has finished in [1.036] ms
18-Jul-2024 19:15:51.773 INFO [main] org.apache.catalina.startup.HostConfig.deployDirectory Desplegando el directorio [C:\Users\felip\OneDrive\Escritorio\PracticasCurso\Assigment 3 -Servidores\Tomcat_server\apache-tomcat-9.0.89\webapps\examples] de la aplicación web
18-Jul-2024 19:15:53.317 INFO [main] org.apache.jasper.servlet.TldScanner.scanJars Al menos un JAR, que se ha explorado buscando TLDs, aún no contenía TLDs. Activar historial de depuración para este historiador para una completa lista de los JARs que fueron explorados y de los que nos se halló TLDs. Saltarse JARs no necesarios durante la exploración puede dar lugar a una mejora de tiempo significativa en el arranque y compilación de JSP .
18-Jul-2024 19:15:53.502 INFO [main] org.apache.catalina.startup.HostConfig.deployDirectory Deployment of web application directory [C:\Users\felip\OneDrive\Escritorio\PracticasCurso\Assigment 3 -Servidores\Tomcat_server\apache-tomcat-9.0.89\webapps\examples] has finished in [1.729] ms
18-Jul-2024 19:15:53.504 INFO [main] org.apache.catalina.startup.HostConfig.deployDirectory Desplegando el directorio [C:\Users\felip\OneDrive\Escritorio\PracticasCurso\Assigment 3 -Servidores\Tomcat_server\apache-tomcat-9.0.89\webapps\host-manager] de la aplicación web
18-Jul-2024 19:15:54.482 INFO [main] org.apache.jasper.servlet.TldScanner.scanJars Al menos un JAR, que se ha explorado buscando TLDs, aún no contenía TLDs. Activar historial de depuración para este historiador para una completa lista de los JARs que fueron explorados y de los que nos se halló TLDs. Saltarse JARs no necesarios durante la exploración puede dar lugar a una mejora de tiempo significativa en el arranque y compilación de JSP .
18-Jul-2024 19:15:54.494 INFO [main] org.apache.catalina.startup.HostConfig.deployDirectory Deployment of web application directory [C:\Users\felip\OneDrive\Escritorio\PracticasCurso\Assigment 3 -Servidores\Tomcat_server\apache-tomcat-9.0.89\webapps\host-manager] has finished in [990] ms
18-Jul-2024 19:15:54.495 INFO [main] org.apache.catalina.startup.HostConfig.deployDirectory Desplegando el directorio [C:\Users\felip\OneDrive\Escritorio\PracticasCurso\Assigment 3 -Servidores\Tomcat_server\apache-tomcat-9.0.89\webapps\manager] de la aplicación web
18-Jul-2024 19:15:55.356 INFO [main] org.apache.jasper.servlet.TldScanner.scanJars Al menos un JAR, que se ha explorado buscando TLDs, aún no contenía TLDs. Activar historial de depuración para este historiador para una completa lista de los JARs que fueron explorados y de los que nos se halló TLDs. Saltarse JARs no necesarios durante la exploración puede dar lugar a una mejora de tiempo significativa en el arranque y compilación de JSP .
18-Jul-2024 19:15:55.361 INFO [main] org.apache.catalina.startup.HostConfig.deployDirectory Deployment of web application directory [C:\Users\felip\OneDrive\Escritorio\PracticasCurso\Assigment 3 -Servidores\Tomcat_server\apache-tomcat-9.0.89\webapps\manager] has finished in [866] ms
18-Jul-2024 19:15:55.361 INFO [main] org.apache.catalina.startup.HostConfig.deployDirectory Desplegando el directorio [C:\Users\felip\OneDrive\Escritorio\PracticasCurso\Assigment 3 -Servidores\Tomcat_server\apache-tomcat-9.0.89\webapps\ROOT] de la aplicación web
18-Jul-2024 19:15:56.041 INFO [main] org.apache.jasper.servlet.TldScanner.scanJars Al menos un JAR, que se ha explorado buscando TLDs, aún no contenía TLDs. Activar historial de depuración para este historiador para una completa lista de los JARs que fueron explorados y de los que nos se halló TLDs. Saltarse JARs no necesarios durante la exploración puede dar lugar a una mejora de tiempo significativa en el arranque y compilación de JSP .
18-Jul-2024 19:15:56.052 INFO [main] org.apache.catalina.startup.HostConfig.deployDirectory Deployment of web application directory [C:\Users\felip\OneDrive\Escritorio\PracticasCurso\Assigment 3 -Servidores\Tomcat_server\apache-tomcat-9.0.89\webapps\ROOT] has finished in [691] ms
18-Jul-2024 19:15:56.063 INFO [main] org.apache.coyote.AbstractProtocol.start Starting ProtocolHandler ["http-nio-8080"]
18-Jul-2024 19:15:56.110 INFO [main] org.apache.coyote.AbstractProtocol.start Starting ProtocolHandler ["https-openssl-nio-8443"]
18-Jul-2024 19:15:56.128 INFO [main] org.apache.catalina.startup.Catalina.start Server startup in [9258] milliseconds
